[0.112s] Invoking command in '/home/nic/dev/ATTACKS-SW/ros_ws/build/uas_lib': AMENT_PREFIX_PATH=/home/nic/dev/ATTACKS-SW/ros_ws/install/computer_vision:/home/nic/dev/ATTACKS-SW/ros_ws/install/px4_msgs:${AMENT_PREFIX_PATH} CMAKE_PREFIX_PATH=/home/nic/dev/ATTACKS-SW/ros_ws/install/computer_vision:/home/nic/dev/ATTACKS-SW/ros_ws/install/px4_msgs:/opt/ros/humble LD_LIBRARY_PATH=/home/nic/dev/ATTACKS-SW/ros_ws/install/computer_vision/lib:/home/nic/dev/ATTACKS-SW/ros_ws/install/px4_msgs/lib:/home/nic/.linuxbrew/lib:/usr/lib/x86_64-linux-gnu/gazebo-11/plugins:/opt/ros/humble/opt/rviz_ogre_vendor/lib:/opt/ros/humble/lib/x86_64-linux-gnu:/opt/ros/humble/lib:/usr/lib/x86_64-linux-gnu/gazebo-11/plugins PYTHONPATH=/home/nic/dev/ATTACKS-SW/ros_ws/install/px4_msgs/local/lib/python3.10/dist-packages:${PYTHONPATH} /usr/bin/cmake /home/nic/dev/ATTACKS-SW/ros_ws/src/uas_lib -DCMAKE_INSTALL_PREFIX=/home/nic/dev/ATTACKS-SW/ros_ws/install/uas_lib
[0.196s] -- The C compiler identification is GNU 11.4.0
[0.449s] -- The CXX compiler identification is GNU 11.4.0
[0.630s] -- Detecting C compiler ABI info
[0.732s] -- Detecting C compiler ABI info - done
[0.737s] -- Check for working C compiler: /usr/bin/cc - skipped
[0.737s] -- Detecting C compile features
[0.737s] -- Detecting C compile features - done
[0.739s] -- Detecting CXX compiler ABI info
[0.845s] -- Detecting CXX compiler ABI info - done
[0.850s] -- Check for working CXX compiler: /usr/bin/c++ - skipped
[0.850s] -- Detecting CXX compile features
[0.850s] -- Detecting CXX compile features - done
[0.853s] -- Found ament_cmake: 1.3.6 (/opt/ros/humble/share/ament_cmake/cmake)
[1.187s] -- Found Python3: /usr/bin/python3.10 (found version "3.10.12") found components: Interpreter 
[1.255s] -- Found builtin_interfaces: 1.2.1 (/opt/ros/humble/share/builtin_interfaces/cmake)
[1.356s] -- Found rosidl_generator_c: 3.1.5 (/opt/ros/humble/share/rosidl_generator_c/cmake)
[1.360s] -- Found rosidl_adapter: 3.1.5 (/opt/ros/humble/share/rosidl_adapter/cmake)
[1.369s] -- Found rosidl_generator_cpp: 3.1.5 (/opt/ros/humble/share/rosidl_generator_cpp/cmake)
[1.385s] -- Using all available rosidl_typesupport_c: rosidl_typesupport_fastrtps_c;rosidl_typesupport_introspection_c
[1.404s] -- Using all available rosidl_typesupport_cpp: rosidl_typesupport_fastrtps_cpp;rosidl_typesupport_introspection_cpp
[1.418s] -- Found eigen3_cmake_module: 0.1.1 (/opt/ros/humble/share/eigen3_cmake_module/cmake)
[1.420s] -- Found Eigen3: TRUE (found version "3.4.0") 
[1.421s] -- Found geometry_msgs: 4.2.3 (/opt/ros/humble/share/geometry_msgs/cmake)
[1.523s] -- Found px4_msgs: 2.0.1 (/home/nic/dev/ATTACKS-SW/ros_ws/install/px4_msgs/share/px4_msgs/cmake)
[1.552s] -- Found rclcpp: 16.0.7 (/opt/ros/humble/share/rclcpp/cmake)
[1.596s] -- Found rmw_implementation_cmake: 6.1.1 (/opt/ros/humble/share/rmw_implementation_cmake/cmake)
[1.598s] -- Found rmw_fastrtps_cpp: 6.2.5 (/opt/ros/humble/share/rmw_fastrtps_cpp/cmake)
[2.363s] -- Found OpenSSL: /usr/lib/x86_64-linux-gnu/libcrypto.so (found version "3.0.2")  
[3.171s] -- Found FastRTPS: /opt/ros/humble/include  
[4.690s] -- Using RMW implementation 'rmw_fastrtps_cpp' as default
[4.696s] -- Looking for pthread.h
[4.769s] -- Looking for pthread.h - found
[4.769s] -- Performing Test CMAKE_HAVE_LIBC_PTHREAD
[4.850s] -- Performing Test CMAKE_HAVE_LIBC_PTHREAD - Success
[4.851s] -- Found Threads: TRUE  
[4.939s] -- Found sensor_msgs: 4.2.3 (/opt/ros/humble/share/sensor_msgs/cmake)
[4.997s] -- Found cv_bridge: 3.2.1 (/opt/ros/humble/share/cv_bridge/cmake)
[5.009s] -- Found OpenCV: /usr (found version "4.5.4") 
[5.010s] -- Found image_transport: 3.1.7 (/opt/ros/humble/share/image_transport/cmake)
[5.705s] -- Found computer_vision: 0.1.0 (/home/nic/dev/ATTACKS-SW/ros_ws/install/computer_vision/share/computer_vision/cmake)
[5.859s] -- Found ament_lint_auto: 0.12.9 (/opt/ros/humble/share/ament_lint_auto/cmake)
[5.924s] -- Added test 'copyright' to check source files copyright and LICENSE
[5.925s] -- Added test 'cppcheck' to perform static code analysis on C / C++ code
[5.925s] -- Configured cppcheck include dirs: /home/nic/dev/ATTACKS-SW/ros_ws/src/uas_lib/include
[5.925s] -- Configured cppcheck exclude dirs and/or files: 
[5.926s] -- Added test 'cpplint' to check C / C++ code against the Google style
[5.926s] -- Configured cpplint exclude dirs and/or files: 
[5.926s] -- Added test 'lint_cmake' to check CMake code style
[5.927s] -- Added test 'uncrustify' to check C / C++ code style
[5.927s] -- Configured uncrustify additional arguments: 
[5.928s] -- Added test 'xmllint' to check XML markup files
[5.929s] -- Configuring done
[5.939s] -- Generating done
[5.940s] -- Build files have been written to: /home/nic/dev/ATTACKS-SW/ros_ws/build/uas_lib
[5.949s] Invoked command in '/home/nic/dev/ATTACKS-SW/ros_ws/build/uas_lib' returned '0': AMENT_PREFIX_PATH=/home/nic/dev/ATTACKS-SW/ros_ws/install/computer_vision:/home/nic/dev/ATTACKS-SW/ros_ws/install/px4_msgs:${AMENT_PREFIX_PATH} CMAKE_PREFIX_PATH=/home/nic/dev/ATTACKS-SW/ros_ws/install/computer_vision:/home/nic/dev/ATTACKS-SW/ros_ws/install/px4_msgs:/opt/ros/humble LD_LIBRARY_PATH=/home/nic/dev/ATTACKS-SW/ros_ws/install/computer_vision/lib:/home/nic/dev/ATTACKS-SW/ros_ws/install/px4_msgs/lib:/home/nic/.linuxbrew/lib:/usr/lib/x86_64-linux-gnu/gazebo-11/plugins:/opt/ros/humble/opt/rviz_ogre_vendor/lib:/opt/ros/humble/lib/x86_64-linux-gnu:/opt/ros/humble/lib:/usr/lib/x86_64-linux-gnu/gazebo-11/plugins PYTHONPATH=/home/nic/dev/ATTACKS-SW/ros_ws/install/px4_msgs/local/lib/python3.10/dist-packages:${PYTHONPATH} /usr/bin/cmake /home/nic/dev/ATTACKS-SW/ros_ws/src/uas_lib -DCMAKE_INSTALL_PREFIX=/home/nic/dev/ATTACKS-SW/ros_ws/install/uas_lib
[5.950s] Invoking command in '/home/nic/dev/ATTACKS-SW/ros_ws/build/uas_lib': AMENT_PREFIX_PATH=/home/nic/dev/ATTACKS-SW/ros_ws/install/computer_vision:/home/nic/dev/ATTACKS-SW/ros_ws/install/px4_msgs:${AMENT_PREFIX_PATH} CMAKE_PREFIX_PATH=/home/nic/dev/ATTACKS-SW/ros_ws/install/computer_vision:/home/nic/dev/ATTACKS-SW/ros_ws/install/px4_msgs:/opt/ros/humble LD_LIBRARY_PATH=/home/nic/dev/ATTACKS-SW/ros_ws/install/computer_vision/lib:/home/nic/dev/ATTACKS-SW/ros_ws/install/px4_msgs/lib:/home/nic/.linuxbrew/lib:/usr/lib/x86_64-linux-gnu/gazebo-11/plugins:/opt/ros/humble/opt/rviz_ogre_vendor/lib:/opt/ros/humble/lib/x86_64-linux-gnu:/opt/ros/humble/lib:/usr/lib/x86_64-linux-gnu/gazebo-11/plugins PYTHONPATH=/home/nic/dev/ATTACKS-SW/ros_ws/install/px4_msgs/local/lib/python3.10/dist-packages:${PYTHONPATH} /usr/bin/cmake --build /home/nic/dev/ATTACKS-SW/ros_ws/build/uas_lib -- -j32 -l32
[5.980s] [ 80%] [32mBuilding CXX object CMakeFiles/uas_lib.dir/src/uas_mission.cpp.o[0m
[5.980s] [ 80%] [32mBuilding CXX object CMakeFiles/uas_lib.dir/src/UASExplorationPhase.cpp.o[0m
[5.980s] [ 80%] [32mBuilding CXX object CMakeFiles/uas_lib.dir/src/UASTrailingPhase.cpp.o[0m
[5.980s] [ 80%] [32mBuilding CXX object CMakeFiles/uas_lib.dir/src/UASPhase.cpp.o[0m
[8.379s] [01m[K/home/nic/dev/ATTACKS-SW/ros_ws/src/uas_lib/src/UASExplorationPhase.cpp:[m[K In member function ‘[01m[Kvirtual UASState UASExplorationPhase::generateDesiredState(CVImg, UASState)[m[K’:
[8.379s] [01m[K/home/nic/dev/ATTACKS-SW/ros_ws/src/uas_lib/src/UASExplorationPhase.cpp:10:58:[m[K [01;35m[Kwarning: [m[Kunused parameter ‘[01m[KcvImg[m[K’ [[01;35m[K]8;;https://gcc.gnu.org/onlinedocs/gcc/Warning-Options.html#index-Wunused-parameter-Wunused-parameter]8;;[m[K]
[8.379s]    10 | UASState UASExplorationPhase::generateDesiredState([01;35m[KCVImg cvImg[m[K, UASState uasState)
[8.379s]       |                                                    [01;35m[K~~~~~~^~~~~[m[K
[10.148s] [100%] [32m[1mLinking CXX static library libuas_lib.a[0m
[10.174s] [100%] Built target uas_lib
[10.182s] Invoked command in '/home/nic/dev/ATTACKS-SW/ros_ws/build/uas_lib' returned '0': AMENT_PREFIX_PATH=/home/nic/dev/ATTACKS-SW/ros_ws/install/computer_vision:/home/nic/dev/ATTACKS-SW/ros_ws/install/px4_msgs:${AMENT_PREFIX_PATH} CMAKE_PREFIX_PATH=/home/nic/dev/ATTACKS-SW/ros_ws/install/computer_vision:/home/nic/dev/ATTACKS-SW/ros_ws/install/px4_msgs:/opt/ros/humble LD_LIBRARY_PATH=/home/nic/dev/ATTACKS-SW/ros_ws/install/computer_vision/lib:/home/nic/dev/ATTACKS-SW/ros_ws/install/px4_msgs/lib:/home/nic/.linuxbrew/lib:/usr/lib/x86_64-linux-gnu/gazebo-11/plugins:/opt/ros/humble/opt/rviz_ogre_vendor/lib:/opt/ros/humble/lib/x86_64-linux-gnu:/opt/ros/humble/lib:/usr/lib/x86_64-linux-gnu/gazebo-11/plugins PYTHONPATH=/home/nic/dev/ATTACKS-SW/ros_ws/install/px4_msgs/local/lib/python3.10/dist-packages:${PYTHONPATH} /usr/bin/cmake --build /home/nic/dev/ATTACKS-SW/ros_ws/build/uas_lib -- -j32 -l32
[10.203s] Invoking command in '/home/nic/dev/ATTACKS-SW/ros_ws/build/uas_lib': AMENT_PREFIX_PATH=/home/nic/dev/ATTACKS-SW/ros_ws/install/computer_vision:/home/nic/dev/ATTACKS-SW/ros_ws/install/px4_msgs:${AMENT_PREFIX_PATH} CMAKE_PREFIX_PATH=/home/nic/dev/ATTACKS-SW/ros_ws/install/computer_vision:/home/nic/dev/ATTACKS-SW/ros_ws/install/px4_msgs:/opt/ros/humble LD_LIBRARY_PATH=/home/nic/dev/ATTACKS-SW/ros_ws/install/computer_vision/lib:/home/nic/dev/ATTACKS-SW/ros_ws/install/px4_msgs/lib:/home/nic/.linuxbrew/lib:/usr/lib/x86_64-linux-gnu/gazebo-11/plugins:/opt/ros/humble/opt/rviz_ogre_vendor/lib:/opt/ros/humble/lib/x86_64-linux-gnu:/opt/ros/humble/lib:/usr/lib/x86_64-linux-gnu/gazebo-11/plugins PYTHONPATH=/home/nic/dev/ATTACKS-SW/ros_ws/install/px4_msgs/local/lib/python3.10/dist-packages:${PYTHONPATH} /usr/bin/cmake --install /home/nic/dev/ATTACKS-SW/ros_ws/build/uas_lib
[10.207s] -- Install configuration: ""
[10.207s] -- Installing: /home/nic/dev/ATTACKS-SW/ros_ws/install/uas_lib/include/uas_lib
[10.207s] -- Installing: /home/nic/dev/ATTACKS-SW/ros_ws/install/uas_lib/include/uas_lib/UASPhase.h
[10.207s] -- Installing: /home/nic/dev/ATTACKS-SW/ros_ws/install/uas_lib/include/uas_lib/frame_transforms.h
[10.208s] -- Installing: /home/nic/dev/ATTACKS-SW/ros_ws/install/uas_lib/include/uas_lib/UASState.h
[10.208s] -- Installing: /home/nic/dev/ATTACKS-SW/ros_ws/install/uas_lib/include/uas_lib/UASTrailingPhase.h
[10.208s] -- Installing: /home/nic/dev/ATTACKS-SW/ros_ws/install/uas_lib/include/uas_lib/UASExplorationPhase.h
[10.208s] -- Installing: /home/nic/dev/ATTACKS-SW/ros_ws/install/uas_lib/include/uas_lib/uas_mission.h
[10.208s] -- Installing: /home/nic/dev/ATTACKS-SW/ros_ws/install/uas_lib/lib/libuas_lib.a
[10.209s] -- Installing: /home/nic/dev/ATTACKS-SW/ros_ws/install/uas_lib/share/uas_lib/environment/library_path.sh
[10.209s] -- Installing: /home/nic/dev/ATTACKS-SW/ros_ws/install/uas_lib/share/uas_lib/environment/library_path.dsv
[10.210s] -- Installing: /home/nic/dev/ATTACKS-SW/ros_ws/install/uas_lib/share/ament_index/resource_index/package_run_dependencies/uas_lib
[10.210s] -- Installing: /home/nic/dev/ATTACKS-SW/ros_ws/install/uas_lib/share/ament_index/resource_index/parent_prefix_path/uas_lib
[10.210s] -- Installing: /home/nic/dev/ATTACKS-SW/ros_ws/install/uas_lib/share/uas_lib/environment/ament_prefix_path.sh
[10.210s] -- Installing: /home/nic/dev/ATTACKS-SW/ros_ws/install/uas_lib/share/uas_lib/environment/ament_prefix_path.dsv
[10.210s] -- Installing: /home/nic/dev/ATTACKS-SW/ros_ws/install/uas_lib/share/uas_lib/environment/path.sh
[10.210s] -- Installing: /home/nic/dev/ATTACKS-SW/ros_ws/install/uas_lib/share/uas_lib/environment/path.dsv
[10.210s] -- Installing: /home/nic/dev/ATTACKS-SW/ros_ws/install/uas_lib/share/uas_lib/local_setup.bash
[10.210s] -- Installing: /home/nic/dev/ATTACKS-SW/ros_ws/install/uas_lib/share/uas_lib/local_setup.sh
[10.210s] -- Installing: /home/nic/dev/ATTACKS-SW/ros_ws/install/uas_lib/share/uas_lib/local_setup.zsh
[10.210s] -- Installing: /home/nic/dev/ATTACKS-SW/ros_ws/install/uas_lib/share/uas_lib/local_setup.dsv
[10.210s] -- Installing: /home/nic/dev/ATTACKS-SW/ros_ws/install/uas_lib/share/uas_lib/package.dsv
[10.211s] -- Installing: /home/nic/dev/ATTACKS-SW/ros_ws/install/uas_lib/share/ament_index/resource_index/packages/uas_lib
[10.211s] -- Installing: /home/nic/dev/ATTACKS-SW/ros_ws/install/uas_lib/share/uas_lib/cmake/ament_cmake_export_dependencies-extras.cmake
[10.211s] -- Installing: /home/nic/dev/ATTACKS-SW/ros_ws/install/uas_lib/share/uas_lib/cmake/ament_cmake_export_include_directories-extras.cmake
[10.211s] -- Installing: /home/nic/dev/ATTACKS-SW/ros_ws/install/uas_lib/share/uas_lib/cmake/ament_cmake_export_libraries-extras.cmake
[10.211s] -- Installing: /home/nic/dev/ATTACKS-SW/ros_ws/install/uas_lib/share/uas_lib/cmake/uas_libConfig.cmake
[10.211s] -- Installing: /home/nic/dev/ATTACKS-SW/ros_ws/install/uas_lib/share/uas_lib/cmake/uas_libConfig-version.cmake
[10.211s] -- Installing: /home/nic/dev/ATTACKS-SW/ros_ws/install/uas_lib/share/uas_lib/package.xml
[10.213s] Invoked command in '/home/nic/dev/ATTACKS-SW/ros_ws/build/uas_lib' returned '0': AMENT_PREFIX_PATH=/home/nic/dev/ATTACKS-SW/ros_ws/install/computer_vision:/home/nic/dev/ATTACKS-SW/ros_ws/install/px4_msgs:${AMENT_PREFIX_PATH} CMAKE_PREFIX_PATH=/home/nic/dev/ATTACKS-SW/ros_ws/install/computer_vision:/home/nic/dev/ATTACKS-SW/ros_ws/install/px4_msgs:/opt/ros/humble LD_LIBRARY_PATH=/home/nic/dev/ATTACKS-SW/ros_ws/install/computer_vision/lib:/home/nic/dev/ATTACKS-SW/ros_ws/install/px4_msgs/lib:/home/nic/.linuxbrew/lib:/usr/lib/x86_64-linux-gnu/gazebo-11/plugins:/opt/ros/humble/opt/rviz_ogre_vendor/lib:/opt/ros/humble/lib/x86_64-linux-gnu:/opt/ros/humble/lib:/usr/lib/x86_64-linux-gnu/gazebo-11/plugins PYTHONPATH=/home/nic/dev/ATTACKS-SW/ros_ws/install/px4_msgs/local/lib/python3.10/dist-packages:${PYTHONPATH} /usr/bin/cmake --install /home/nic/dev/ATTACKS-SW/ros_ws/build/uas_lib
