[0.025s] Invoking command in '/home/nic/dev/ATTACKS-SW/MotionPlanning/ros_ws/build/gz_pkg': CMAKE_PREFIX_PATH=/opt/ros/humble /usr/bin/cmake /home/nic/dev/ATTACKS-SW/MotionPlanning/ros_ws/src/gz_pkg -DAMENT_CMAKE_SYMLINK_INSTALL=1 -DCMAKE_INSTALL_PREFIX=/home/nic/dev/ATTACKS-SW/MotionPlanning/ros_ws/install/gz_pkg
[0.081s] -- The C compiler identification is GNU 11.4.0
[0.167s] -- The CXX compiler identification is GNU 11.4.0
[0.226s] -- Detecting C compiler ABI info
[0.266s] -- Detecting C compiler ABI info - done
[0.269s] -- Check for working C compiler: /usr/bin/cc - skipped
[0.269s] -- Detecting C compile features
[0.270s] -- Detecting C compile features - done
[0.272s] -- Detecting CXX compiler ABI info
[0.313s] -- Detecting CXX compiler ABI info - done
[0.317s] -- Check for working CXX compiler: /usr/bin/c++ - skipped
[0.317s] -- Detecting CXX compile features
[0.317s] -- Detecting CXX compile features - done
[0.318s] -- Found ament_cmake: 1.3.5 (/opt/ros/humble/share/ament_cmake/cmake)
[0.488s] -- Found Python3: /usr/bin/python3.10 (found version "3.10.12") found components: Interpreter 
[0.523s] -- Override CMake install command with custom implementation using symlinks instead of copying resources
[0.543s] -- Found ament_lint_auto: 0.12.8 (/opt/ros/humble/share/ament_lint_auto/cmake)
[0.585s] -- Added test 'flake8' to check Python code syntax and style conventions
[0.585s] -- Added test 'lint_cmake' to check CMake code style
[0.585s] -- Added test 'pep257' to check Python code against some of the docstring style conventions in PEP 257
[0.586s] -- Added test 'xmllint' to check XML markup files
[0.587s] -- Configuring done
[0.589s] -- Generating done
[0.589s] -- Build files have been written to: /home/nic/dev/ATTACKS-SW/MotionPlanning/ros_ws/build/gz_pkg
[0.592s] Invoked command in '/home/nic/dev/ATTACKS-SW/MotionPlanning/ros_ws/build/gz_pkg' returned '0': CMAKE_PREFIX_PATH=/opt/ros/humble /usr/bin/cmake /home/nic/dev/ATTACKS-SW/MotionPlanning/ros_ws/src/gz_pkg -DAMENT_CMAKE_SYMLINK_INSTALL=1 -DCMAKE_INSTALL_PREFIX=/home/nic/dev/ATTACKS-SW/MotionPlanning/ros_ws/install/gz_pkg
[0.593s] Invoking command in '/home/nic/dev/ATTACKS-SW/MotionPlanning/ros_ws/build/gz_pkg': CMAKE_PREFIX_PATH=/opt/ros/humble /usr/bin/cmake --build /home/nic/dev/ATTACKS-SW/MotionPlanning/ros_ws/build/gz_pkg -- -j32 -l32
[0.607s] Invoked command in '/home/nic/dev/ATTACKS-SW/MotionPlanning/ros_ws/build/gz_pkg' returned '0': CMAKE_PREFIX_PATH=/opt/ros/humble /usr/bin/cmake --build /home/nic/dev/ATTACKS-SW/MotionPlanning/ros_ws/build/gz_pkg -- -j32 -l32
[0.618s] Invoking command in '/home/nic/dev/ATTACKS-SW/MotionPlanning/ros_ws/build/gz_pkg': CMAKE_PREFIX_PATH=/opt/ros/humble /usr/bin/cmake --install /home/nic/dev/ATTACKS-SW/MotionPlanning/ros_ws/build/gz_pkg
[0.621s] -- Install configuration: ""
[0.621s] -- Execute custom install script
[0.621s] -- Symlinking: /home/nic/dev/ATTACKS-SW/MotionPlanning/ros_ws/install/gz_pkg/share/gz_pkg//models/diff_drive/config/my_controllers.yaml
[0.624s] -- Symlinking: /home/nic/dev/ATTACKS-SW/MotionPlanning/ros_ws/install/gz_pkg/share/gz_pkg//models/diff_drive/gazebo_control.xacro
[0.627s] -- Symlinking: /home/nic/dev/ATTACKS-SW/MotionPlanning/ros_ws/install/gz_pkg/share/gz_pkg//models/diff_drive/inertial_macros.xacro
[0.630s] -- Symlinking: /home/nic/dev/ATTACKS-SW/MotionPlanning/ros_ws/install/gz_pkg/share/gz_pkg//models/diff_drive/robot.urdf.xacro
[0.633s] -- Symlinking: /home/nic/dev/ATTACKS-SW/MotionPlanning/ros_ws/install/gz_pkg/share/gz_pkg//models/diff_drive/robot_core.xacro
[0.636s] -- Symlinking: /home/nic/dev/ATTACKS-SW/MotionPlanning/ros_ws/install/gz_pkg/share/gz_pkg//models/diff_drive/ros2_control.xacro
[0.639s] -- Symlinking: /home/nic/dev/ATTACKS-SW/MotionPlanning/ros_ws/install/gz_pkg/share/gz_pkg//models/iris/iris.sdf
[0.642s] -- Symlinking: /home/nic/dev/ATTACKS-SW/MotionPlanning/ros_ws/install/gz_pkg/share/gz_pkg//models/iris/iris.sdf.jinja
[0.644s] -- Symlinking: /home/nic/dev/ATTACKS-SW/MotionPlanning/ros_ws/install/gz_pkg/share/gz_pkg//models/iris/iris.sdf.last_generated
[0.647s] -- Symlinking: /home/nic/dev/ATTACKS-SW/MotionPlanning/ros_ws/install/gz_pkg/share/gz_pkg//models/iris/meshes/iris.stl
[0.650s] -- Symlinking: /home/nic/dev/ATTACKS-SW/MotionPlanning/ros_ws/install/gz_pkg/share/gz_pkg//models/iris/meshes/iris_prop_ccw.dae
[0.653s] -- Symlinking: /home/nic/dev/ATTACKS-SW/MotionPlanning/ros_ws/install/gz_pkg/share/gz_pkg//models/iris/meshes/iris_prop_cw.dae
[0.656s] -- Symlinking: /home/nic/dev/ATTACKS-SW/MotionPlanning/ros_ws/install/gz_pkg/share/gz_pkg//models/iris/model.config
[0.658s] -- Symlinking: /home/nic/dev/ATTACKS-SW/MotionPlanning/ros_ws/install/gz_pkg/share/gz_pkg//worlds/my_world.world
[0.661s] -- Symlinking: /home/nic/dev/ATTACKS-SW/MotionPlanning/ros_ws/install/gz_pkg/share/gz_pkg//launch/launch_sim.launch.py
[0.664s] -- Symlinking: /home/nic/dev/ATTACKS-SW/MotionPlanning/ros_ws/install/gz_pkg/share/gz_pkg//launch/px4_gazebo.launch.sh
[0.667s] -- Symlinking: /home/nic/dev/ATTACKS-SW/MotionPlanning/ros_ws/install/gz_pkg/share/gz_pkg//launch/rsp.launch.py
[0.670s] -- Symlinking: /home/nic/dev/ATTACKS-SW/MotionPlanning/ros_ws/install/gz_pkg/share/gz_pkg//launch/rsp_sdf.launch.py
[0.673s] -- Symlinking: /home/nic/dev/ATTACKS-SW/MotionPlanning/ros_ws/install/gz_pkg/share/ament_index/resource_index/package_run_dependencies/gz_pkg
[0.676s] -- Symlinking: /home/nic/dev/ATTACKS-SW/MotionPlanning/ros_ws/install/gz_pkg/share/ament_index/resource_index/parent_prefix_path/gz_pkg
[0.679s] -- Symlinking: /home/nic/dev/ATTACKS-SW/MotionPlanning/ros_ws/install/gz_pkg/share/gz_pkg/environment/ament_prefix_path.sh
[0.682s] -- Symlinking: /home/nic/dev/ATTACKS-SW/MotionPlanning/ros_ws/install/gz_pkg/share/gz_pkg/environment/ament_prefix_path.dsv
[0.685s] -- Symlinking: /home/nic/dev/ATTACKS-SW/MotionPlanning/ros_ws/install/gz_pkg/share/gz_pkg/environment/path.sh
[0.688s] -- Symlinking: /home/nic/dev/ATTACKS-SW/MotionPlanning/ros_ws/install/gz_pkg/share/gz_pkg/environment/path.dsv
[0.691s] -- Symlinking: /home/nic/dev/ATTACKS-SW/MotionPlanning/ros_ws/install/gz_pkg/share/gz_pkg/local_setup.bash
[0.693s] -- Symlinking: /home/nic/dev/ATTACKS-SW/MotionPlanning/ros_ws/install/gz_pkg/share/gz_pkg/local_setup.sh
[0.696s] -- Symlinking: /home/nic/dev/ATTACKS-SW/MotionPlanning/ros_ws/install/gz_pkg/share/gz_pkg/local_setup.zsh
[0.699s] -- Symlinking: /home/nic/dev/ATTACKS-SW/MotionPlanning/ros_ws/install/gz_pkg/share/gz_pkg/local_setup.dsv
[0.702s] -- Symlinking: /home/nic/dev/ATTACKS-SW/MotionPlanning/ros_ws/install/gz_pkg/share/gz_pkg/package.dsv
[0.705s] -- Symlinking: /home/nic/dev/ATTACKS-SW/MotionPlanning/ros_ws/install/gz_pkg/share/ament_index/resource_index/packages/gz_pkg
[0.708s] -- Symlinking: /home/nic/dev/ATTACKS-SW/MotionPlanning/ros_ws/install/gz_pkg/share/gz_pkg/cmake/gz_pkgConfig.cmake
[0.711s] -- Symlinking: /home/nic/dev/ATTACKS-SW/MotionPlanning/ros_ws/install/gz_pkg/share/gz_pkg/cmake/gz_pkgConfig-version.cmake
[0.714s] -- Symlinking: /home/nic/dev/ATTACKS-SW/MotionPlanning/ros_ws/install/gz_pkg/share/gz_pkg/package.xml
[0.718s] Invoked command in '/home/nic/dev/ATTACKS-SW/MotionPlanning/ros_ws/build/gz_pkg' returned '0': CMAKE_PREFIX_PATH=/opt/ros/humble /usr/bin/cmake --install /home/nic/dev/ATTACKS-SW/MotionPlanning/ros_ws/build/gz_pkg
