[0.373s] DEBUG:colcon:Command line arguments: ['/usr/bin/colcon', 'build', '--symlink-install']
[0.373s] DEBUG:colcon:Parsed command line arguments: Namespace(log_base=None, log_level=None, verb_name='build', build_base='build', install_base='install', merge_install=False, symlink_install=True, test_result_base=None, continue_on_error=False, executor='parallel', parallel_workers=32, event_handlers=None, ignore_user_meta=False, metas=['./colcon.meta'], base_paths=['.'], packages_ignore=None, packages_ignore_regex=None, paths=None, packages_up_to=None, packages_up_to_regex=None, packages_above=None, packages_above_and_dependencies=None, packages_above_depth=None, packages_select_by_dep=None, packages_skip_by_dep=None, packages_skip_up_to=None, packages_select_build_failed=False, packages_skip_build_finished=False, packages_select_test_failures=False, packages_skip_test_passed=False, packages_select=None, packages_skip=None, packages_select_regex=None, packages_skip_regex=None, packages_start=None, packages_end=None, allow_overriding=[], cmake_args=None, cmake_target=None, cmake_target_skip_unavailable=False, cmake_clean_cache=False, cmake_clean_first=False, cmake_force_configure=False, ament_cmake_args=None, catkin_cmake_args=None, catkin_skip_building_tests=False, verb_parser=<colcon_defaults.argument_parser.defaults.DefaultArgumentsDecorator object at 0x7fe468683250>, verb_extension=<colcon_core.verb.build.BuildVerb object at 0x7fe468682c50>, main=<bound method BuildVerb.main of <colcon_core.verb.build.BuildVerb object at 0x7fe468682c50>>)
[0.395s] Level 1:colcon.colcon_core.package_discovery:discover_packages(colcon_meta) check parameters
[0.395s] Level 1:colcon.colcon_core.package_discovery:discover_packages(recursive) check parameters
[0.395s] Level 1:colcon.colcon_core.package_discovery:discover_packages(ignore) check parameters
[0.395s] Level 1:colcon.colcon_core.package_discovery:discover_packages(path) check parameters
[0.395s] Level 1:colcon.colcon_core.package_discovery:discover_packages(colcon_meta) discover
[0.395s] Level 1:colcon.colcon_core.package_discovery:discover_packages(recursive) discover
[0.395s] INFO:colcon.colcon_core.package_discovery:Crawling recursively for packages in '/home/nic/dev/ATTACKS-SW/MotionPlanning/ros_ws'
[0.395s] Level 1:colcon.colcon_core.package_identification:_identify(.) by extensions ['ignore', 'ignore_ament_install']
[0.395s] Level 1:colcon.colcon_core.package_identification:_identify(.) by extension 'ignore'
[0.396s] Level 1:colcon.colcon_core.package_identification:_identify(.) by extension 'ignore_ament_install'
[0.396s] Level 1:colcon.colcon_core.package_identification:_identify(.) by extensions ['colcon_pkg']
[0.396s] Level 1:colcon.colcon_core.package_identification:_identify(.) by extension 'colcon_pkg'
[0.396s] Level 1:colcon.colcon_core.package_identification:_identify(.) by extensions ['colcon_meta']
[0.396s] Level 1:colcon.colcon_core.package_identification:_identify(.) by extension 'colcon_meta'
[0.396s] Level 1:colcon.colcon_core.package_identification:_identify(.) by extensions ['ros']
[0.396s] Level 1:colcon.colcon_core.package_identification:_identify(.) by extension 'ros'
[0.402s] Level 1:colcon.colcon_core.package_identification:_identify(.) by extensions ['cmake', 'python']
[0.402s] Level 1:colcon.colcon_core.package_identification:_identify(.) by extension 'cmake'
[0.402s] Level 1:colcon.colcon_core.package_identification:_identify(.) by extension 'python'
[0.402s] Level 1:colcon.colcon_core.package_identification:_identify(.) by extensions ['python_setup_py']
[0.402s] Level 1:colcon.colcon_core.package_identification:_identify(.) by extension 'python_setup_py'
[0.402s] Level 1:colcon.colcon_core.package_identification:_identify(build) by extensions ['ignore', 'ignore_ament_install']
[0.402s] Level 1:colcon.colcon_core.package_identification:_identify(build) by extension 'ignore'
[0.402s] Level 1:colcon.colcon_core.package_identification:_identify(build) ignored
[0.402s] Level 1:colcon.colcon_core.package_identification:_identify(install) by extensions ['ignore', 'ignore_ament_install']
[0.403s] Level 1:colcon.colcon_core.package_identification:_identify(install) by extension 'ignore'
[0.403s] Level 1:colcon.colcon_core.package_identification:_identify(install) ignored
[0.403s] Level 1:colcon.colcon_core.package_identification:_identify(log) by extensions ['ignore', 'ignore_ament_install']
[0.403s] Level 1:colcon.colcon_core.package_identification:_identify(log) by extension 'ignore'
[0.403s] Level 1:colcon.colcon_core.package_identification:_identify(log) ignored
[0.403s] Level 1:colcon.colcon_core.package_identification:_identify(src) by extensions ['ignore', 'ignore_ament_install']
[0.403s] Level 1:colcon.colcon_core.package_identification:_identify(src) by extension 'ignore'
[0.403s] Level 1:colcon.colcon_core.package_identification:_identify(src) by extension 'ignore_ament_install'
[0.403s] Level 1:colcon.colcon_core.package_identification:_identify(src) by extensions ['colcon_pkg']
[0.403s] Level 1:colcon.colcon_core.package_identification:_identify(src) by extension 'colcon_pkg'
[0.403s] Level 1:colcon.colcon_core.package_identification:_identify(src) by extensions ['colcon_meta']
[0.403s] Level 1:colcon.colcon_core.package_identification:_identify(src) by extension 'colcon_meta'
[0.403s] Level 1:colcon.colcon_core.package_identification:_identify(src) by extensions ['ros']
[0.403s] Level 1:colcon.colcon_core.package_identification:_identify(src) by extension 'ros'
[0.403s] Level 1:colcon.colcon_core.package_identification:_identify(src) by extensions ['cmake', 'python']
[0.403s] Level 1:colcon.colcon_core.package_identification:_identify(src) by extension 'cmake'
[0.403s] Level 1:colcon.colcon_core.package_identification:_identify(src) by extension 'python'
[0.403s] Level 1:colcon.colcon_core.package_identification:_identify(src) by extensions ['python_setup_py']
[0.403s] Level 1:colcon.colcon_core.package_identification:_identify(src) by extension 'python_setup_py'
[0.403s] Level 1:colcon.colcon_core.package_identification:_identify(src/gz_pkg) by extensions ['ignore', 'ignore_ament_install']
[0.403s] Level 1:colcon.colcon_core.package_identification:_identify(src/gz_pkg) by extension 'ignore'
[0.403s] Level 1:colcon.colcon_core.package_identification:_identify(src/gz_pkg) by extension 'ignore_ament_install'
[0.403s] Level 1:colcon.colcon_core.package_identification:_identify(src/gz_pkg) by extensions ['colcon_pkg']
[0.403s] Level 1:colcon.colcon_core.package_identification:_identify(src/gz_pkg) by extension 'colcon_pkg'
[0.403s] Level 1:colcon.colcon_core.package_identification:_identify(src/gz_pkg) by extensions ['colcon_meta']
[0.403s] Level 1:colcon.colcon_core.package_identification:_identify(src/gz_pkg) by extension 'colcon_meta'
[0.403s] Level 1:colcon.colcon_core.package_identification:_identify(src/gz_pkg) by extensions ['ros']
[0.403s] Level 1:colcon.colcon_core.package_identification:_identify(src/gz_pkg) by extension 'ros'
[0.404s] DEBUG:colcon.colcon_core.package_identification:Package 'src/gz_pkg' with type 'ros.ament_cmake' and name 'gz_pkg'
[0.405s] Level 1:colcon.colcon_core.package_identification:_identify(src/px4_msgs) by extensions ['ignore', 'ignore_ament_install']
[0.405s] Level 1:colcon.colcon_core.package_identification:_identify(src/px4_msgs) by extension 'ignore'
[0.405s] Level 1:colcon.colcon_core.package_identification:_identify(src/px4_msgs) by extension 'ignore_ament_install'
[0.405s] Level 1:colcon.colcon_core.package_identification:_identify(src/px4_msgs) by extensions ['colcon_pkg']
[0.405s] Level 1:colcon.colcon_core.package_identification:_identify(src/px4_msgs) by extension 'colcon_pkg'
[0.405s] Level 1:colcon.colcon_core.package_identification:_identify(src/px4_msgs) by extensions ['colcon_meta']
[0.405s] Level 1:colcon.colcon_core.package_identification:_identify(src/px4_msgs) by extension 'colcon_meta'
[0.405s] Level 1:colcon.colcon_core.package_identification:_identify(src/px4_msgs) by extensions ['ros']
[0.405s] Level 1:colcon.colcon_core.package_identification:_identify(src/px4_msgs) by extension 'ros'
[0.405s] DEBUG:colcon.colcon_core.package_identification:Package 'src/px4_msgs' with type 'ros.ament_cmake' and name 'px4_msgs'
[0.405s] Level 1:colcon.colcon_core.package_identification:_identify(src/px4_ros_com) by extensions ['ignore', 'ignore_ament_install']
[0.405s] Level 1:colcon.colcon_core.package_identification:_identify(src/px4_ros_com) by extension 'ignore'
[0.405s] Level 1:colcon.colcon_core.package_identification:_identify(src/px4_ros_com) by extension 'ignore_ament_install'
[0.405s] Level 1:colcon.colcon_core.package_identification:_identify(src/px4_ros_com) by extensions ['colcon_pkg']
[0.405s] Level 1:colcon.colcon_core.package_identification:_identify(src/px4_ros_com) by extension 'colcon_pkg'
[0.405s] Level 1:colcon.colcon_core.package_identification:_identify(src/px4_ros_com) by extensions ['colcon_meta']
[0.405s] Level 1:colcon.colcon_core.package_identification:_identify(src/px4_ros_com) by extension 'colcon_meta'
[0.405s] Level 1:colcon.colcon_core.package_identification:_identify(src/px4_ros_com) by extensions ['ros']
[0.405s] Level 1:colcon.colcon_core.package_identification:_identify(src/px4_ros_com) by extension 'ros'
[0.406s] DEBUG:colcon.colcon_core.package_identification:Package 'src/px4_ros_com' with type 'ros.ament_cmake' and name 'px4_ros_com'
[0.406s] Level 1:colcon.colcon_core.package_discovery:discover_packages(recursive) using defaults
[0.406s] Level 1:colcon.colcon_core.package_discovery:discover_packages(ignore) discover
[0.406s] Level 1:colcon.colcon_core.package_discovery:discover_packages(ignore) using defaults
[0.406s] Level 1:colcon.colcon_core.package_discovery:discover_packages(path) discover
[0.406s] Level 1:colcon.colcon_core.package_discovery:discover_packages(path) using defaults
[0.441s] Level 1:colcon.colcon_core.package_discovery:discover_packages(prefix_path) check parameters
[0.441s] Level 1:colcon.colcon_core.package_discovery:discover_packages(prefix_path) discover
[0.452s] DEBUG:colcon.colcon_installed_package_information.package_discovery:Found 3 installed packages in /home/nic/dev/ATTACKS-SW/MotionPlanning/ros_ws/install
[0.457s] DEBUG:colcon.colcon_installed_package_information.package_discovery:Found 313 installed packages in /opt/ros/humble
[0.458s] Level 1:colcon.colcon_core.package_discovery:discover_packages(prefix_path) using defaults
[0.487s] Level 5:colcon.colcon_core.verb:set package 'gz_pkg' build argument 'cmake_args' from command line to 'None'
[0.487s] Level 5:colcon.colcon_core.verb:set package 'gz_pkg' build argument 'cmake_target' from command line to 'None'
[0.487s] Level 5:colcon.colcon_core.verb:set package 'gz_pkg' build argument 'cmake_target_skip_unavailable' from command line to 'False'
[0.487s] Level 5:colcon.colcon_core.verb:set package 'gz_pkg' build argument 'cmake_clean_cache' from command line to 'False'
[0.487s] Level 5:colcon.colcon_core.verb:set package 'gz_pkg' build argument 'cmake_clean_first' from command line to 'False'
[0.487s] Level 5:colcon.colcon_core.verb:set package 'gz_pkg' build argument 'cmake_force_configure' from command line to 'False'
[0.487s] Level 5:colcon.colcon_core.verb:set package 'gz_pkg' build argument 'ament_cmake_args' from command line to 'None'
[0.487s] Level 5:colcon.colcon_core.verb:set package 'gz_pkg' build argument 'catkin_cmake_args' from command line to 'None'
[0.487s] Level 5:colcon.colcon_core.verb:set package 'gz_pkg' build argument 'catkin_skip_building_tests' from command line to 'False'
[0.487s] DEBUG:colcon.colcon_core.verb:Building package 'gz_pkg' with the following arguments: {'ament_cmake_args': None, 'build_base': '/home/nic/dev/ATTACKS-SW/MotionPlanning/ros_ws/build/gz_pkg', 'catkin_cmake_args': None, 'catkin_skip_building_tests': False, 'cmake_args': None, 'cmake_clean_cache': False, 'cmake_clean_first': False, 'cmake_force_configure': False, 'cmake_target': None, 'cmake_target_skip_unavailable': False, 'install_base': '/home/nic/dev/ATTACKS-SW/MotionPlanning/ros_ws/install/gz_pkg', 'merge_install': False, 'path': '/home/nic/dev/ATTACKS-SW/MotionPlanning/ros_ws/src/gz_pkg', 'symlink_install': True, 'test_result_base': None}
[0.492s] Level 5:colcon.colcon_core.verb:set package 'px4_msgs' build argument 'cmake_args' from command line to 'None'
[0.492s] Level 5:colcon.colcon_core.verb:set package 'px4_msgs' build argument 'cmake_target' from command line to 'None'
[0.492s] Level 5:colcon.colcon_core.verb:set package 'px4_msgs' build argument 'cmake_target_skip_unavailable' from command line to 'False'
[0.492s] Level 5:colcon.colcon_core.verb:set package 'px4_msgs' build argument 'cmake_clean_cache' from command line to 'False'
[0.492s] Level 5:colcon.colcon_core.verb:set package 'px4_msgs' build argument 'cmake_clean_first' from command line to 'False'
[0.492s] Level 5:colcon.colcon_core.verb:set package 'px4_msgs' build argument 'cmake_force_configure' from command line to 'False'
[0.492s] Level 5:colcon.colcon_core.verb:set package 'px4_msgs' build argument 'ament_cmake_args' from command line to 'None'
[0.493s] Level 5:colcon.colcon_core.verb:set package 'px4_msgs' build argument 'catkin_cmake_args' from command line to 'None'
[0.493s] Level 5:colcon.colcon_core.verb:set package 'px4_msgs' build argument 'catkin_skip_building_tests' from command line to 'False'
[0.493s] DEBUG:colcon.colcon_core.verb:Building package 'px4_msgs' with the following arguments: {'ament_cmake_args': None, 'build_base': '/home/nic/dev/ATTACKS-SW/MotionPlanning/ros_ws/build/px4_msgs', 'catkin_cmake_args': None, 'catkin_skip_building_tests': False, 'cmake_args': None, 'cmake_clean_cache': False, 'cmake_clean_first': False, 'cmake_force_configure': False, 'cmake_target': None, 'cmake_target_skip_unavailable': False, 'install_base': '/home/nic/dev/ATTACKS-SW/MotionPlanning/ros_ws/install/px4_msgs', 'merge_install': False, 'path': '/home/nic/dev/ATTACKS-SW/MotionPlanning/ros_ws/src/px4_msgs', 'symlink_install': True, 'test_result_base': None}
[0.498s] Level 5:colcon.colcon_core.verb:set package 'px4_ros_com' build argument 'cmake_args' from command line to 'None'
[0.498s] Level 5:colcon.colcon_core.verb:set package 'px4_ros_com' build argument 'cmake_target' from command line to 'None'
[0.498s] Level 5:colcon.colcon_core.verb:set package 'px4_ros_com' build argument 'cmake_target_skip_unavailable' from command line to 'False'
[0.498s] Level 5:colcon.colcon_core.verb:set package 'px4_ros_com' build argument 'cmake_clean_cache' from command line to 'False'
[0.498s] Level 5:colcon.colcon_core.verb:set package 'px4_ros_com' build argument 'cmake_clean_first' from command line to 'False'
[0.498s] Level 5:colcon.colcon_core.verb:set package 'px4_ros_com' build argument 'cmake_force_configure' from command line to 'False'
[0.498s] Level 5:colcon.colcon_core.verb:set package 'px4_ros_com' build argument 'ament_cmake_args' from command line to 'None'
[0.498s] Level 5:colcon.colcon_core.verb:set package 'px4_ros_com' build argument 'catkin_cmake_args' from command line to 'None'
[0.498s] Level 5:colcon.colcon_core.verb:set package 'px4_ros_com' build argument 'catkin_skip_building_tests' from command line to 'False'
[0.498s] DEBUG:colcon.colcon_core.verb:Building package 'px4_ros_com' with the following arguments: {'ament_cmake_args': None, 'build_base': '/home/nic/dev/ATTACKS-SW/MotionPlanning/ros_ws/build/px4_ros_com', 'catkin_cmake_args': None, 'catkin_skip_building_tests': False, 'cmake_args': None, 'cmake_clean_cache': False, 'cmake_clean_first': False, 'cmake_force_configure': False, 'cmake_target': None, 'cmake_target_skip_unavailable': False, 'install_base': '/home/nic/dev/ATTACKS-SW/MotionPlanning/ros_ws/install/px4_ros_com', 'merge_install': False, 'path': '/home/nic/dev/ATTACKS-SW/MotionPlanning/ros_ws/src/px4_ros_com', 'symlink_install': True, 'test_result_base': None}
[0.508s] INFO:colcon.colcon_core.executor:Executing jobs using 'parallel' executor
[0.513s] DEBUG:colcon.colcon_parallel_executor.executor.parallel:run_until_complete
[0.513s] INFO:colcon.colcon_ros.task.ament_cmake.build:Building ROS package in '/home/nic/dev/ATTACKS-SW/MotionPlanning/ros_ws/src/px4_msgs' with build type 'ament_cmake'
[0.513s] INFO:colcon.colcon_cmake.task.cmake.build:Building CMake package in '/home/nic/dev/ATTACKS-SW/MotionPlanning/ros_ws/src/px4_msgs'
[0.519s] INFO:colcon.colcon_core.plugin_system:Skipping extension 'colcon_core.shell.bat': Not used on non-Windows systems
[0.520s] INFO:colcon.colcon_core.shell:Skip shell extension 'powershell' for command environment: Not usable outside of PowerShell
[0.520s] DEBUG:colcon.colcon_core.shell:Skip shell extension 'dsv' for command environment
[0.537s] INFO:colcon.colcon_ros.task.ament_cmake.build:Building ROS package in '/home/nic/dev/ATTACKS-SW/MotionPlanning/ros_ws/src/gz_pkg' with build type 'ament_cmake'
[0.537s] INFO:colcon.colcon_cmake.task.cmake.build:Building CMake package in '/home/nic/dev/ATTACKS-SW/MotionPlanning/ros_ws/src/gz_pkg'
[0.543s] INFO:colcon.colcon_core.shell:Skip shell extension 'powershell' for command environment: Not usable outside of PowerShell
[0.543s] DEBUG:colcon.colcon_core.shell:Skip shell extension 'dsv' for command environment
[0.562s] DEBUG:colcon.colcon_core.event_handler.log_command:Invoking command in '/home/nic/dev/ATTACKS-SW/MotionPlanning/ros_ws/build/px4_msgs': CMAKE_PREFIX_PATH=${CMAKE_PREFIX_PATH}:/opt/ros/humble /usr/bin/cmake --build /home/nic/dev/ATTACKS-SW/MotionPlanning/ros_ws/build/px4_msgs -- -j32 -l32
[0.564s] DEBUG:colcon.colcon_core.event_handler.log_command:Invoking command in '/home/nic/dev/ATTACKS-SW/MotionPlanning/ros_ws/build/gz_pkg': CMAKE_PREFIX_PATH=${CMAKE_PREFIX_PATH}:/opt/ros/humble /usr/bin/cmake --build /home/nic/dev/ATTACKS-SW/MotionPlanning/ros_ws/build/gz_pkg -- -j32 -l32
[0.578s] DEBUG:colcon.colcon_core.event_handler.log_command:Invoked command in '/home/nic/dev/ATTACKS-SW/MotionPlanning/ros_ws/build/gz_pkg' returned '0': CMAKE_PREFIX_PATH=${CMAKE_PREFIX_PATH}:/opt/ros/humble /usr/bin/cmake --build /home/nic/dev/ATTACKS-SW/MotionPlanning/ros_ws/build/gz_pkg -- -j32 -l32
[0.590s] DEBUG:colcon.colcon_core.event_handler.log_command:Invoking command in '/home/nic/dev/ATTACKS-SW/MotionPlanning/ros_ws/build/gz_pkg': CMAKE_PREFIX_PATH=${CMAKE_PREFIX_PATH}:/opt/ros/humble /usr/bin/cmake --install /home/nic/dev/ATTACKS-SW/MotionPlanning/ros_ws/build/gz_pkg
[0.600s] Level 1:colcon.colcon_core.environment:create_environment_scripts_only(gz_pkg)
[0.600s] DEBUG:colcon.colcon_core.event_handler.log_command:Invoked command in '/home/nic/dev/ATTACKS-SW/MotionPlanning/ros_ws/build/gz_pkg' returned '0': CMAKE_PREFIX_PATH=${CMAKE_PREFIX_PATH}:/opt/ros/humble /usr/bin/cmake --install /home/nic/dev/ATTACKS-SW/MotionPlanning/ros_ws/build/gz_pkg
[0.607s] Level 1:colcon.colcon_core.environment:checking '/home/nic/dev/ATTACKS-SW/MotionPlanning/ros_ws/install/gz_pkg' for CMake module files
[0.607s] Level 1:colcon.colcon_core.environment:checking '/home/nic/dev/ATTACKS-SW/MotionPlanning/ros_ws/install/gz_pkg' for CMake config files
[0.607s] Level 1:colcon.colcon_core.shell:create_environment_hook('gz_pkg', 'cmake_prefix_path')
[0.612s] INFO:colcon.colcon_core.shell:Creating environment hook '/home/nic/dev/ATTACKS-SW/MotionPlanning/ros_ws/install/gz_pkg/share/gz_pkg/hook/cmake_prefix_path.ps1'
[0.613s] INFO:colcon.colcon_core.shell:Creating environment descriptor '/home/nic/dev/ATTACKS-SW/MotionPlanning/ros_ws/install/gz_pkg/share/gz_pkg/hook/cmake_prefix_path.dsv'
[0.613s] INFO:colcon.colcon_core.shell:Creating environment hook '/home/nic/dev/ATTACKS-SW/MotionPlanning/ros_ws/install/gz_pkg/share/gz_pkg/hook/cmake_prefix_path.sh'
[0.613s] Level 1:colcon.colcon_core.environment:checking '/home/nic/dev/ATTACKS-SW/MotionPlanning/ros_ws/install/gz_pkg/bin'
[0.613s] Level 1:colcon.colcon_core.environment:checking '/home/nic/dev/ATTACKS-SW/MotionPlanning/ros_ws/install/gz_pkg/lib/pkgconfig/gz_pkg.pc'
[0.614s] Level 1:colcon.colcon_core.environment:checking '/home/nic/dev/ATTACKS-SW/MotionPlanning/ros_ws/install/gz_pkg/lib/python3.10/site-packages'
[0.614s] Level 1:colcon.colcon_core.environment:checking '/home/nic/dev/ATTACKS-SW/MotionPlanning/ros_ws/install/gz_pkg/bin'
[0.619s] INFO:colcon.colcon_core.shell:Creating package script '/home/nic/dev/ATTACKS-SW/MotionPlanning/ros_ws/install/gz_pkg/share/gz_pkg/package.ps1'
[0.620s] INFO:colcon.colcon_core.shell:Creating package descriptor '/home/nic/dev/ATTACKS-SW/MotionPlanning/ros_ws/install/gz_pkg/share/gz_pkg/package.dsv'
[0.620s] INFO:colcon.colcon_core.shell:Creating package script '/home/nic/dev/ATTACKS-SW/MotionPlanning/ros_ws/install/gz_pkg/share/gz_pkg/package.sh'
[0.620s] INFO:colcon.colcon_core.shell:Creating package script '/home/nic/dev/ATTACKS-SW/MotionPlanning/ros_ws/install/gz_pkg/share/gz_pkg/package.bash'
[0.621s] INFO:colcon.colcon_core.shell:Creating package script '/home/nic/dev/ATTACKS-SW/MotionPlanning/ros_ws/install/gz_pkg/share/gz_pkg/package.zsh'
[0.621s] Level 1:colcon.colcon_core.environment:create_file_with_runtime_dependencies(/home/nic/dev/ATTACKS-SW/MotionPlanning/ros_ws/install/gz_pkg/share/colcon-core/packages/gz_pkg)
[0.636s] Level 1:colcon.colcon_core.environment:create_environment_scripts_only(gz_pkg)
[0.641s] Level 1:colcon.colcon_core.environment:checking '/home/nic/dev/ATTACKS-SW/MotionPlanning/ros_ws/install/gz_pkg' for CMake module files
[0.642s] Level 1:colcon.colcon_core.environment:checking '/home/nic/dev/ATTACKS-SW/MotionPlanning/ros_ws/install/gz_pkg' for CMake config files
[0.642s] Level 1:colcon.colcon_core.shell:create_environment_hook('gz_pkg', 'cmake_prefix_path')
[0.647s] INFO:colcon.colcon_core.shell:Creating environment hook '/home/nic/dev/ATTACKS-SW/MotionPlanning/ros_ws/install/gz_pkg/share/gz_pkg/hook/cmake_prefix_path.ps1'
[0.647s] INFO:colcon.colcon_core.shell:Creating environment descriptor '/home/nic/dev/ATTACKS-SW/MotionPlanning/ros_ws/install/gz_pkg/share/gz_pkg/hook/cmake_prefix_path.dsv'
[0.648s] INFO:colcon.colcon_core.shell:Creating environment hook '/home/nic/dev/ATTACKS-SW/MotionPlanning/ros_ws/install/gz_pkg/share/gz_pkg/hook/cmake_prefix_path.sh'
[0.648s] Level 1:colcon.colcon_core.environment:checking '/home/nic/dev/ATTACKS-SW/MotionPlanning/ros_ws/install/gz_pkg/bin'
[0.648s] Level 1:colcon.colcon_core.environment:checking '/home/nic/dev/ATTACKS-SW/MotionPlanning/ros_ws/install/gz_pkg/lib/pkgconfig/gz_pkg.pc'
[0.648s] Level 1:colcon.colcon_core.environment:checking '/home/nic/dev/ATTACKS-SW/MotionPlanning/ros_ws/install/gz_pkg/lib/python3.10/site-packages'
[0.648s] Level 1:colcon.colcon_core.environment:checking '/home/nic/dev/ATTACKS-SW/MotionPlanning/ros_ws/install/gz_pkg/bin'
[0.653s] INFO:colcon.colcon_core.shell:Creating package script '/home/nic/dev/ATTACKS-SW/MotionPlanning/ros_ws/install/gz_pkg/share/gz_pkg/package.ps1'
[0.654s] INFO:colcon.colcon_core.shell:Creating package descriptor '/home/nic/dev/ATTACKS-SW/MotionPlanning/ros_ws/install/gz_pkg/share/gz_pkg/package.dsv'
[0.654s] INFO:colcon.colcon_core.shell:Creating package script '/home/nic/dev/ATTACKS-SW/MotionPlanning/ros_ws/install/gz_pkg/share/gz_pkg/package.sh'
[0.654s] INFO:colcon.colcon_core.shell:Creating package script '/home/nic/dev/ATTACKS-SW/MotionPlanning/ros_ws/install/gz_pkg/share/gz_pkg/package.bash'
[0.654s] INFO:colcon.colcon_core.shell:Creating package script '/home/nic/dev/ATTACKS-SW/MotionPlanning/ros_ws/install/gz_pkg/share/gz_pkg/package.zsh'
[0.654s] Level 1:colcon.colcon_core.environment:create_file_with_runtime_dependencies(/home/nic/dev/ATTACKS-SW/MotionPlanning/ros_ws/install/gz_pkg/share/colcon-core/packages/gz_pkg)
[1.057s] DEBUG:colcon.colcon_core.event_handler.log_command:Invoked command in '/home/nic/dev/ATTACKS-SW/MotionPlanning/ros_ws/build/px4_msgs' returned '0': CMAKE_PREFIX_PATH=${CMAKE_PREFIX_PATH}:/opt/ros/humble /usr/bin/cmake --build /home/nic/dev/ATTACKS-SW/MotionPlanning/ros_ws/build/px4_msgs -- -j32 -l32
[2.521s] DEBUG:colcon.colcon_core.event_handler.log_command:Invoking command in '/home/nic/dev/ATTACKS-SW/MotionPlanning/ros_ws/build/px4_msgs': CMAKE_PREFIX_PATH=${CMAKE_PREFIX_PATH}:/opt/ros/humble /usr/bin/cmake --install /home/nic/dev/ATTACKS-SW/MotionPlanning/ros_ws/build/px4_msgs
[2.763s] Level 1:colcon.colcon_core.environment:create_environment_scripts_only(px4_msgs)
[2.763s] DEBUG:colcon.colcon_core.event_handler.log_command:Invoked command in '/home/nic/dev/ATTACKS-SW/MotionPlanning/ros_ws/build/px4_msgs' returned '0': CMAKE_PREFIX_PATH=${CMAKE_PREFIX_PATH}:/opt/ros/humble /usr/bin/cmake --install /home/nic/dev/ATTACKS-SW/MotionPlanning/ros_ws/build/px4_msgs
[2.769s] Level 1:colcon.colcon_core.environment:checking '/home/nic/dev/ATTACKS-SW/MotionPlanning/ros_ws/install/px4_msgs' for CMake module files
[2.769s] Level 1:colcon.colcon_core.environment:checking '/home/nic/dev/ATTACKS-SW/MotionPlanning/ros_ws/install/px4_msgs' for CMake config files
[2.776s] Level 1:colcon.colcon_core.shell:create_environment_hook('px4_msgs', 'cmake_prefix_path')
[2.782s] INFO:colcon.colcon_core.shell:Creating environment hook '/home/nic/dev/ATTACKS-SW/MotionPlanning/ros_ws/install/px4_msgs/share/px4_msgs/hook/cmake_prefix_path.ps1'
[2.782s] INFO:colcon.colcon_core.shell:Creating environment descriptor '/home/nic/dev/ATTACKS-SW/MotionPlanning/ros_ws/install/px4_msgs/share/px4_msgs/hook/cmake_prefix_path.dsv'
[2.783s] INFO:colcon.colcon_core.shell:Creating environment hook '/home/nic/dev/ATTACKS-SW/MotionPlanning/ros_ws/install/px4_msgs/share/px4_msgs/hook/cmake_prefix_path.sh'
[2.783s] Level 1:colcon.colcon_core.environment:checking '/home/nic/dev/ATTACKS-SW/MotionPlanning/ros_ws/install/px4_msgs/lib'
[2.783s] Level 1:colcon.colcon_core.shell:create_environment_hook('px4_msgs', 'ld_library_path_lib')
[2.788s] INFO:colcon.colcon_core.shell:Creating environment hook '/home/nic/dev/ATTACKS-SW/MotionPlanning/ros_ws/install/px4_msgs/share/px4_msgs/hook/ld_library_path_lib.ps1'
[2.788s] INFO:colcon.colcon_core.shell:Creating environment descriptor '/home/nic/dev/ATTACKS-SW/MotionPlanning/ros_ws/install/px4_msgs/share/px4_msgs/hook/ld_library_path_lib.dsv'
[2.789s] INFO:colcon.colcon_core.shell:Creating environment hook '/home/nic/dev/ATTACKS-SW/MotionPlanning/ros_ws/install/px4_msgs/share/px4_msgs/hook/ld_library_path_lib.sh'
[2.789s] Level 1:colcon.colcon_core.environment:checking '/home/nic/dev/ATTACKS-SW/MotionPlanning/ros_ws/install/px4_msgs/bin'
[2.789s] Level 1:colcon.colcon_core.environment:checking '/home/nic/dev/ATTACKS-SW/MotionPlanning/ros_ws/install/px4_msgs/lib/pkgconfig/px4_msgs.pc'
[2.789s] Level 1:colcon.colcon_core.environment:checking '/home/nic/dev/ATTACKS-SW/MotionPlanning/ros_ws/install/px4_msgs/lib/python3.10/site-packages'
[2.789s] Level 1:colcon.colcon_core.environment:checking '/home/nic/dev/ATTACKS-SW/MotionPlanning/ros_ws/install/px4_msgs/bin'
[2.795s] INFO:colcon.colcon_core.shell:Creating package script '/home/nic/dev/ATTACKS-SW/MotionPlanning/ros_ws/install/px4_msgs/share/px4_msgs/package.ps1'
[2.795s] INFO:colcon.colcon_core.shell:Creating package descriptor '/home/nic/dev/ATTACKS-SW/MotionPlanning/ros_ws/install/px4_msgs/share/px4_msgs/package.dsv'
[2.795s] INFO:colcon.colcon_core.shell:Creating package script '/home/nic/dev/ATTACKS-SW/MotionPlanning/ros_ws/install/px4_msgs/share/px4_msgs/package.sh'
[2.795s] INFO:colcon.colcon_core.shell:Creating package script '/home/nic/dev/ATTACKS-SW/MotionPlanning/ros_ws/install/px4_msgs/share/px4_msgs/package.bash'
[2.795s] INFO:colcon.colcon_core.shell:Creating package script '/home/nic/dev/ATTACKS-SW/MotionPlanning/ros_ws/install/px4_msgs/share/px4_msgs/package.zsh'
[2.795s] Level 1:colcon.colcon_core.environment:create_file_with_runtime_dependencies(/home/nic/dev/ATTACKS-SW/MotionPlanning/ros_ws/install/px4_msgs/share/colcon-core/packages/px4_msgs)
[4.331s] Level 1:colcon.colcon_core.environment:create_environment_scripts_only(px4_msgs)
[4.336s] Level 1:colcon.colcon_core.environment:checking '/home/nic/dev/ATTACKS-SW/MotionPlanning/ros_ws/install/px4_msgs' for CMake module files
[4.337s] Level 1:colcon.colcon_core.environment:checking '/home/nic/dev/ATTACKS-SW/MotionPlanning/ros_ws/install/px4_msgs' for CMake config files
[4.343s] Level 1:colcon.colcon_core.shell:create_environment_hook('px4_msgs', 'cmake_prefix_path')
[4.349s] INFO:colcon.colcon_core.shell:Creating environment hook '/home/nic/dev/ATTACKS-SW/MotionPlanning/ros_ws/install/px4_msgs/share/px4_msgs/hook/cmake_prefix_path.ps1'
[4.349s] INFO:colcon.colcon_core.shell:Creating environment descriptor '/home/nic/dev/ATTACKS-SW/MotionPlanning/ros_ws/install/px4_msgs/share/px4_msgs/hook/cmake_prefix_path.dsv'
[4.349s] INFO:colcon.colcon_core.shell:Creating environment hook '/home/nic/dev/ATTACKS-SW/MotionPlanning/ros_ws/install/px4_msgs/share/px4_msgs/hook/cmake_prefix_path.sh'
[4.350s] Level 1:colcon.colcon_core.environment:checking '/home/nic/dev/ATTACKS-SW/MotionPlanning/ros_ws/install/px4_msgs/lib'
[4.350s] Level 1:colcon.colcon_core.shell:create_environment_hook('px4_msgs', 'ld_library_path_lib')
[4.355s] INFO:colcon.colcon_core.shell:Creating environment hook '/home/nic/dev/ATTACKS-SW/MotionPlanning/ros_ws/install/px4_msgs/share/px4_msgs/hook/ld_library_path_lib.ps1'
[4.356s] INFO:colcon.colcon_core.shell:Creating environment descriptor '/home/nic/dev/ATTACKS-SW/MotionPlanning/ros_ws/install/px4_msgs/share/px4_msgs/hook/ld_library_path_lib.dsv'
[4.356s] INFO:colcon.colcon_core.shell:Creating environment hook '/home/nic/dev/ATTACKS-SW/MotionPlanning/ros_ws/install/px4_msgs/share/px4_msgs/hook/ld_library_path_lib.sh'
[4.356s] Level 1:colcon.colcon_core.environment:checking '/home/nic/dev/ATTACKS-SW/MotionPlanning/ros_ws/install/px4_msgs/bin'
[4.356s] Level 1:colcon.colcon_core.environment:checking '/home/nic/dev/ATTACKS-SW/MotionPlanning/ros_ws/install/px4_msgs/lib/pkgconfig/px4_msgs.pc'
[4.356s] Level 1:colcon.colcon_core.environment:checking '/home/nic/dev/ATTACKS-SW/MotionPlanning/ros_ws/install/px4_msgs/lib/python3.10/site-packages'
[4.356s] Level 1:colcon.colcon_core.environment:checking '/home/nic/dev/ATTACKS-SW/MotionPlanning/ros_ws/install/px4_msgs/bin'
[4.361s] INFO:colcon.colcon_core.shell:Creating package script '/home/nic/dev/ATTACKS-SW/MotionPlanning/ros_ws/install/px4_msgs/share/px4_msgs/package.ps1'
[4.361s] INFO:colcon.colcon_core.shell:Creating package descriptor '/home/nic/dev/ATTACKS-SW/MotionPlanning/ros_ws/install/px4_msgs/share/px4_msgs/package.dsv'
[4.362s] INFO:colcon.colcon_core.shell:Creating package script '/home/nic/dev/ATTACKS-SW/MotionPlanning/ros_ws/install/px4_msgs/share/px4_msgs/package.sh'
[4.362s] INFO:colcon.colcon_core.shell:Creating package script '/home/nic/dev/ATTACKS-SW/MotionPlanning/ros_ws/install/px4_msgs/share/px4_msgs/package.bash'
[4.362s] INFO:colcon.colcon_core.shell:Creating package script '/home/nic/dev/ATTACKS-SW/MotionPlanning/ros_ws/install/px4_msgs/share/px4_msgs/package.zsh'
[4.362s] Level 1:colcon.colcon_core.environment:create_file_with_runtime_dependencies(/home/nic/dev/ATTACKS-SW/MotionPlanning/ros_ws/install/px4_msgs/share/colcon-core/packages/px4_msgs)
[4.362s] INFO:colcon.colcon_ros.task.ament_cmake.build:Building ROS package in '/home/nic/dev/ATTACKS-SW/MotionPlanning/ros_ws/src/px4_ros_com' with build type 'ament_cmake'
[4.363s] INFO:colcon.colcon_cmake.task.cmake.build:Building CMake package in '/home/nic/dev/ATTACKS-SW/MotionPlanning/ros_ws/src/px4_ros_com'
[4.369s] INFO:colcon.colcon_core.shell:Skip shell extension 'powershell' for command environment: Not usable outside of PowerShell
[4.369s] DEBUG:colcon.colcon_core.shell:Skip shell extension 'dsv' for command environment
[4.405s] DEBUG:colcon.colcon_core.event_handler.log_command:Invoking command in '/home/nic/dev/ATTACKS-SW/MotionPlanning/ros_ws/build/px4_ros_com': CMAKE_PREFIX_PATH=/home/nic/dev/ATTACKS-SW/MotionPlanning/ros_ws/install/px4_msgs:/home/nic/dev/ATTACKS-SW/MotionPlanning/ros_ws/install/px4_ros_com:/home/nic/dev/ATTACKS-SW/MotionPlanning/ros_ws/install/gz_pkg:/opt/ros/humble LD_LIBRARY_PATH=/home/nic/dev/ATTACKS-SW/MotionPlanning/ros_ws/install/px4_msgs/lib:/home/nic/dev/ATTACKS-SW/MotionPlanning/ros_ws/install/px4_ros_com/lib:/opt/ros/humble/opt/rviz_ogre_vendor/lib:/opt/ros/humble/lib/x86_64-linux-gnu:/opt/ros/humble/lib /usr/bin/cmake --build /home/nic/dev/ATTACKS-SW/MotionPlanning/ros_ws/build/px4_ros_com -- -j32 -l32
[4.438s] DEBUG:colcon.colcon_core.event_handler.log_command:Invoked command in '/home/nic/dev/ATTACKS-SW/MotionPlanning/ros_ws/build/px4_ros_com' returned '0': CMAKE_PREFIX_PATH=/home/nic/dev/ATTACKS-SW/MotionPlanning/ros_ws/install/px4_msgs:/home/nic/dev/ATTACKS-SW/MotionPlanning/ros_ws/install/px4_ros_com:/home/nic/dev/ATTACKS-SW/MotionPlanning/ros_ws/install/gz_pkg:/opt/ros/humble LD_LIBRARY_PATH=/home/nic/dev/ATTACKS-SW/MotionPlanning/ros_ws/install/px4_msgs/lib:/home/nic/dev/ATTACKS-SW/MotionPlanning/ros_ws/install/px4_ros_com/lib:/opt/ros/humble/opt/rviz_ogre_vendor/lib:/opt/ros/humble/lib/x86_64-linux-gnu:/opt/ros/humble/lib /usr/bin/cmake --build /home/nic/dev/ATTACKS-SW/MotionPlanning/ros_ws/build/px4_ros_com -- -j32 -l32
[4.454s] DEBUG:colcon.colcon_core.event_handler.log_command:Invoking command in '/home/nic/dev/ATTACKS-SW/MotionPlanning/ros_ws/build/px4_ros_com': CMAKE_PREFIX_PATH=/home/nic/dev/ATTACKS-SW/MotionPlanning/ros_ws/install/px4_msgs:/home/nic/dev/ATTACKS-SW/MotionPlanning/ros_ws/install/px4_ros_com:/home/nic/dev/ATTACKS-SW/MotionPlanning/ros_ws/install/gz_pkg:/opt/ros/humble LD_LIBRARY_PATH=/home/nic/dev/ATTACKS-SW/MotionPlanning/ros_ws/install/px4_msgs/lib:/home/nic/dev/ATTACKS-SW/MotionPlanning/ros_ws/install/px4_ros_com/lib:/opt/ros/humble/opt/rviz_ogre_vendor/lib:/opt/ros/humble/lib/x86_64-linux-gnu:/opt/ros/humble/lib /usr/bin/cmake --install /home/nic/dev/ATTACKS-SW/MotionPlanning/ros_ws/build/px4_ros_com
[4.464s] Level 1:colcon.colcon_core.environment:create_environment_scripts_only(px4_ros_com)
[4.464s] DEBUG:colcon.colcon_core.event_handler.log_command:Invoked command in '/home/nic/dev/ATTACKS-SW/MotionPlanning/ros_ws/build/px4_ros_com' returned '0': CMAKE_PREFIX_PATH=/home/nic/dev/ATTACKS-SW/MotionPlanning/ros_ws/install/px4_msgs:/home/nic/dev/ATTACKS-SW/MotionPlanning/ros_ws/install/px4_ros_com:/home/nic/dev/ATTACKS-SW/MotionPlanning/ros_ws/install/gz_pkg:/opt/ros/humble LD_LIBRARY_PATH=/home/nic/dev/ATTACKS-SW/MotionPlanning/ros_ws/install/px4_msgs/lib:/home/nic/dev/ATTACKS-SW/MotionPlanning/ros_ws/install/px4_ros_com/lib:/opt/ros/humble/opt/rviz_ogre_vendor/lib:/opt/ros/humble/lib/x86_64-linux-gnu:/opt/ros/humble/lib /usr/bin/cmake --install /home/nic/dev/ATTACKS-SW/MotionPlanning/ros_ws/build/px4_ros_com
[4.470s] Level 1:colcon.colcon_core.environment:checking '/home/nic/dev/ATTACKS-SW/MotionPlanning/ros_ws/install/px4_ros_com' for CMake module files
[4.470s] Level 1:colcon.colcon_core.environment:checking '/home/nic/dev/ATTACKS-SW/MotionPlanning/ros_ws/install/px4_ros_com' for CMake config files
[4.470s] Level 1:colcon.colcon_core.shell:create_environment_hook('px4_ros_com', 'cmake_prefix_path')
[4.475s] INFO:colcon.colcon_core.shell:Creating environment hook '/home/nic/dev/ATTACKS-SW/MotionPlanning/ros_ws/install/px4_ros_com/share/px4_ros_com/hook/cmake_prefix_path.ps1'
[4.475s] INFO:colcon.colcon_core.shell:Creating environment descriptor '/home/nic/dev/ATTACKS-SW/MotionPlanning/ros_ws/install/px4_ros_com/share/px4_ros_com/hook/cmake_prefix_path.dsv'
[4.476s] INFO:colcon.colcon_core.shell:Creating environment hook '/home/nic/dev/ATTACKS-SW/MotionPlanning/ros_ws/install/px4_ros_com/share/px4_ros_com/hook/cmake_prefix_path.sh'
[4.476s] Level 1:colcon.colcon_core.environment:checking '/home/nic/dev/ATTACKS-SW/MotionPlanning/ros_ws/install/px4_ros_com/lib'
[4.476s] Level 1:colcon.colcon_core.shell:create_environment_hook('px4_ros_com', 'ld_library_path_lib')
[4.481s] INFO:colcon.colcon_core.shell:Creating environment hook '/home/nic/dev/ATTACKS-SW/MotionPlanning/ros_ws/install/px4_ros_com/share/px4_ros_com/hook/ld_library_path_lib.ps1'
[4.481s] INFO:colcon.colcon_core.shell:Creating environment descriptor '/home/nic/dev/ATTACKS-SW/MotionPlanning/ros_ws/install/px4_ros_com/share/px4_ros_com/hook/ld_library_path_lib.dsv'
[4.481s] INFO:colcon.colcon_core.shell:Creating environment hook '/home/nic/dev/ATTACKS-SW/MotionPlanning/ros_ws/install/px4_ros_com/share/px4_ros_com/hook/ld_library_path_lib.sh'
[4.482s] Level 1:colcon.colcon_core.environment:checking '/home/nic/dev/ATTACKS-SW/MotionPlanning/ros_ws/install/px4_ros_com/bin'
[4.482s] Level 1:colcon.colcon_core.environment:checking '/home/nic/dev/ATTACKS-SW/MotionPlanning/ros_ws/install/px4_ros_com/lib/pkgconfig/px4_ros_com.pc'
[4.482s] Level 1:colcon.colcon_core.environment:checking '/home/nic/dev/ATTACKS-SW/MotionPlanning/ros_ws/install/px4_ros_com/lib/python3.10/site-packages'
[4.482s] Level 1:colcon.colcon_core.environment:checking '/home/nic/dev/ATTACKS-SW/MotionPlanning/ros_ws/install/px4_ros_com/bin'
[4.487s] INFO:colcon.colcon_core.shell:Creating package script '/home/nic/dev/ATTACKS-SW/MotionPlanning/ros_ws/install/px4_ros_com/share/px4_ros_com/package.ps1'
[4.487s] INFO:colcon.colcon_core.shell:Creating package descriptor '/home/nic/dev/ATTACKS-SW/MotionPlanning/ros_ws/install/px4_ros_com/share/px4_ros_com/package.dsv'
[4.487s] INFO:colcon.colcon_core.shell:Creating package script '/home/nic/dev/ATTACKS-SW/MotionPlanning/ros_ws/install/px4_ros_com/share/px4_ros_com/package.sh'
[4.488s] INFO:colcon.colcon_core.shell:Creating package script '/home/nic/dev/ATTACKS-SW/MotionPlanning/ros_ws/install/px4_ros_com/share/px4_ros_com/package.bash'
[4.488s] INFO:colcon.colcon_core.shell:Creating package script '/home/nic/dev/ATTACKS-SW/MotionPlanning/ros_ws/install/px4_ros_com/share/px4_ros_com/package.zsh'
[4.488s] Level 1:colcon.colcon_core.environment:create_file_with_runtime_dependencies(/home/nic/dev/ATTACKS-SW/MotionPlanning/ros_ws/install/px4_ros_com/share/colcon-core/packages/px4_ros_com)
[4.508s] Level 1:colcon.colcon_core.environment:create_environment_scripts_only(px4_ros_com)
[4.514s] Level 1:colcon.colcon_core.environment:checking '/home/nic/dev/ATTACKS-SW/MotionPlanning/ros_ws/install/px4_ros_com' for CMake module files
[4.514s] Level 1:colcon.colcon_core.environment:checking '/home/nic/dev/ATTACKS-SW/MotionPlanning/ros_ws/install/px4_ros_com' for CMake config files
[4.514s] Level 1:colcon.colcon_core.shell:create_environment_hook('px4_ros_com', 'cmake_prefix_path')
[4.519s] INFO:colcon.colcon_core.shell:Creating environment hook '/home/nic/dev/ATTACKS-SW/MotionPlanning/ros_ws/install/px4_ros_com/share/px4_ros_com/hook/cmake_prefix_path.ps1'
[4.519s] INFO:colcon.colcon_core.shell:Creating environment descriptor '/home/nic/dev/ATTACKS-SW/MotionPlanning/ros_ws/install/px4_ros_com/share/px4_ros_com/hook/cmake_prefix_path.dsv'
[4.520s] INFO:colcon.colcon_core.shell:Creating environment hook '/home/nic/dev/ATTACKS-SW/MotionPlanning/ros_ws/install/px4_ros_com/share/px4_ros_com/hook/cmake_prefix_path.sh'
[4.520s] Level 1:colcon.colcon_core.environment:checking '/home/nic/dev/ATTACKS-SW/MotionPlanning/ros_ws/install/px4_ros_com/lib'
[4.520s] Level 1:colcon.colcon_core.shell:create_environment_hook('px4_ros_com', 'ld_library_path_lib')
[4.526s] INFO:colcon.colcon_core.shell:Creating environment hook '/home/nic/dev/ATTACKS-SW/MotionPlanning/ros_ws/install/px4_ros_com/share/px4_ros_com/hook/ld_library_path_lib.ps1'
[4.526s] INFO:colcon.colcon_core.shell:Creating environment descriptor '/home/nic/dev/ATTACKS-SW/MotionPlanning/ros_ws/install/px4_ros_com/share/px4_ros_com/hook/ld_library_path_lib.dsv'
[4.526s] INFO:colcon.colcon_core.shell:Creating environment hook '/home/nic/dev/ATTACKS-SW/MotionPlanning/ros_ws/install/px4_ros_com/share/px4_ros_com/hook/ld_library_path_lib.sh'
[4.526s] Level 1:colcon.colcon_core.environment:checking '/home/nic/dev/ATTACKS-SW/MotionPlanning/ros_ws/install/px4_ros_com/bin'
[4.526s] Level 1:colcon.colcon_core.environment:checking '/home/nic/dev/ATTACKS-SW/MotionPlanning/ros_ws/install/px4_ros_com/lib/pkgconfig/px4_ros_com.pc'
[4.526s] Level 1:colcon.colcon_core.environment:checking '/home/nic/dev/ATTACKS-SW/MotionPlanning/ros_ws/install/px4_ros_com/lib/python3.10/site-packages'
[4.526s] Level 1:colcon.colcon_core.environment:checking '/home/nic/dev/ATTACKS-SW/MotionPlanning/ros_ws/install/px4_ros_com/bin'
[4.532s] INFO:colcon.colcon_core.shell:Creating package script '/home/nic/dev/ATTACKS-SW/MotionPlanning/ros_ws/install/px4_ros_com/share/px4_ros_com/package.ps1'
[4.533s] INFO:colcon.colcon_core.shell:Creating package descriptor '/home/nic/dev/ATTACKS-SW/MotionPlanning/ros_ws/install/px4_ros_com/share/px4_ros_com/package.dsv'
[4.533s] INFO:colcon.colcon_core.shell:Creating package script '/home/nic/dev/ATTACKS-SW/MotionPlanning/ros_ws/install/px4_ros_com/share/px4_ros_com/package.sh'
[4.533s] INFO:colcon.colcon_core.shell:Creating package script '/home/nic/dev/ATTACKS-SW/MotionPlanning/ros_ws/install/px4_ros_com/share/px4_ros_com/package.bash'
[4.533s] INFO:colcon.colcon_core.shell:Creating package script '/home/nic/dev/ATTACKS-SW/MotionPlanning/ros_ws/install/px4_ros_com/share/px4_ros_com/package.zsh'
[4.533s] Level 1:colcon.colcon_core.environment:create_file_with_runtime_dependencies(/home/nic/dev/ATTACKS-SW/MotionPlanning/ros_ws/install/px4_ros_com/share/colcon-core/packages/px4_ros_com)
[4.534s] DEBUG:colcon.colcon_parallel_executor.executor.parallel:closing loop
[4.534s] DEBUG:colcon.colcon_parallel_executor.executor.parallel:loop closed
[4.534s] DEBUG:colcon.colcon_parallel_executor.executor.parallel:run_until_complete finished with '0'
[4.534s] DEBUG:colcon.colcon_core.event_reactor:joining thread
[4.551s] INFO:colcon.colcon_core.plugin_system:Skipping extension 'colcon_notification.desktop_notification.notify_send': Could not find 'notify-send'
[4.551s] INFO:colcon.colcon_core.plugin_system:Skipping extension 'colcon_notification.desktop_notification.terminal_notifier': Not used on non-Darwin systems
[4.551s] INFO:colcon.colcon_core.plugin_system:Skipping extension 'colcon_notification.desktop_notification.win32': Not used on non-Windows systems
[4.551s] INFO:colcon.colcon_notification.desktop_notification:Sending desktop notification using 'notify2'
[4.551s] DEBUG:colcon.colcon_notification.desktop_notification.notify2:Failed to initialize notify2: org.freedesktop.DBus.Error.FileNotFound: Failed to connect to socket /run/user/1000/bus: No such file or directory
[4.551s] DEBUG:colcon.colcon_core.event_reactor:joined thread
[4.557s] INFO:colcon.colcon_core.shell:Creating prefix script '/home/nic/dev/ATTACKS-SW/MotionPlanning/ros_ws/install/local_setup.ps1'
[4.557s] INFO:colcon.colcon_core.shell:Creating prefix util module '/home/nic/dev/ATTACKS-SW/MotionPlanning/ros_ws/install/_local_setup_util_ps1.py'
[4.558s] INFO:colcon.colcon_core.shell:Creating prefix chain script '/home/nic/dev/ATTACKS-SW/MotionPlanning/ros_ws/install/setup.ps1'
[4.563s] INFO:colcon.colcon_core.shell:Creating prefix script '/home/nic/dev/ATTACKS-SW/MotionPlanning/ros_ws/install/local_setup.sh'
[4.564s] INFO:colcon.colcon_core.shell:Creating prefix util module '/home/nic/dev/ATTACKS-SW/MotionPlanning/ros_ws/install/_local_setup_util_sh.py'
[4.564s] INFO:colcon.colcon_core.shell:Creating prefix chain script '/home/nic/dev/ATTACKS-SW/MotionPlanning/ros_ws/install/setup.sh'
[4.570s] INFO:colcon.colcon_core.shell:Creating prefix script '/home/nic/dev/ATTACKS-SW/MotionPlanning/ros_ws/install/local_setup.bash'
[4.570s] INFO:colcon.colcon_core.shell:Creating prefix chain script '/home/nic/dev/ATTACKS-SW/MotionPlanning/ros_ws/install/setup.bash'
[4.576s] INFO:colcon.colcon_core.shell:Creating prefix script '/home/nic/dev/ATTACKS-SW/MotionPlanning/ros_ws/install/local_setup.zsh'
[4.576s] INFO:colcon.colcon_core.shell:Creating prefix chain script '/home/nic/dev/ATTACKS-SW/MotionPlanning/ros_ws/install/setup.zsh'
