[0.465s] DEBUG:colcon:Command line arguments: ['/usr/bin/colcon', 'build', '--symlink-install']
[0.465s] DEBUG:colcon:Parsed command line arguments: Namespace(log_base=None, log_level=None, verb_name='build', build_base='build', install_base='install', merge_install=False, symlink_install=True, test_result_base=None, continue_on_error=False, executor='parallel', parallel_workers=32, event_handlers=None, ignore_user_meta=False, metas=['./colcon.meta'], base_paths=['.'], packages_ignore=None, packages_ignore_regex=None, paths=None, packages_up_to=None, packages_up_to_regex=None, packages_above=None, packages_above_and_dependencies=None, packages_above_depth=None, packages_select_by_dep=None, packages_skip_by_dep=None, packages_skip_up_to=None, packages_select_build_failed=False, packages_skip_build_finished=False, packages_select_test_failures=False, packages_skip_test_passed=False, packages_select=None, packages_skip=None, packages_select_regex=None, packages_skip_regex=None, packages_start=None, packages_end=None, allow_overriding=[], cmake_args=None, cmake_target=None, cmake_target_skip_unavailable=False, cmake_clean_cache=False, cmake_clean_first=False, cmake_force_configure=False, ament_cmake_args=None, catkin_cmake_args=None, catkin_skip_building_tests=False, verb_parser=<colcon_defaults.argument_parser.defaults.DefaultArgumentsDecorator object at 0x7f2792a7aef0>, verb_extension=<colcon_core.verb.build.BuildVerb object at 0x7f2792a7a8f0>, main=<bound method BuildVerb.main of <colcon_core.verb.build.BuildVerb object at 0x7f2792a7a8f0>>)
[0.498s] Level 1:colcon.colcon_core.package_discovery:discover_packages(colcon_meta) check parameters
[0.498s] Level 1:colcon.colcon_core.package_discovery:discover_packages(recursive) check parameters
[0.498s] Level 1:colcon.colcon_core.package_discovery:discover_packages(ignore) check parameters
[0.498s] Level 1:colcon.colcon_core.package_discovery:discover_packages(path) check parameters
[0.498s] Level 1:colcon.colcon_core.package_discovery:discover_packages(colcon_meta) discover
[0.498s] Level 1:colcon.colcon_core.package_discovery:discover_packages(recursive) discover
[0.498s] INFO:colcon.colcon_core.package_discovery:Crawling recursively for packages in '/home/nic/dev/ATTACKS-SW/MotionPlanning/ros_ws'
[0.498s] Level 1:colcon.colcon_core.package_identification:_identify(.) by extensions ['ignore', 'ignore_ament_install']
[0.498s] Level 1:colcon.colcon_core.package_identification:_identify(.) by extension 'ignore'
[0.498s] Level 1:colcon.colcon_core.package_identification:_identify(.) by extension 'ignore_ament_install'
[0.498s] Level 1:colcon.colcon_core.package_identification:_identify(.) by extensions ['colcon_pkg']
[0.498s] Level 1:colcon.colcon_core.package_identification:_identify(.) by extension 'colcon_pkg'
[0.498s] Level 1:colcon.colcon_core.package_identification:_identify(.) by extensions ['colcon_meta']
[0.498s] Level 1:colcon.colcon_core.package_identification:_identify(.) by extension 'colcon_meta'
[0.498s] Level 1:colcon.colcon_core.package_identification:_identify(.) by extensions ['ros']
[0.498s] Level 1:colcon.colcon_core.package_identification:_identify(.) by extension 'ros'
[0.506s] Level 1:colcon.colcon_core.package_identification:_identify(.) by extensions ['cmake', 'python']
[0.506s] Level 1:colcon.colcon_core.package_identification:_identify(.) by extension 'cmake'
[0.506s] Level 1:colcon.colcon_core.package_identification:_identify(.) by extension 'python'
[0.506s] Level 1:colcon.colcon_core.package_identification:_identify(.) by extensions ['python_setup_py']
[0.506s] Level 1:colcon.colcon_core.package_identification:_identify(.) by extension 'python_setup_py'
[0.507s] Level 1:colcon.colcon_core.package_identification:_identify(build) by extensions ['ignore', 'ignore_ament_install']
[0.507s] Level 1:colcon.colcon_core.package_identification:_identify(build) by extension 'ignore'
[0.507s] Level 1:colcon.colcon_core.package_identification:_identify(build) ignored
[0.507s] Level 1:colcon.colcon_core.package_identification:_identify(install) by extensions ['ignore', 'ignore_ament_install']
[0.507s] Level 1:colcon.colcon_core.package_identification:_identify(install) by extension 'ignore'
[0.507s] Level 1:colcon.colcon_core.package_identification:_identify(install) ignored
[0.507s] Level 1:colcon.colcon_core.package_identification:_identify(log) by extensions ['ignore', 'ignore_ament_install']
[0.507s] Level 1:colcon.colcon_core.package_identification:_identify(log) by extension 'ignore'
[0.507s] Level 1:colcon.colcon_core.package_identification:_identify(log) ignored
[0.507s] Level 1:colcon.colcon_core.package_identification:_identify(src) by extensions ['ignore', 'ignore_ament_install']
[0.507s] Level 1:colcon.colcon_core.package_identification:_identify(src) by extension 'ignore'
[0.507s] Level 1:colcon.colcon_core.package_identification:_identify(src) by extension 'ignore_ament_install'
[0.507s] Level 1:colcon.colcon_core.package_identification:_identify(src) by extensions ['colcon_pkg']
[0.507s] Level 1:colcon.colcon_core.package_identification:_identify(src) by extension 'colcon_pkg'
[0.507s] Level 1:colcon.colcon_core.package_identification:_identify(src) by extensions ['colcon_meta']
[0.507s] Level 1:colcon.colcon_core.package_identification:_identify(src) by extension 'colcon_meta'
[0.507s] Level 1:colcon.colcon_core.package_identification:_identify(src) by extensions ['ros']
[0.507s] Level 1:colcon.colcon_core.package_identification:_identify(src) by extension 'ros'
[0.507s] Level 1:colcon.colcon_core.package_identification:_identify(src) by extensions ['cmake', 'python']
[0.507s] Level 1:colcon.colcon_core.package_identification:_identify(src) by extension 'cmake'
[0.507s] Level 1:colcon.colcon_core.package_identification:_identify(src) by extension 'python'
[0.507s] Level 1:colcon.colcon_core.package_identification:_identify(src) by extensions ['python_setup_py']
[0.507s] Level 1:colcon.colcon_core.package_identification:_identify(src) by extension 'python_setup_py'
[0.507s] Level 1:colcon.colcon_core.package_identification:_identify(src/gz_pkg) by extensions ['ignore', 'ignore_ament_install']
[0.507s] Level 1:colcon.colcon_core.package_identification:_identify(src/gz_pkg) by extension 'ignore'
[0.507s] Level 1:colcon.colcon_core.package_identification:_identify(src/gz_pkg) by extension 'ignore_ament_install'
[0.507s] Level 1:colcon.colcon_core.package_identification:_identify(src/gz_pkg) by extensions ['colcon_pkg']
[0.507s] Level 1:colcon.colcon_core.package_identification:_identify(src/gz_pkg) by extension 'colcon_pkg'
[0.507s] Level 1:colcon.colcon_core.package_identification:_identify(src/gz_pkg) by extensions ['colcon_meta']
[0.507s] Level 1:colcon.colcon_core.package_identification:_identify(src/gz_pkg) by extension 'colcon_meta'
[0.507s] Level 1:colcon.colcon_core.package_identification:_identify(src/gz_pkg) by extensions ['ros']
[0.507s] Level 1:colcon.colcon_core.package_identification:_identify(src/gz_pkg) by extension 'ros'
[0.509s] DEBUG:colcon.colcon_core.package_identification:Package 'src/gz_pkg' with type 'ros.ament_cmake' and name 'gz_pkg'
[0.509s] Level 1:colcon.colcon_core.package_identification:_identify(src/px4_msgs) by extensions ['ignore', 'ignore_ament_install']
[0.509s] Level 1:colcon.colcon_core.package_identification:_identify(src/px4_msgs) by extension 'ignore'
[0.509s] Level 1:colcon.colcon_core.package_identification:_identify(src/px4_msgs) by extension 'ignore_ament_install'
[0.509s] Level 1:colcon.colcon_core.package_identification:_identify(src/px4_msgs) by extensions ['colcon_pkg']
[0.509s] Level 1:colcon.colcon_core.package_identification:_identify(src/px4_msgs) by extension 'colcon_pkg'
[0.509s] Level 1:colcon.colcon_core.package_identification:_identify(src/px4_msgs) by extensions ['colcon_meta']
[0.509s] Level 1:colcon.colcon_core.package_identification:_identify(src/px4_msgs) by extension 'colcon_meta'
[0.509s] Level 1:colcon.colcon_core.package_identification:_identify(src/px4_msgs) by extensions ['ros']
[0.509s] Level 1:colcon.colcon_core.package_identification:_identify(src/px4_msgs) by extension 'ros'
[0.509s] DEBUG:colcon.colcon_core.package_identification:Package 'src/px4_msgs' with type 'ros.ament_cmake' and name 'px4_msgs'
[0.509s] Level 1:colcon.colcon_core.package_identification:_identify(src/px4_ros_com) by extensions ['ignore', 'ignore_ament_install']
[0.509s] Level 1:colcon.colcon_core.package_identification:_identify(src/px4_ros_com) by extension 'ignore'
[0.509s] Level 1:colcon.colcon_core.package_identification:_identify(src/px4_ros_com) by extension 'ignore_ament_install'
[0.509s] Level 1:colcon.colcon_core.package_identification:_identify(src/px4_ros_com) by extensions ['colcon_pkg']
[0.509s] Level 1:colcon.colcon_core.package_identification:_identify(src/px4_ros_com) by extension 'colcon_pkg'
[0.509s] Level 1:colcon.colcon_core.package_identification:_identify(src/px4_ros_com) by extensions ['colcon_meta']
[0.509s] Level 1:colcon.colcon_core.package_identification:_identify(src/px4_ros_com) by extension 'colcon_meta'
[0.509s] Level 1:colcon.colcon_core.package_identification:_identify(src/px4_ros_com) by extensions ['ros']
[0.509s] Level 1:colcon.colcon_core.package_identification:_identify(src/px4_ros_com) by extension 'ros'
[0.510s] DEBUG:colcon.colcon_core.package_identification:Package 'src/px4_ros_com' with type 'ros.ament_cmake' and name 'px4_ros_com'
[0.510s] Level 1:colcon.colcon_core.package_discovery:discover_packages(recursive) using defaults
[0.510s] Level 1:colcon.colcon_core.package_discovery:discover_packages(ignore) discover
[0.510s] Level 1:colcon.colcon_core.package_discovery:discover_packages(ignore) using defaults
[0.510s] Level 1:colcon.colcon_core.package_discovery:discover_packages(path) discover
[0.510s] Level 1:colcon.colcon_core.package_discovery:discover_packages(path) using defaults
[0.550s] Level 1:colcon.colcon_core.package_discovery:discover_packages(prefix_path) check parameters
[0.550s] Level 1:colcon.colcon_core.package_discovery:discover_packages(prefix_path) discover
[0.562s] DEBUG:colcon.colcon_installed_package_information.package_discovery:Found 313 installed packages in /opt/ros/humble
[0.563s] Level 1:colcon.colcon_core.package_discovery:discover_packages(prefix_path) using defaults
[0.594s] Level 5:colcon.colcon_core.verb:set package 'gz_pkg' build argument 'cmake_args' from command line to 'None'
[0.594s] Level 5:colcon.colcon_core.verb:set package 'gz_pkg' build argument 'cmake_target' from command line to 'None'
[0.594s] Level 5:colcon.colcon_core.verb:set package 'gz_pkg' build argument 'cmake_target_skip_unavailable' from command line to 'False'
[0.594s] Level 5:colcon.colcon_core.verb:set package 'gz_pkg' build argument 'cmake_clean_cache' from command line to 'False'
[0.594s] Level 5:colcon.colcon_core.verb:set package 'gz_pkg' build argument 'cmake_clean_first' from command line to 'False'
[0.594s] Level 5:colcon.colcon_core.verb:set package 'gz_pkg' build argument 'cmake_force_configure' from command line to 'False'
[0.594s] Level 5:colcon.colcon_core.verb:set package 'gz_pkg' build argument 'ament_cmake_args' from command line to 'None'
[0.594s] Level 5:colcon.colcon_core.verb:set package 'gz_pkg' build argument 'catkin_cmake_args' from command line to 'None'
[0.594s] Level 5:colcon.colcon_core.verb:set package 'gz_pkg' build argument 'catkin_skip_building_tests' from command line to 'False'
[0.594s] DEBUG:colcon.colcon_core.verb:Building package 'gz_pkg' with the following arguments: {'ament_cmake_args': None, 'build_base': '/home/nic/dev/ATTACKS-SW/MotionPlanning/ros_ws/build/gz_pkg', 'catkin_cmake_args': None, 'catkin_skip_building_tests': False, 'cmake_args': None, 'cmake_clean_cache': False, 'cmake_clean_first': False, 'cmake_force_configure': False, 'cmake_target': None, 'cmake_target_skip_unavailable': False, 'install_base': '/home/nic/dev/ATTACKS-SW/MotionPlanning/ros_ws/install/gz_pkg', 'merge_install': False, 'path': '/home/nic/dev/ATTACKS-SW/MotionPlanning/ros_ws/src/gz_pkg', 'symlink_install': True, 'test_result_base': None}
[0.599s] Level 5:colcon.colcon_core.verb:set package 'px4_msgs' build argument 'cmake_args' from command line to 'None'
[0.599s] Level 5:colcon.colcon_core.verb:set package 'px4_msgs' build argument 'cmake_target' from command line to 'None'
[0.599s] Level 5:colcon.colcon_core.verb:set package 'px4_msgs' build argument 'cmake_target_skip_unavailable' from command line to 'False'
[0.599s] Level 5:colcon.colcon_core.verb:set package 'px4_msgs' build argument 'cmake_clean_cache' from command line to 'False'
[0.599s] Level 5:colcon.colcon_core.verb:set package 'px4_msgs' build argument 'cmake_clean_first' from command line to 'False'
[0.599s] Level 5:colcon.colcon_core.verb:set package 'px4_msgs' build argument 'cmake_force_configure' from command line to 'False'
[0.599s] Level 5:colcon.colcon_core.verb:set package 'px4_msgs' build argument 'ament_cmake_args' from command line to 'None'
[0.599s] Level 5:colcon.colcon_core.verb:set package 'px4_msgs' build argument 'catkin_cmake_args' from command line to 'None'
[0.599s] Level 5:colcon.colcon_core.verb:set package 'px4_msgs' build argument 'catkin_skip_building_tests' from command line to 'False'
[0.599s] DEBUG:colcon.colcon_core.verb:Building package 'px4_msgs' with the following arguments: {'ament_cmake_args': None, 'build_base': '/home/nic/dev/ATTACKS-SW/MotionPlanning/ros_ws/build/px4_msgs', 'catkin_cmake_args': None, 'catkin_skip_building_tests': False, 'cmake_args': None, 'cmake_clean_cache': False, 'cmake_clean_first': False, 'cmake_force_configure': False, 'cmake_target': None, 'cmake_target_skip_unavailable': False, 'install_base': '/home/nic/dev/ATTACKS-SW/MotionPlanning/ros_ws/install/px4_msgs', 'merge_install': False, 'path': '/home/nic/dev/ATTACKS-SW/MotionPlanning/ros_ws/src/px4_msgs', 'symlink_install': True, 'test_result_base': None}
[0.604s] Level 5:colcon.colcon_core.verb:set package 'px4_ros_com' build argument 'cmake_args' from command line to 'None'
[0.604s] Level 5:colcon.colcon_core.verb:set package 'px4_ros_com' build argument 'cmake_target' from command line to 'None'
[0.604s] Level 5:colcon.colcon_core.verb:set package 'px4_ros_com' build argument 'cmake_target_skip_unavailable' from command line to 'False'
[0.604s] Level 5:colcon.colcon_core.verb:set package 'px4_ros_com' build argument 'cmake_clean_cache' from command line to 'False'
[0.604s] Level 5:colcon.colcon_core.verb:set package 'px4_ros_com' build argument 'cmake_clean_first' from command line to 'False'
[0.604s] Level 5:colcon.colcon_core.verb:set package 'px4_ros_com' build argument 'cmake_force_configure' from command line to 'False'
[0.604s] Level 5:colcon.colcon_core.verb:set package 'px4_ros_com' build argument 'ament_cmake_args' from command line to 'None'
[0.604s] Level 5:colcon.colcon_core.verb:set package 'px4_ros_com' build argument 'catkin_cmake_args' from command line to 'None'
[0.604s] Level 5:colcon.colcon_core.verb:set package 'px4_ros_com' build argument 'catkin_skip_building_tests' from command line to 'False'
[0.604s] DEBUG:colcon.colcon_core.verb:Building package 'px4_ros_com' with the following arguments: {'ament_cmake_args': None, 'build_base': '/home/nic/dev/ATTACKS-SW/MotionPlanning/ros_ws/build/px4_ros_com', 'catkin_cmake_args': None, 'catkin_skip_building_tests': False, 'cmake_args': None, 'cmake_clean_cache': False, 'cmake_clean_first': False, 'cmake_force_configure': False, 'cmake_target': None, 'cmake_target_skip_unavailable': False, 'install_base': '/home/nic/dev/ATTACKS-SW/MotionPlanning/ros_ws/install/px4_ros_com', 'merge_install': False, 'path': '/home/nic/dev/ATTACKS-SW/MotionPlanning/ros_ws/src/px4_ros_com', 'symlink_install': True, 'test_result_base': None}
[0.609s] INFO:colcon.colcon_core.executor:Executing jobs using 'parallel' executor
[0.619s] DEBUG:colcon.colcon_parallel_executor.executor.parallel:run_until_complete
[0.620s] INFO:colcon.colcon_ros.task.ament_cmake.build:Building ROS package in '/home/nic/dev/ATTACKS-SW/MotionPlanning/ros_ws/src/px4_msgs' with build type 'ament_cmake'
[0.620s] INFO:colcon.colcon_cmake.task.cmake.build:Building CMake package in '/home/nic/dev/ATTACKS-SW/MotionPlanning/ros_ws/src/px4_msgs'
[0.627s] INFO:colcon.colcon_core.plugin_system:Skipping extension 'colcon_core.shell.bat': Not used on non-Windows systems
[0.628s] INFO:colcon.colcon_core.shell:Skip shell extension 'powershell' for command environment: Not usable outside of PowerShell
[0.628s] DEBUG:colcon.colcon_core.shell:Skip shell extension 'dsv' for command environment
[0.639s] INFO:colcon.colcon_ros.task.ament_cmake.build:Building ROS package in '/home/nic/dev/ATTACKS-SW/MotionPlanning/ros_ws/src/gz_pkg' with build type 'ament_cmake'
[0.639s] INFO:colcon.colcon_cmake.task.cmake.build:Building CMake package in '/home/nic/dev/ATTACKS-SW/MotionPlanning/ros_ws/src/gz_pkg'
[0.645s] INFO:colcon.colcon_core.shell:Skip shell extension 'powershell' for command environment: Not usable outside of PowerShell
[0.645s] DEBUG:colcon.colcon_core.shell:Skip shell extension 'dsv' for command environment
[0.657s] DEBUG:colcon.colcon_core.event_handler.log_command:Invoking command in '/home/nic/dev/ATTACKS-SW/MotionPlanning/ros_ws/build/px4_msgs': CMAKE_PREFIX_PATH=/opt/ros/humble /usr/bin/cmake /home/nic/dev/ATTACKS-SW/MotionPlanning/ros_ws/src/px4_msgs -DAMENT_CMAKE_SYMLINK_INSTALL=1 -DCMAKE_INSTALL_PREFIX=/home/nic/dev/ATTACKS-SW/MotionPlanning/ros_ws/install/px4_msgs
[0.664s] DEBUG:colcon.colcon_core.event_handler.log_command:Invoking command in '/home/nic/dev/ATTACKS-SW/MotionPlanning/ros_ws/build/gz_pkg': CMAKE_PREFIX_PATH=/opt/ros/humble /usr/bin/cmake /home/nic/dev/ATTACKS-SW/MotionPlanning/ros_ws/src/gz_pkg -DAMENT_CMAKE_SYMLINK_INSTALL=1 -DCMAKE_INSTALL_PREFIX=/home/nic/dev/ATTACKS-SW/MotionPlanning/ros_ws/install/gz_pkg
[1.231s] DEBUG:colcon.colcon_core.event_handler.log_command:Invoked command in '/home/nic/dev/ATTACKS-SW/MotionPlanning/ros_ws/build/gz_pkg' returned '0': CMAKE_PREFIX_PATH=/opt/ros/humble /usr/bin/cmake /home/nic/dev/ATTACKS-SW/MotionPlanning/ros_ws/src/gz_pkg -DAMENT_CMAKE_SYMLINK_INSTALL=1 -DCMAKE_INSTALL_PREFIX=/home/nic/dev/ATTACKS-SW/MotionPlanning/ros_ws/install/gz_pkg
[1.232s] DEBUG:colcon.colcon_core.event_handler.log_command:Invoking command in '/home/nic/dev/ATTACKS-SW/MotionPlanning/ros_ws/build/gz_pkg': CMAKE_PREFIX_PATH=/opt/ros/humble /usr/bin/cmake --build /home/nic/dev/ATTACKS-SW/MotionPlanning/ros_ws/build/gz_pkg -- -j32 -l32
[1.246s] DEBUG:colcon.colcon_core.event_handler.log_command:Invoked command in '/home/nic/dev/ATTACKS-SW/MotionPlanning/ros_ws/build/gz_pkg' returned '0': CMAKE_PREFIX_PATH=/opt/ros/humble /usr/bin/cmake --build /home/nic/dev/ATTACKS-SW/MotionPlanning/ros_ws/build/gz_pkg -- -j32 -l32
[1.257s] DEBUG:colcon.colcon_core.event_handler.log_command:Invoking command in '/home/nic/dev/ATTACKS-SW/MotionPlanning/ros_ws/build/gz_pkg': CMAKE_PREFIX_PATH=/opt/ros/humble /usr/bin/cmake --install /home/nic/dev/ATTACKS-SW/MotionPlanning/ros_ws/build/gz_pkg
[1.356s] Level 1:colcon.colcon_core.environment:create_environment_scripts_only(gz_pkg)
[1.357s] DEBUG:colcon.colcon_core.event_handler.log_command:Invoked command in '/home/nic/dev/ATTACKS-SW/MotionPlanning/ros_ws/build/gz_pkg' returned '0': CMAKE_PREFIX_PATH=/opt/ros/humble /usr/bin/cmake --install /home/nic/dev/ATTACKS-SW/MotionPlanning/ros_ws/build/gz_pkg
[1.365s] Level 1:colcon.colcon_core.environment:checking '/home/nic/dev/ATTACKS-SW/MotionPlanning/ros_ws/install/gz_pkg' for CMake module files
[1.365s] Level 1:colcon.colcon_core.environment:checking '/home/nic/dev/ATTACKS-SW/MotionPlanning/ros_ws/install/gz_pkg' for CMake config files
[1.366s] Level 1:colcon.colcon_core.shell:create_environment_hook('gz_pkg', 'cmake_prefix_path')
[1.371s] INFO:colcon.colcon_core.shell:Creating environment hook '/home/nic/dev/ATTACKS-SW/MotionPlanning/ros_ws/install/gz_pkg/share/gz_pkg/hook/cmake_prefix_path.ps1'
[1.371s] INFO:colcon.colcon_core.shell:Creating environment descriptor '/home/nic/dev/ATTACKS-SW/MotionPlanning/ros_ws/install/gz_pkg/share/gz_pkg/hook/cmake_prefix_path.dsv'
[1.372s] INFO:colcon.colcon_core.shell:Creating environment hook '/home/nic/dev/ATTACKS-SW/MotionPlanning/ros_ws/install/gz_pkg/share/gz_pkg/hook/cmake_prefix_path.sh'
[1.373s] Level 1:colcon.colcon_core.environment:checking '/home/nic/dev/ATTACKS-SW/MotionPlanning/ros_ws/install/gz_pkg/bin'
[1.373s] Level 1:colcon.colcon_core.environment:checking '/home/nic/dev/ATTACKS-SW/MotionPlanning/ros_ws/install/gz_pkg/lib/pkgconfig/gz_pkg.pc'
[1.373s] Level 1:colcon.colcon_core.environment:checking '/home/nic/dev/ATTACKS-SW/MotionPlanning/ros_ws/install/gz_pkg/lib/python3.10/site-packages'
[1.373s] Level 1:colcon.colcon_core.environment:checking '/home/nic/dev/ATTACKS-SW/MotionPlanning/ros_ws/install/gz_pkg/bin'
[1.378s] INFO:colcon.colcon_core.shell:Creating package script '/home/nic/dev/ATTACKS-SW/MotionPlanning/ros_ws/install/gz_pkg/share/gz_pkg/package.ps1'
[1.378s] INFO:colcon.colcon_core.shell:Creating package descriptor '/home/nic/dev/ATTACKS-SW/MotionPlanning/ros_ws/install/gz_pkg/share/gz_pkg/package.dsv'
[1.379s] INFO:colcon.colcon_core.shell:Creating package script '/home/nic/dev/ATTACKS-SW/MotionPlanning/ros_ws/install/gz_pkg/share/gz_pkg/package.sh'
[1.379s] INFO:colcon.colcon_core.shell:Creating package script '/home/nic/dev/ATTACKS-SW/MotionPlanning/ros_ws/install/gz_pkg/share/gz_pkg/package.bash'
[1.380s] INFO:colcon.colcon_core.shell:Creating package script '/home/nic/dev/ATTACKS-SW/MotionPlanning/ros_ws/install/gz_pkg/share/gz_pkg/package.zsh'
[1.381s] Level 1:colcon.colcon_core.environment:create_file_with_runtime_dependencies(/home/nic/dev/ATTACKS-SW/MotionPlanning/ros_ws/install/gz_pkg/share/colcon-core/packages/gz_pkg)
[1.394s] Level 1:colcon.colcon_core.environment:create_environment_scripts_only(gz_pkg)
[1.399s] Level 1:colcon.colcon_core.environment:checking '/home/nic/dev/ATTACKS-SW/MotionPlanning/ros_ws/install/gz_pkg' for CMake module files
[1.399s] Level 1:colcon.colcon_core.environment:checking '/home/nic/dev/ATTACKS-SW/MotionPlanning/ros_ws/install/gz_pkg' for CMake config files
[1.400s] Level 1:colcon.colcon_core.shell:create_environment_hook('gz_pkg', 'cmake_prefix_path')
[1.405s] INFO:colcon.colcon_core.shell:Creating environment hook '/home/nic/dev/ATTACKS-SW/MotionPlanning/ros_ws/install/gz_pkg/share/gz_pkg/hook/cmake_prefix_path.ps1'
[1.406s] INFO:colcon.colcon_core.shell:Creating environment descriptor '/home/nic/dev/ATTACKS-SW/MotionPlanning/ros_ws/install/gz_pkg/share/gz_pkg/hook/cmake_prefix_path.dsv'
[1.406s] INFO:colcon.colcon_core.shell:Creating environment hook '/home/nic/dev/ATTACKS-SW/MotionPlanning/ros_ws/install/gz_pkg/share/gz_pkg/hook/cmake_prefix_path.sh'
[1.406s] Level 1:colcon.colcon_core.environment:checking '/home/nic/dev/ATTACKS-SW/MotionPlanning/ros_ws/install/gz_pkg/bin'
[1.406s] Level 1:colcon.colcon_core.environment:checking '/home/nic/dev/ATTACKS-SW/MotionPlanning/ros_ws/install/gz_pkg/lib/pkgconfig/gz_pkg.pc'
[1.406s] Level 1:colcon.colcon_core.environment:checking '/home/nic/dev/ATTACKS-SW/MotionPlanning/ros_ws/install/gz_pkg/lib/python3.10/site-packages'
[1.406s] Level 1:colcon.colcon_core.environment:checking '/home/nic/dev/ATTACKS-SW/MotionPlanning/ros_ws/install/gz_pkg/bin'
[1.411s] INFO:colcon.colcon_core.shell:Creating package script '/home/nic/dev/ATTACKS-SW/MotionPlanning/ros_ws/install/gz_pkg/share/gz_pkg/package.ps1'
[1.412s] INFO:colcon.colcon_core.shell:Creating package descriptor '/home/nic/dev/ATTACKS-SW/MotionPlanning/ros_ws/install/gz_pkg/share/gz_pkg/package.dsv'
[1.412s] INFO:colcon.colcon_core.shell:Creating package script '/home/nic/dev/ATTACKS-SW/MotionPlanning/ros_ws/install/gz_pkg/share/gz_pkg/package.sh'
[1.412s] INFO:colcon.colcon_core.shell:Creating package script '/home/nic/dev/ATTACKS-SW/MotionPlanning/ros_ws/install/gz_pkg/share/gz_pkg/package.bash'
[1.412s] INFO:colcon.colcon_core.shell:Creating package script '/home/nic/dev/ATTACKS-SW/MotionPlanning/ros_ws/install/gz_pkg/share/gz_pkg/package.zsh'
[1.412s] Level 1:colcon.colcon_core.environment:create_file_with_runtime_dependencies(/home/nic/dev/ATTACKS-SW/MotionPlanning/ros_ws/install/gz_pkg/share/colcon-core/packages/gz_pkg)
[2.653s] DEBUG:colcon.colcon_core.event_handler.log_command:Invoked command in '/home/nic/dev/ATTACKS-SW/MotionPlanning/ros_ws/build/px4_msgs' returned '0': CMAKE_PREFIX_PATH=/opt/ros/humble /usr/bin/cmake /home/nic/dev/ATTACKS-SW/MotionPlanning/ros_ws/src/px4_msgs -DAMENT_CMAKE_SYMLINK_INSTALL=1 -DCMAKE_INSTALL_PREFIX=/home/nic/dev/ATTACKS-SW/MotionPlanning/ros_ws/install/px4_msgs
[2.654s] DEBUG:colcon.colcon_core.event_handler.log_command:Invoking command in '/home/nic/dev/ATTACKS-SW/MotionPlanning/ros_ws/build/px4_msgs': CMAKE_PREFIX_PATH=/opt/ros/humble /usr/bin/cmake --build /home/nic/dev/ATTACKS-SW/MotionPlanning/ros_ws/build/px4_msgs -- -j32 -l32
[74.732s] DEBUG:colcon.colcon_core.event_handler.log_command:Invoked command in '/home/nic/dev/ATTACKS-SW/MotionPlanning/ros_ws/build/px4_msgs' returned '0': CMAKE_PREFIX_PATH=/opt/ros/humble /usr/bin/cmake --build /home/nic/dev/ATTACKS-SW/MotionPlanning/ros_ws/build/px4_msgs -- -j32 -l32
[77.060s] DEBUG:colcon.colcon_core.event_handler.log_command:Invoking command in '/home/nic/dev/ATTACKS-SW/MotionPlanning/ros_ws/build/px4_msgs': CMAKE_PREFIX_PATH=/opt/ros/humble /usr/bin/cmake --install /home/nic/dev/ATTACKS-SW/MotionPlanning/ros_ws/build/px4_msgs
[89.632s] Level 1:colcon.colcon_core.environment:create_environment_scripts_only(px4_msgs)
[89.633s] DEBUG:colcon.colcon_core.event_handler.log_command:Invoked command in '/home/nic/dev/ATTACKS-SW/MotionPlanning/ros_ws/build/px4_msgs' returned '0': CMAKE_PREFIX_PATH=/opt/ros/humble /usr/bin/cmake --install /home/nic/dev/ATTACKS-SW/MotionPlanning/ros_ws/build/px4_msgs
[89.640s] Level 1:colcon.colcon_core.environment:checking '/home/nic/dev/ATTACKS-SW/MotionPlanning/ros_ws/install/px4_msgs' for CMake module files
[89.640s] Level 1:colcon.colcon_core.environment:checking '/home/nic/dev/ATTACKS-SW/MotionPlanning/ros_ws/install/px4_msgs' for CMake config files
[89.648s] Level 1:colcon.colcon_core.shell:create_environment_hook('px4_msgs', 'cmake_prefix_path')
[89.655s] INFO:colcon.colcon_core.shell:Creating environment hook '/home/nic/dev/ATTACKS-SW/MotionPlanning/ros_ws/install/px4_msgs/share/px4_msgs/hook/cmake_prefix_path.ps1'
[89.655s] INFO:colcon.colcon_core.shell:Creating environment descriptor '/home/nic/dev/ATTACKS-SW/MotionPlanning/ros_ws/install/px4_msgs/share/px4_msgs/hook/cmake_prefix_path.dsv'
[89.655s] INFO:colcon.colcon_core.shell:Creating environment hook '/home/nic/dev/ATTACKS-SW/MotionPlanning/ros_ws/install/px4_msgs/share/px4_msgs/hook/cmake_prefix_path.sh'
[89.656s] Level 1:colcon.colcon_core.environment:checking '/home/nic/dev/ATTACKS-SW/MotionPlanning/ros_ws/install/px4_msgs/lib'
[89.656s] Level 1:colcon.colcon_core.shell:create_environment_hook('px4_msgs', 'ld_library_path_lib')
[89.663s] INFO:colcon.colcon_core.shell:Creating environment hook '/home/nic/dev/ATTACKS-SW/MotionPlanning/ros_ws/install/px4_msgs/share/px4_msgs/hook/ld_library_path_lib.ps1'
[89.663s] INFO:colcon.colcon_core.shell:Creating environment descriptor '/home/nic/dev/ATTACKS-SW/MotionPlanning/ros_ws/install/px4_msgs/share/px4_msgs/hook/ld_library_path_lib.dsv'
[89.663s] INFO:colcon.colcon_core.shell:Creating environment hook '/home/nic/dev/ATTACKS-SW/MotionPlanning/ros_ws/install/px4_msgs/share/px4_msgs/hook/ld_library_path_lib.sh'
[89.663s] Level 1:colcon.colcon_core.environment:checking '/home/nic/dev/ATTACKS-SW/MotionPlanning/ros_ws/install/px4_msgs/bin'
[89.663s] Level 1:colcon.colcon_core.environment:checking '/home/nic/dev/ATTACKS-SW/MotionPlanning/ros_ws/install/px4_msgs/lib/pkgconfig/px4_msgs.pc'
[89.663s] Level 1:colcon.colcon_core.environment:checking '/home/nic/dev/ATTACKS-SW/MotionPlanning/ros_ws/install/px4_msgs/lib/python3.10/site-packages'
[89.663s] Level 1:colcon.colcon_core.environment:checking '/home/nic/dev/ATTACKS-SW/MotionPlanning/ros_ws/install/px4_msgs/bin'
[89.671s] INFO:colcon.colcon_core.shell:Creating package script '/home/nic/dev/ATTACKS-SW/MotionPlanning/ros_ws/install/px4_msgs/share/px4_msgs/package.ps1'
[89.671s] INFO:colcon.colcon_core.shell:Creating package descriptor '/home/nic/dev/ATTACKS-SW/MotionPlanning/ros_ws/install/px4_msgs/share/px4_msgs/package.dsv'
[89.671s] INFO:colcon.colcon_core.shell:Creating package script '/home/nic/dev/ATTACKS-SW/MotionPlanning/ros_ws/install/px4_msgs/share/px4_msgs/package.sh'
[89.672s] INFO:colcon.colcon_core.shell:Creating package script '/home/nic/dev/ATTACKS-SW/MotionPlanning/ros_ws/install/px4_msgs/share/px4_msgs/package.bash'
[89.672s] INFO:colcon.colcon_core.shell:Creating package script '/home/nic/dev/ATTACKS-SW/MotionPlanning/ros_ws/install/px4_msgs/share/px4_msgs/package.zsh'
[89.672s] Level 1:colcon.colcon_core.environment:create_file_with_runtime_dependencies(/home/nic/dev/ATTACKS-SW/MotionPlanning/ros_ws/install/px4_msgs/share/colcon-core/packages/px4_msgs)
[91.431s] Level 1:colcon.colcon_core.environment:create_environment_scripts_only(px4_msgs)
[91.438s] Level 1:colcon.colcon_core.environment:checking '/home/nic/dev/ATTACKS-SW/MotionPlanning/ros_ws/install/px4_msgs' for CMake module files
[91.439s] Level 1:colcon.colcon_core.environment:checking '/home/nic/dev/ATTACKS-SW/MotionPlanning/ros_ws/install/px4_msgs' for CMake config files
[91.447s] Level 1:colcon.colcon_core.shell:create_environment_hook('px4_msgs', 'cmake_prefix_path')
[91.454s] INFO:colcon.colcon_core.shell:Creating environment hook '/home/nic/dev/ATTACKS-SW/MotionPlanning/ros_ws/install/px4_msgs/share/px4_msgs/hook/cmake_prefix_path.ps1'
[91.455s] INFO:colcon.colcon_core.shell:Creating environment descriptor '/home/nic/dev/ATTACKS-SW/MotionPlanning/ros_ws/install/px4_msgs/share/px4_msgs/hook/cmake_prefix_path.dsv'
[91.455s] INFO:colcon.colcon_core.shell:Creating environment hook '/home/nic/dev/ATTACKS-SW/MotionPlanning/ros_ws/install/px4_msgs/share/px4_msgs/hook/cmake_prefix_path.sh'
[91.455s] Level 1:colcon.colcon_core.environment:checking '/home/nic/dev/ATTACKS-SW/MotionPlanning/ros_ws/install/px4_msgs/lib'
[91.455s] Level 1:colcon.colcon_core.shell:create_environment_hook('px4_msgs', 'ld_library_path_lib')
[91.462s] INFO:colcon.colcon_core.shell:Creating environment hook '/home/nic/dev/ATTACKS-SW/MotionPlanning/ros_ws/install/px4_msgs/share/px4_msgs/hook/ld_library_path_lib.ps1'
[91.462s] INFO:colcon.colcon_core.shell:Creating environment descriptor '/home/nic/dev/ATTACKS-SW/MotionPlanning/ros_ws/install/px4_msgs/share/px4_msgs/hook/ld_library_path_lib.dsv'
[91.462s] INFO:colcon.colcon_core.shell:Creating environment hook '/home/nic/dev/ATTACKS-SW/MotionPlanning/ros_ws/install/px4_msgs/share/px4_msgs/hook/ld_library_path_lib.sh'
[91.463s] Level 1:colcon.colcon_core.environment:checking '/home/nic/dev/ATTACKS-SW/MotionPlanning/ros_ws/install/px4_msgs/bin'
[91.463s] Level 1:colcon.colcon_core.environment:checking '/home/nic/dev/ATTACKS-SW/MotionPlanning/ros_ws/install/px4_msgs/lib/pkgconfig/px4_msgs.pc'
[91.463s] Level 1:colcon.colcon_core.environment:checking '/home/nic/dev/ATTACKS-SW/MotionPlanning/ros_ws/install/px4_msgs/lib/python3.10/site-packages'
[91.463s] Level 1:colcon.colcon_core.environment:checking '/home/nic/dev/ATTACKS-SW/MotionPlanning/ros_ws/install/px4_msgs/bin'
[91.470s] INFO:colcon.colcon_core.shell:Creating package script '/home/nic/dev/ATTACKS-SW/MotionPlanning/ros_ws/install/px4_msgs/share/px4_msgs/package.ps1'
[91.470s] INFO:colcon.colcon_core.shell:Creating package descriptor '/home/nic/dev/ATTACKS-SW/MotionPlanning/ros_ws/install/px4_msgs/share/px4_msgs/package.dsv'
[91.470s] INFO:colcon.colcon_core.shell:Creating package script '/home/nic/dev/ATTACKS-SW/MotionPlanning/ros_ws/install/px4_msgs/share/px4_msgs/package.sh'
[91.471s] INFO:colcon.colcon_core.shell:Creating package script '/home/nic/dev/ATTACKS-SW/MotionPlanning/ros_ws/install/px4_msgs/share/px4_msgs/package.bash'
[91.471s] INFO:colcon.colcon_core.shell:Creating package script '/home/nic/dev/ATTACKS-SW/MotionPlanning/ros_ws/install/px4_msgs/share/px4_msgs/package.zsh'
[91.471s] Level 1:colcon.colcon_core.environment:create_file_with_runtime_dependencies(/home/nic/dev/ATTACKS-SW/MotionPlanning/ros_ws/install/px4_msgs/share/colcon-core/packages/px4_msgs)
[91.471s] INFO:colcon.colcon_ros.task.ament_cmake.build:Building ROS package in '/home/nic/dev/ATTACKS-SW/MotionPlanning/ros_ws/src/px4_ros_com' with build type 'ament_cmake'
[91.472s] INFO:colcon.colcon_cmake.task.cmake.build:Building CMake package in '/home/nic/dev/ATTACKS-SW/MotionPlanning/ros_ws/src/px4_ros_com'
[91.480s] INFO:colcon.colcon_core.shell:Skip shell extension 'powershell' for command environment: Not usable outside of PowerShell
[91.480s] DEBUG:colcon.colcon_core.shell:Skip shell extension 'dsv' for command environment
[91.517s] DEBUG:colcon.colcon_core.event_handler.log_command:Invoking command in '/home/nic/dev/ATTACKS-SW/MotionPlanning/ros_ws/build/px4_ros_com': AMENT_PREFIX_PATH=/home/nic/dev/ATTACKS-SW/MotionPlanning/ros_ws/install/px4_msgs:${AMENT_PREFIX_PATH} CMAKE_PREFIX_PATH=/home/nic/dev/ATTACKS-SW/MotionPlanning/ros_ws/install/px4_msgs:/opt/ros/humble LD_LIBRARY_PATH=/home/nic/dev/ATTACKS-SW/MotionPlanning/ros_ws/install/px4_msgs/lib:${LD_LIBRARY_PATH} PYTHONPATH=/home/nic/dev/ATTACKS-SW/MotionPlanning/ros_ws/install/px4_msgs/local/lib/python3.10/dist-packages:${PYTHONPATH} /usr/bin/cmake /home/nic/dev/ATTACKS-SW/MotionPlanning/ros_ws/src/px4_ros_com -DAMENT_CMAKE_SYMLINK_INSTALL=1 -DCMAKE_INSTALL_PREFIX=/home/nic/dev/ATTACKS-SW/MotionPlanning/ros_ws/install/px4_ros_com
[94.246s] DEBUG:colcon.colcon_core.event_handler.log_command:Invoked command in '/home/nic/dev/ATTACKS-SW/MotionPlanning/ros_ws/build/px4_ros_com' returned '0': AMENT_PREFIX_PATH=/home/nic/dev/ATTACKS-SW/MotionPlanning/ros_ws/install/px4_msgs:${AMENT_PREFIX_PATH} CMAKE_PREFIX_PATH=/home/nic/dev/ATTACKS-SW/MotionPlanning/ros_ws/install/px4_msgs:/opt/ros/humble LD_LIBRARY_PATH=/home/nic/dev/ATTACKS-SW/MotionPlanning/ros_ws/install/px4_msgs/lib:${LD_LIBRARY_PATH} PYTHONPATH=/home/nic/dev/ATTACKS-SW/MotionPlanning/ros_ws/install/px4_msgs/local/lib/python3.10/dist-packages:${PYTHONPATH} /usr/bin/cmake /home/nic/dev/ATTACKS-SW/MotionPlanning/ros_ws/src/px4_ros_com -DAMENT_CMAKE_SYMLINK_INSTALL=1 -DCMAKE_INSTALL_PREFIX=/home/nic/dev/ATTACKS-SW/MotionPlanning/ros_ws/install/px4_ros_com
[94.248s] DEBUG:colcon.colcon_core.event_handler.log_command:Invoking command in '/home/nic/dev/ATTACKS-SW/MotionPlanning/ros_ws/build/px4_ros_com': AMENT_PREFIX_PATH=/home/nic/dev/ATTACKS-SW/MotionPlanning/ros_ws/install/px4_msgs:${AMENT_PREFIX_PATH} CMAKE_PREFIX_PATH=/home/nic/dev/ATTACKS-SW/MotionPlanning/ros_ws/install/px4_msgs:/opt/ros/humble LD_LIBRARY_PATH=/home/nic/dev/ATTACKS-SW/MotionPlanning/ros_ws/install/px4_msgs/lib:${LD_LIBRARY_PATH} PYTHONPATH=/home/nic/dev/ATTACKS-SW/MotionPlanning/ros_ws/install/px4_msgs/local/lib/python3.10/dist-packages:${PYTHONPATH} /usr/bin/cmake --build /home/nic/dev/ATTACKS-SW/MotionPlanning/ros_ws/build/px4_ros_com -- -j32 -l32
[98.465s] DEBUG:colcon.colcon_core.event_handler.log_command:Invoked command in '/home/nic/dev/ATTACKS-SW/MotionPlanning/ros_ws/build/px4_ros_com' returned '0': AMENT_PREFIX_PATH=/home/nic/dev/ATTACKS-SW/MotionPlanning/ros_ws/install/px4_msgs:${AMENT_PREFIX_PATH} CMAKE_PREFIX_PATH=/home/nic/dev/ATTACKS-SW/MotionPlanning/ros_ws/install/px4_msgs:/opt/ros/humble LD_LIBRARY_PATH=/home/nic/dev/ATTACKS-SW/MotionPlanning/ros_ws/install/px4_msgs/lib:${LD_LIBRARY_PATH} PYTHONPATH=/home/nic/dev/ATTACKS-SW/MotionPlanning/ros_ws/install/px4_msgs/local/lib/python3.10/dist-packages:${PYTHONPATH} /usr/bin/cmake --build /home/nic/dev/ATTACKS-SW/MotionPlanning/ros_ws/build/px4_ros_com -- -j32 -l32
[98.479s] DEBUG:colcon.colcon_core.event_handler.log_command:Invoking command in '/home/nic/dev/ATTACKS-SW/MotionPlanning/ros_ws/build/px4_ros_com': AMENT_PREFIX_PATH=/home/nic/dev/ATTACKS-SW/MotionPlanning/ros_ws/install/px4_msgs:${AMENT_PREFIX_PATH} CMAKE_PREFIX_PATH=/home/nic/dev/ATTACKS-SW/MotionPlanning/ros_ws/install/px4_msgs:/opt/ros/humble LD_LIBRARY_PATH=/home/nic/dev/ATTACKS-SW/MotionPlanning/ros_ws/install/px4_msgs/lib:${LD_LIBRARY_PATH} PYTHONPATH=/home/nic/dev/ATTACKS-SW/MotionPlanning/ros_ws/install/px4_msgs/local/lib/python3.10/dist-packages:${PYTHONPATH} /usr/bin/cmake --install /home/nic/dev/ATTACKS-SW/MotionPlanning/ros_ws/build/px4_ros_com
[98.580s] Level 1:colcon.colcon_core.environment:create_environment_scripts_only(px4_ros_com)
[98.580s] DEBUG:colcon.colcon_core.event_handler.log_command:Invoked command in '/home/nic/dev/ATTACKS-SW/MotionPlanning/ros_ws/build/px4_ros_com' returned '0': AMENT_PREFIX_PATH=/home/nic/dev/ATTACKS-SW/MotionPlanning/ros_ws/install/px4_msgs:${AMENT_PREFIX_PATH} CMAKE_PREFIX_PATH=/home/nic/dev/ATTACKS-SW/MotionPlanning/ros_ws/install/px4_msgs:/opt/ros/humble LD_LIBRARY_PATH=/home/nic/dev/ATTACKS-SW/MotionPlanning/ros_ws/install/px4_msgs/lib:${LD_LIBRARY_PATH} PYTHONPATH=/home/nic/dev/ATTACKS-SW/MotionPlanning/ros_ws/install/px4_msgs/local/lib/python3.10/dist-packages:${PYTHONPATH} /usr/bin/cmake --install /home/nic/dev/ATTACKS-SW/MotionPlanning/ros_ws/build/px4_ros_com
[98.586s] Level 1:colcon.colcon_core.environment:checking '/home/nic/dev/ATTACKS-SW/MotionPlanning/ros_ws/install/px4_ros_com' for CMake module files
[98.586s] Level 1:colcon.colcon_core.environment:checking '/home/nic/dev/ATTACKS-SW/MotionPlanning/ros_ws/install/px4_ros_com' for CMake config files
[98.586s] Level 1:colcon.colcon_core.shell:create_environment_hook('px4_ros_com', 'cmake_prefix_path')
[98.592s] INFO:colcon.colcon_core.shell:Creating environment hook '/home/nic/dev/ATTACKS-SW/MotionPlanning/ros_ws/install/px4_ros_com/share/px4_ros_com/hook/cmake_prefix_path.ps1'
[98.592s] INFO:colcon.colcon_core.shell:Creating environment descriptor '/home/nic/dev/ATTACKS-SW/MotionPlanning/ros_ws/install/px4_ros_com/share/px4_ros_com/hook/cmake_prefix_path.dsv'
[98.592s] INFO:colcon.colcon_core.shell:Creating environment hook '/home/nic/dev/ATTACKS-SW/MotionPlanning/ros_ws/install/px4_ros_com/share/px4_ros_com/hook/cmake_prefix_path.sh'
[98.592s] Level 1:colcon.colcon_core.environment:checking '/home/nic/dev/ATTACKS-SW/MotionPlanning/ros_ws/install/px4_ros_com/lib'
[98.592s] Level 1:colcon.colcon_core.shell:create_environment_hook('px4_ros_com', 'ld_library_path_lib')
[98.597s] INFO:colcon.colcon_core.shell:Creating environment hook '/home/nic/dev/ATTACKS-SW/MotionPlanning/ros_ws/install/px4_ros_com/share/px4_ros_com/hook/ld_library_path_lib.ps1'
[98.598s] INFO:colcon.colcon_core.shell:Creating environment descriptor '/home/nic/dev/ATTACKS-SW/MotionPlanning/ros_ws/install/px4_ros_com/share/px4_ros_com/hook/ld_library_path_lib.dsv'
[98.598s] INFO:colcon.colcon_core.shell:Creating environment hook '/home/nic/dev/ATTACKS-SW/MotionPlanning/ros_ws/install/px4_ros_com/share/px4_ros_com/hook/ld_library_path_lib.sh'
[98.598s] Level 1:colcon.colcon_core.environment:checking '/home/nic/dev/ATTACKS-SW/MotionPlanning/ros_ws/install/px4_ros_com/bin'
[98.598s] Level 1:colcon.colcon_core.environment:checking '/home/nic/dev/ATTACKS-SW/MotionPlanning/ros_ws/install/px4_ros_com/lib/pkgconfig/px4_ros_com.pc'
[98.598s] Level 1:colcon.colcon_core.environment:checking '/home/nic/dev/ATTACKS-SW/MotionPlanning/ros_ws/install/px4_ros_com/lib/python3.10/site-packages'
[98.598s] Level 1:colcon.colcon_core.environment:checking '/home/nic/dev/ATTACKS-SW/MotionPlanning/ros_ws/install/px4_ros_com/bin'
[98.603s] INFO:colcon.colcon_core.shell:Creating package script '/home/nic/dev/ATTACKS-SW/MotionPlanning/ros_ws/install/px4_ros_com/share/px4_ros_com/package.ps1'
[98.603s] INFO:colcon.colcon_core.shell:Creating package descriptor '/home/nic/dev/ATTACKS-SW/MotionPlanning/ros_ws/install/px4_ros_com/share/px4_ros_com/package.dsv'
[98.603s] INFO:colcon.colcon_core.shell:Creating package script '/home/nic/dev/ATTACKS-SW/MotionPlanning/ros_ws/install/px4_ros_com/share/px4_ros_com/package.sh'
[98.603s] INFO:colcon.colcon_core.shell:Creating package script '/home/nic/dev/ATTACKS-SW/MotionPlanning/ros_ws/install/px4_ros_com/share/px4_ros_com/package.bash'
[98.603s] INFO:colcon.colcon_core.shell:Creating package script '/home/nic/dev/ATTACKS-SW/MotionPlanning/ros_ws/install/px4_ros_com/share/px4_ros_com/package.zsh'
[98.604s] Level 1:colcon.colcon_core.environment:create_file_with_runtime_dependencies(/home/nic/dev/ATTACKS-SW/MotionPlanning/ros_ws/install/px4_ros_com/share/colcon-core/packages/px4_ros_com)
[98.622s] Level 1:colcon.colcon_core.environment:create_environment_scripts_only(px4_ros_com)
[98.627s] Level 1:colcon.colcon_core.environment:checking '/home/nic/dev/ATTACKS-SW/MotionPlanning/ros_ws/install/px4_ros_com' for CMake module files
[98.627s] Level 1:colcon.colcon_core.environment:checking '/home/nic/dev/ATTACKS-SW/MotionPlanning/ros_ws/install/px4_ros_com' for CMake config files
[98.627s] Level 1:colcon.colcon_core.shell:create_environment_hook('px4_ros_com', 'cmake_prefix_path')
[98.632s] INFO:colcon.colcon_core.shell:Creating environment hook '/home/nic/dev/ATTACKS-SW/MotionPlanning/ros_ws/install/px4_ros_com/share/px4_ros_com/hook/cmake_prefix_path.ps1'
[98.633s] INFO:colcon.colcon_core.shell:Creating environment descriptor '/home/nic/dev/ATTACKS-SW/MotionPlanning/ros_ws/install/px4_ros_com/share/px4_ros_com/hook/cmake_prefix_path.dsv'
[98.633s] INFO:colcon.colcon_core.shell:Creating environment hook '/home/nic/dev/ATTACKS-SW/MotionPlanning/ros_ws/install/px4_ros_com/share/px4_ros_com/hook/cmake_prefix_path.sh'
[98.633s] Level 1:colcon.colcon_core.environment:checking '/home/nic/dev/ATTACKS-SW/MotionPlanning/ros_ws/install/px4_ros_com/lib'
[98.633s] Level 1:colcon.colcon_core.shell:create_environment_hook('px4_ros_com', 'ld_library_path_lib')
[98.638s] INFO:colcon.colcon_core.shell:Creating environment hook '/home/nic/dev/ATTACKS-SW/MotionPlanning/ros_ws/install/px4_ros_com/share/px4_ros_com/hook/ld_library_path_lib.ps1'
[98.638s] INFO:colcon.colcon_core.shell:Creating environment descriptor '/home/nic/dev/ATTACKS-SW/MotionPlanning/ros_ws/install/px4_ros_com/share/px4_ros_com/hook/ld_library_path_lib.dsv'
[98.638s] INFO:colcon.colcon_core.shell:Creating environment hook '/home/nic/dev/ATTACKS-SW/MotionPlanning/ros_ws/install/px4_ros_com/share/px4_ros_com/hook/ld_library_path_lib.sh'
[98.639s] Level 1:colcon.colcon_core.environment:checking '/home/nic/dev/ATTACKS-SW/MotionPlanning/ros_ws/install/px4_ros_com/bin'
[98.639s] Level 1:colcon.colcon_core.environment:checking '/home/nic/dev/ATTACKS-SW/MotionPlanning/ros_ws/install/px4_ros_com/lib/pkgconfig/px4_ros_com.pc'
[98.639s] Level 1:colcon.colcon_core.environment:checking '/home/nic/dev/ATTACKS-SW/MotionPlanning/ros_ws/install/px4_ros_com/lib/python3.10/site-packages'
[98.639s] Level 1:colcon.colcon_core.environment:checking '/home/nic/dev/ATTACKS-SW/MotionPlanning/ros_ws/install/px4_ros_com/bin'
[98.644s] INFO:colcon.colcon_core.shell:Creating package script '/home/nic/dev/ATTACKS-SW/MotionPlanning/ros_ws/install/px4_ros_com/share/px4_ros_com/package.ps1'
[98.644s] INFO:colcon.colcon_core.shell:Creating package descriptor '/home/nic/dev/ATTACKS-SW/MotionPlanning/ros_ws/install/px4_ros_com/share/px4_ros_com/package.dsv'
[98.644s] INFO:colcon.colcon_core.shell:Creating package script '/home/nic/dev/ATTACKS-SW/MotionPlanning/ros_ws/install/px4_ros_com/share/px4_ros_com/package.sh'
[98.644s] INFO:colcon.colcon_core.shell:Creating package script '/home/nic/dev/ATTACKS-SW/MotionPlanning/ros_ws/install/px4_ros_com/share/px4_ros_com/package.bash'
[98.645s] INFO:colcon.colcon_core.shell:Creating package script '/home/nic/dev/ATTACKS-SW/MotionPlanning/ros_ws/install/px4_ros_com/share/px4_ros_com/package.zsh'
[98.645s] Level 1:colcon.colcon_core.environment:create_file_with_runtime_dependencies(/home/nic/dev/ATTACKS-SW/MotionPlanning/ros_ws/install/px4_ros_com/share/colcon-core/packages/px4_ros_com)
[98.645s] DEBUG:colcon.colcon_parallel_executor.executor.parallel:closing loop
[98.645s] DEBUG:colcon.colcon_parallel_executor.executor.parallel:loop closed
[98.645s] DEBUG:colcon.colcon_parallel_executor.executor.parallel:run_until_complete finished with '0'
[98.645s] DEBUG:colcon.colcon_core.event_reactor:joining thread
[98.662s] INFO:colcon.colcon_core.plugin_system:Skipping extension 'colcon_notification.desktop_notification.notify_send': Could not find 'notify-send'
[98.662s] INFO:colcon.colcon_core.plugin_system:Skipping extension 'colcon_notification.desktop_notification.terminal_notifier': Not used on non-Darwin systems
[98.662s] INFO:colcon.colcon_core.plugin_system:Skipping extension 'colcon_notification.desktop_notification.win32': Not used on non-Windows systems
[98.662s] INFO:colcon.colcon_notification.desktop_notification:Sending desktop notification using 'notify2'
[98.662s] DEBUG:colcon.colcon_notification.desktop_notification.notify2:Failed to initialize notify2: org.freedesktop.DBus.Error.FileNotFound: Failed to connect to socket /run/user/1000/bus: No such file or directory
[98.662s] DEBUG:colcon.colcon_core.event_reactor:joined thread
[98.668s] INFO:colcon.colcon_core.shell:Creating prefix script '/home/nic/dev/ATTACKS-SW/MotionPlanning/ros_ws/install/local_setup.ps1'
[98.668s] INFO:colcon.colcon_core.shell:Creating prefix util module '/home/nic/dev/ATTACKS-SW/MotionPlanning/ros_ws/install/_local_setup_util_ps1.py'
[98.669s] INFO:colcon.colcon_core.shell:Creating prefix chain script '/home/nic/dev/ATTACKS-SW/MotionPlanning/ros_ws/install/setup.ps1'
[98.675s] INFO:colcon.colcon_core.shell:Creating prefix script '/home/nic/dev/ATTACKS-SW/MotionPlanning/ros_ws/install/local_setup.sh'
[98.676s] INFO:colcon.colcon_core.shell:Creating prefix util module '/home/nic/dev/ATTACKS-SW/MotionPlanning/ros_ws/install/_local_setup_util_sh.py'
[98.676s] INFO:colcon.colcon_core.shell:Creating prefix chain script '/home/nic/dev/ATTACKS-SW/MotionPlanning/ros_ws/install/setup.sh'
[98.682s] INFO:colcon.colcon_core.shell:Creating prefix script '/home/nic/dev/ATTACKS-SW/MotionPlanning/ros_ws/install/local_setup.bash'
[98.682s] INFO:colcon.colcon_core.shell:Creating prefix chain script '/home/nic/dev/ATTACKS-SW/MotionPlanning/ros_ws/install/setup.bash'
[98.688s] INFO:colcon.colcon_core.shell:Creating prefix script '/home/nic/dev/ATTACKS-SW/MotionPlanning/ros_ws/install/local_setup.zsh'
[98.689s] INFO:colcon.colcon_core.shell:Creating prefix chain script '/home/nic/dev/ATTACKS-SW/MotionPlanning/ros_ws/install/setup.zsh'
