[0.100s] Invoking command in '/home/nic/dev/ATTACKS-SW/ros_ws/build/uas_complete_mission': AMENT_PREFIX_PATH=/home/nic/dev/ATTACKS-SW/ros_ws/install/uas_lib:/home/nic/dev/ATTACKS-SW/ros_ws/install/computer_vision:/home/nic/dev/ATTACKS-SW/ros_ws/install/px4_msgs:${AMENT_PREFIX_PATH} CMAKE_PREFIX_PATH=/home/nic/dev/ATTACKS-SW/ros_ws/install/uas_lib:/home/nic/dev/ATTACKS-SW/ros_ws/install/computer_vision:/home/nic/dev/ATTACKS-SW/ros_ws/install/px4_msgs:/opt/ros/humble LD_LIBRARY_PATH=/home/nic/dev/ATTACKS-SW/ros_ws/install/uas_lib/lib:/home/nic/dev/ATTACKS-SW/ros_ws/install/computer_vision/lib:/home/nic/dev/ATTACKS-SW/ros_ws/install/px4_msgs/lib:/home/nic/.linuxbrew/lib:/usr/lib/x86_64-linux-gnu/gazebo-11/plugins:/opt/ros/humble/opt/rviz_ogre_vendor/lib:/opt/ros/humble/lib/x86_64-linux-gnu:/opt/ros/humble/lib:/usr/lib/x86_64-linux-gnu/gazebo-11/plugins PYTHONPATH=/home/nic/dev/ATTACKS-SW/ros_ws/install/px4_msgs/local/lib/python3.10/dist-packages:${PYTHONPATH} /usr/bin/cmake /home/nic/dev/ATTACKS-SW/ros_ws/src/uas_complete_misison -DCMAKE_INSTALL_PREFIX=/home/nic/dev/ATTACKS-SW/ros_ws/install/uas_complete_mission
[0.172s] -- The C compiler identification is GNU 11.4.0
[0.398s] -- The CXX compiler identification is GNU 11.4.0
[0.507s] -- Detecting C compiler ABI info
[0.588s] -- Detecting C compiler ABI info - done
[0.592s] -- Check for working C compiler: /usr/bin/cc - skipped
[0.592s] -- Detecting C compile features
[0.592s] -- Detecting C compile features - done
[0.595s] -- Detecting CXX compiler ABI info
[0.684s] -- Detecting CXX compiler ABI info - done
[0.689s] -- Check for working CXX compiler: /usr/bin/c++ - skipped
[0.689s] -- Detecting CXX compile features
[0.689s] -- Detecting CXX compile features - done
[0.690s] -- Found ament_cmake: 1.3.6 (/opt/ros/humble/share/ament_cmake/cmake)
[0.949s] -- Found Python3: /usr/bin/python3.10 (found version "3.10.12") found components: Interpreter 
[1.009s] -- Found builtin_interfaces: 1.2.1 (/opt/ros/humble/share/builtin_interfaces/cmake)
[1.100s] -- Found rosidl_generator_c: 3.1.5 (/opt/ros/humble/share/rosidl_generator_c/cmake)
[1.104s] -- Found rosidl_adapter: 3.1.5 (/opt/ros/humble/share/rosidl_adapter/cmake)
[1.109s] -- Found rosidl_generator_cpp: 3.1.5 (/opt/ros/humble/share/rosidl_generator_cpp/cmake)
[1.118s] -- Using all available rosidl_typesupport_c: rosidl_typesupport_fastrtps_c;rosidl_typesupport_introspection_c
[1.131s] -- Using all available rosidl_typesupport_cpp: rosidl_typesupport_fastrtps_cpp;rosidl_typesupport_introspection_cpp
[1.142s] -- Found eigen3_cmake_module: 0.1.1 (/opt/ros/humble/share/eigen3_cmake_module/cmake)
[1.144s] -- Found Eigen3: TRUE (found version "3.4.0") 
[1.145s] -- Found geometry_msgs: 4.2.3 (/opt/ros/humble/share/geometry_msgs/cmake)
[1.212s] -- Found px4_msgs: 2.0.1 (/home/nic/dev/ATTACKS-SW/ros_ws/install/px4_msgs/share/px4_msgs/cmake)
[1.238s] -- Found rclcpp: 16.0.7 (/opt/ros/humble/share/rclcpp/cmake)
[1.280s] -- Found rmw_implementation_cmake: 6.1.1 (/opt/ros/humble/share/rmw_implementation_cmake/cmake)
[1.282s] -- Found rmw_fastrtps_cpp: 6.2.5 (/opt/ros/humble/share/rmw_fastrtps_cpp/cmake)
[1.874s] -- Found OpenSSL: /usr/lib/x86_64-linux-gnu/libcrypto.so (found version "3.0.2")  
[2.501s] -- Found FastRTPS: /opt/ros/humble/include  
[3.253s] -- Using RMW implementation 'rmw_fastrtps_cpp' as default
[3.259s] -- Looking for pthread.h
[3.330s] -- Looking for pthread.h - found
[3.330s] -- Performing Test CMAKE_HAVE_LIBC_PTHREAD
[3.400s] -- Performing Test CMAKE_HAVE_LIBC_PTHREAD - Success
[3.400s] -- Found Threads: TRUE  
[3.484s] -- Found sensor_msgs: 4.2.3 (/opt/ros/humble/share/sensor_msgs/cmake)
[3.540s] -- Found cv_bridge: 3.2.1 (/opt/ros/humble/share/cv_bridge/cmake)
[3.553s] -- Found OpenCV: /usr (found version "4.5.4") 
[3.554s] -- Found image_transport: 3.1.7 (/opt/ros/humble/share/image_transport/cmake)
[3.991s] -- Found uas_lib: 0.1.0 (/home/nic/dev/ATTACKS-SW/ros_ws/install/uas_lib/share/uas_lib/cmake)
[4.026s] -- Found computer_vision: 0.1.0 (/home/nic/dev/ATTACKS-SW/ros_ws/install/computer_vision/share/computer_vision/cmake)
[4.384s] -- Found ament_lint_auto: 0.12.9 (/opt/ros/humble/share/ament_lint_auto/cmake)
[4.448s] -- Added test 'copyright' to check source files copyright and LICENSE
[4.449s] -- Added test 'cppcheck' to perform static code analysis on C / C++ code
[4.449s] -- Configured cppcheck include dirs: /home/nic/dev/ATTACKS-SW/ros_ws/src/uas_complete_misison/include;$<BUILD_INTERFACE:/home/nic/dev/ATTACKS-SW/ros_ws/src/uas_complete_misison/include/uas_complete_mission>
[4.449s] -- Configured cppcheck exclude dirs and/or files: 
[4.450s] -- Added test 'cpplint' to check C / C++ code against the Google style
[4.450s] -- Configured cpplint exclude dirs and/or files: 
[4.450s] -- Added test 'flake8' to check Python code syntax and style conventions
[4.451s] -- Added test 'lint_cmake' to check CMake code style
[4.451s] -- Added test 'pep257' to check Python code against some of the docstring style conventions in PEP 257
[4.452s] -- Added test 'uncrustify' to check C / C++ code style
[4.452s] -- Configured uncrustify additional arguments: 
[4.452s] -- Added test 'xmllint' to check XML markup files
[4.453s] -- Configuring done
[4.468s] -- Generating done
[4.469s] -- Build files have been written to: /home/nic/dev/ATTACKS-SW/ros_ws/build/uas_complete_mission
[4.478s] Invoked command in '/home/nic/dev/ATTACKS-SW/ros_ws/build/uas_complete_mission' returned '0': AMENT_PREFIX_PATH=/home/nic/dev/ATTACKS-SW/ros_ws/install/uas_lib:/home/nic/dev/ATTACKS-SW/ros_ws/install/computer_vision:/home/nic/dev/ATTACKS-SW/ros_ws/install/px4_msgs:${AMENT_PREFIX_PATH} CMAKE_PREFIX_PATH=/home/nic/dev/ATTACKS-SW/ros_ws/install/uas_lib:/home/nic/dev/ATTACKS-SW/ros_ws/install/computer_vision:/home/nic/dev/ATTACKS-SW/ros_ws/install/px4_msgs:/opt/ros/humble LD_LIBRARY_PATH=/home/nic/dev/ATTACKS-SW/ros_ws/install/uas_lib/lib:/home/nic/dev/ATTACKS-SW/ros_ws/install/computer_vision/lib:/home/nic/dev/ATTACKS-SW/ros_ws/install/px4_msgs/lib:/home/nic/.linuxbrew/lib:/usr/lib/x86_64-linux-gnu/gazebo-11/plugins:/opt/ros/humble/opt/rviz_ogre_vendor/lib:/opt/ros/humble/lib/x86_64-linux-gnu:/opt/ros/humble/lib:/usr/lib/x86_64-linux-gnu/gazebo-11/plugins PYTHONPATH=/home/nic/dev/ATTACKS-SW/ros_ws/install/px4_msgs/local/lib/python3.10/dist-packages:${PYTHONPATH} /usr/bin/cmake /home/nic/dev/ATTACKS-SW/ros_ws/src/uas_complete_misison -DCMAKE_INSTALL_PREFIX=/home/nic/dev/ATTACKS-SW/ros_ws/install/uas_complete_mission
[4.479s] Invoking command in '/home/nic/dev/ATTACKS-SW/ros_ws/build/uas_complete_mission': AMENT_PREFIX_PATH=/home/nic/dev/ATTACKS-SW/ros_ws/install/uas_lib:/home/nic/dev/ATTACKS-SW/ros_ws/install/computer_vision:/home/nic/dev/ATTACKS-SW/ros_ws/install/px4_msgs:${AMENT_PREFIX_PATH} CMAKE_PREFIX_PATH=/home/nic/dev/ATTACKS-SW/ros_ws/install/uas_lib:/home/nic/dev/ATTACKS-SW/ros_ws/install/computer_vision:/home/nic/dev/ATTACKS-SW/ros_ws/install/px4_msgs:/opt/ros/humble LD_LIBRARY_PATH=/home/nic/dev/ATTACKS-SW/ros_ws/install/uas_lib/lib:/home/nic/dev/ATTACKS-SW/ros_ws/install/computer_vision/lib:/home/nic/dev/ATTACKS-SW/ros_ws/install/px4_msgs/lib:/home/nic/.linuxbrew/lib:/usr/lib/x86_64-linux-gnu/gazebo-11/plugins:/opt/ros/humble/opt/rviz_ogre_vendor/lib:/opt/ros/humble/lib/x86_64-linux-gnu:/opt/ros/humble/lib:/usr/lib/x86_64-linux-gnu/gazebo-11/plugins PYTHONPATH=/home/nic/dev/ATTACKS-SW/ros_ws/install/px4_msgs/local/lib/python3.10/dist-packages:${PYTHONPATH} /usr/bin/cmake --build /home/nic/dev/ATTACKS-SW/ros_ws/build/uas_complete_mission -- -j32 -l32
[4.506s] [ 50%] [32mBuilding CXX object CMakeFiles/uas_complete_mission.dir/src/uas_complete_mission.cpp.o[0m
[4.506s] [ 50%] [32mBuilding CXX object CMakeFiles/frame_transforms.dir/src/lib/frame_transforms.cpp.o[0m
[9.719s] [ 75%] [32m[1mLinking CXX shared library libframe_transforms.so[0m
[9.927s] [ 75%] Built target frame_transforms
[13.855s] [100%] [32m[1mLinking CXX executable uas_complete_mission[0m
[14.613s] [100%] Built target uas_complete_mission
[14.619s] Invoked command in '/home/nic/dev/ATTACKS-SW/ros_ws/build/uas_complete_mission' returned '0': AMENT_PREFIX_PATH=/home/nic/dev/ATTACKS-SW/ros_ws/install/uas_lib:/home/nic/dev/ATTACKS-SW/ros_ws/install/computer_vision:/home/nic/dev/ATTACKS-SW/ros_ws/install/px4_msgs:${AMENT_PREFIX_PATH} CMAKE_PREFIX_PATH=/home/nic/dev/ATTACKS-SW/ros_ws/install/uas_lib:/home/nic/dev/ATTACKS-SW/ros_ws/install/computer_vision:/home/nic/dev/ATTACKS-SW/ros_ws/install/px4_msgs:/opt/ros/humble LD_LIBRARY_PATH=/home/nic/dev/ATTACKS-SW/ros_ws/install/uas_lib/lib:/home/nic/dev/ATTACKS-SW/ros_ws/install/computer_vision/lib:/home/nic/dev/ATTACKS-SW/ros_ws/install/px4_msgs/lib:/home/nic/.linuxbrew/lib:/usr/lib/x86_64-linux-gnu/gazebo-11/plugins:/opt/ros/humble/opt/rviz_ogre_vendor/lib:/opt/ros/humble/lib/x86_64-linux-gnu:/opt/ros/humble/lib:/usr/lib/x86_64-linux-gnu/gazebo-11/plugins PYTHONPATH=/home/nic/dev/ATTACKS-SW/ros_ws/install/px4_msgs/local/lib/python3.10/dist-packages:${PYTHONPATH} /usr/bin/cmake --build /home/nic/dev/ATTACKS-SW/ros_ws/build/uas_complete_mission -- -j32 -l32
[14.662s] Invoking command in '/home/nic/dev/ATTACKS-SW/ros_ws/build/uas_complete_mission': AMENT_PREFIX_PATH=/home/nic/dev/ATTACKS-SW/ros_ws/install/uas_lib:/home/nic/dev/ATTACKS-SW/ros_ws/install/computer_vision:/home/nic/dev/ATTACKS-SW/ros_ws/install/px4_msgs:${AMENT_PREFIX_PATH} CMAKE_PREFIX_PATH=/home/nic/dev/ATTACKS-SW/ros_ws/install/uas_lib:/home/nic/dev/ATTACKS-SW/ros_ws/install/computer_vision:/home/nic/dev/ATTACKS-SW/ros_ws/install/px4_msgs:/opt/ros/humble LD_LIBRARY_PATH=/home/nic/dev/ATTACKS-SW/ros_ws/install/uas_lib/lib:/home/nic/dev/ATTACKS-SW/ros_ws/install/computer_vision/lib:/home/nic/dev/ATTACKS-SW/ros_ws/install/px4_msgs/lib:/home/nic/.linuxbrew/lib:/usr/lib/x86_64-linux-gnu/gazebo-11/plugins:/opt/ros/humble/opt/rviz_ogre_vendor/lib:/opt/ros/humble/lib/x86_64-linux-gnu:/opt/ros/humble/lib:/usr/lib/x86_64-linux-gnu/gazebo-11/plugins PYTHONPATH=/home/nic/dev/ATTACKS-SW/ros_ws/install/px4_msgs/local/lib/python3.10/dist-packages:${PYTHONPATH} /usr/bin/cmake --install /home/nic/dev/ATTACKS-SW/ros_ws/build/uas_complete_mission
[14.666s] -- Install configuration: ""
[14.667s] -- Installing: /home/nic/dev/ATTACKS-SW/ros_ws/install/uas_complete_mission/lib/uas_complete_mission/uas_complete_mission
[14.670s] -- Set runtime path of "/home/nic/dev/ATTACKS-SW/ros_ws/install/uas_complete_mission/lib/uas_complete_mission/uas_complete_mission" to ""
[14.671s] -- Installing: /home/nic/dev/ATTACKS-SW/ros_ws/install/uas_complete_mission/share/uas_complete_mission/environment/library_path.sh
[14.671s] -- Installing: /home/nic/dev/ATTACKS-SW/ros_ws/install/uas_complete_mission/share/uas_complete_mission/environment/library_path.dsv
[14.671s] -- Installing: /home/nic/dev/ATTACKS-SW/ros_ws/install/uas_complete_mission/include/uas_complete_mission
[14.671s] -- Installing: /home/nic/dev/ATTACKS-SW/ros_ws/install/uas_complete_mission/include/uas_complete_mission/frame_transforms.h
[14.671s] -- Installing: /home/nic/dev/ATTACKS-SW/ros_ws/install/uas_complete_mission/lib/libframe_transforms.so
[14.673s] -- Set runtime path of "/home/nic/dev/ATTACKS-SW/ros_ws/install/uas_complete_mission/lib/libframe_transforms.so" to ""
[14.674s] -- Installing: /home/nic/dev/ATTACKS-SW/ros_ws/install/uas_complete_mission/share/uas_complete_mission//launch
[14.674s] -- Installing: /home/nic/dev/ATTACKS-SW/ros_ws/install/uas_complete_mission/share/uas_complete_mission//launch/uas_complete_mission.launch.py
[14.674s] -- Installing: /home/nic/dev/ATTACKS-SW/ros_ws/install/uas_complete_mission/share/uas_complete_mission//test
[14.674s] -- Installing: /home/nic/dev/ATTACKS-SW/ros_ws/install/uas_complete_mission/share/uas_complete_mission//test/test_output.py
[14.674s] -- Installing: /home/nic/dev/ATTACKS-SW/ros_ws/install/uas_complete_mission/share/uas_complete_mission//test/test_input.py
[14.674s] -- Installing: /home/nic/dev/ATTACKS-SW/ros_ws/install/uas_complete_mission/share/uas_complete_mission//test/pipeline_io_test.py
[14.674s] -- Installing: /home/nic/dev/ATTACKS-SW/ros_ws/install/uas_complete_mission/share/uas_complete_mission//test/__init__.py
[14.674s] -- Installing: /home/nic/dev/ATTACKS-SW/ros_ws/install/uas_complete_mission/share/ament_index/resource_index/package_run_dependencies/uas_complete_mission
[14.675s] -- Installing: /home/nic/dev/ATTACKS-SW/ros_ws/install/uas_complete_mission/share/ament_index/resource_index/parent_prefix_path/uas_complete_mission
[14.675s] -- Installing: /home/nic/dev/ATTACKS-SW/ros_ws/install/uas_complete_mission/share/uas_complete_mission/environment/ament_prefix_path.sh
[14.676s] -- Installing: /home/nic/dev/ATTACKS-SW/ros_ws/install/uas_complete_mission/share/uas_complete_mission/environment/ament_prefix_path.dsv
[14.676s] -- Installing: /home/nic/dev/ATTACKS-SW/ros_ws/install/uas_complete_mission/share/uas_complete_mission/environment/path.sh
[14.676s] -- Installing: /home/nic/dev/ATTACKS-SW/ros_ws/install/uas_complete_mission/share/uas_complete_mission/environment/path.dsv
[14.676s] -- Installing: /home/nic/dev/ATTACKS-SW/ros_ws/install/uas_complete_mission/share/uas_complete_mission/local_setup.bash
[14.676s] -- Installing: /home/nic/dev/ATTACKS-SW/ros_ws/install/uas_complete_mission/share/uas_complete_mission/local_setup.sh
[14.676s] -- Installing: /home/nic/dev/ATTACKS-SW/ros_ws/install/uas_complete_mission/share/uas_complete_mission/local_setup.zsh
[14.676s] -- Installing: /home/nic/dev/ATTACKS-SW/ros_ws/install/uas_complete_mission/share/uas_complete_mission/local_setup.dsv
[14.676s] -- Installing: /home/nic/dev/ATTACKS-SW/ros_ws/install/uas_complete_mission/share/uas_complete_mission/package.dsv
[14.677s] -- Installing: /home/nic/dev/ATTACKS-SW/ros_ws/install/uas_complete_mission/share/ament_index/resource_index/packages/uas_complete_mission
[14.677s] -- Installing: /home/nic/dev/ATTACKS-SW/ros_ws/install/uas_complete_mission/share/uas_complete_mission/cmake/export_frame_transformsExport.cmake
[14.677s] -- Installing: /home/nic/dev/ATTACKS-SW/ros_ws/install/uas_complete_mission/share/uas_complete_mission/cmake/export_frame_transformsExport-noconfig.cmake
[14.677s] -- Installing: /home/nic/dev/ATTACKS-SW/ros_ws/install/uas_complete_mission/share/uas_complete_mission/cmake/ament_cmake_export_dependencies-extras.cmake
[14.677s] -- Installing: /home/nic/dev/ATTACKS-SW/ros_ws/install/uas_complete_mission/share/uas_complete_mission/cmake/ament_cmake_export_targets-extras.cmake
[14.677s] -- Installing: /home/nic/dev/ATTACKS-SW/ros_ws/install/uas_complete_mission/share/uas_complete_mission/cmake/ament_cmake_export_include_directories-extras.cmake
[14.677s] -- Installing: /home/nic/dev/ATTACKS-SW/ros_ws/install/uas_complete_mission/share/uas_complete_mission/cmake/ament_cmake_export_libraries-extras.cmake
[14.677s] -- Installing: /home/nic/dev/ATTACKS-SW/ros_ws/install/uas_complete_mission/share/uas_complete_mission/cmake/uas_complete_missionConfig.cmake
[14.677s] -- Installing: /home/nic/dev/ATTACKS-SW/ros_ws/install/uas_complete_mission/share/uas_complete_mission/cmake/uas_complete_missionConfig-version.cmake
[14.677s] -- Installing: /home/nic/dev/ATTACKS-SW/ros_ws/install/uas_complete_mission/share/uas_complete_mission/package.xml
[14.720s] Invoked command in '/home/nic/dev/ATTACKS-SW/ros_ws/build/uas_complete_mission' returned '0': AMENT_PREFIX_PATH=/home/nic/dev/ATTACKS-SW/ros_ws/install/uas_lib:/home/nic/dev/ATTACKS-SW/ros_ws/install/computer_vision:/home/nic/dev/ATTACKS-SW/ros_ws/install/px4_msgs:${AMENT_PREFIX_PATH} CMAKE_PREFIX_PATH=/home/nic/dev/ATTACKS-SW/ros_ws/install/uas_lib:/home/nic/dev/ATTACKS-SW/ros_ws/install/computer_vision:/home/nic/dev/ATTACKS-SW/ros_ws/install/px4_msgs:/opt/ros/humble LD_LIBRARY_PATH=/home/nic/dev/ATTACKS-SW/ros_ws/install/uas_lib/lib:/home/nic/dev/ATTACKS-SW/ros_ws/install/computer_vision/lib:/home/nic/dev/ATTACKS-SW/ros_ws/install/px4_msgs/lib:/home/nic/.linuxbrew/lib:/usr/lib/x86_64-linux-gnu/gazebo-11/plugins:/opt/ros/humble/opt/rviz_ogre_vendor/lib:/opt/ros/humble/lib/x86_64-linux-gnu:/opt/ros/humble/lib:/usr/lib/x86_64-linux-gnu/gazebo-11/plugins PYTHONPATH=/home/nic/dev/ATTACKS-SW/ros_ws/install/px4_msgs/local/lib/python3.10/dist-packages:${PYTHONPATH} /usr/bin/cmake --install /home/nic/dev/ATTACKS-SW/ros_ws/build/uas_complete_mission
