[0.037s] Invoking command in '/home/nic/dev/ATTACKS-SW/ros_ws/build/gz_pkg': CMAKE_PREFIX_PATH=/opt/ros/humble /usr/bin/cmake /home/nic/dev/ATTACKS-SW/ros_ws/src/gz_pkg -DCMAKE_INSTALL_PREFIX=/home/nic/dev/ATTACKS-SW/ros_ws/install/gz_pkg
[0.135s] -- The C compiler identification is GNU 11.4.0
[0.315s] -- The CXX compiler identification is GNU 11.4.0
[0.436s] -- Detecting C compiler ABI info
[0.506s] -- Detecting C compiler ABI info - done
[0.510s] -- Check for working C compiler: /usr/bin/cc - skipped
[0.510s] -- Detecting C compile features
[0.511s] -- Detecting C compile features - done
[0.513s] -- Detecting CXX compiler ABI info
[0.583s] -- Detecting CXX compiler ABI info - done
[0.588s] -- Check for working CXX compiler: /usr/bin/c++ - skipped
[0.588s] -- Detecting CXX compile features
[0.588s] -- Detecting CXX compile features - done
[0.591s] -- Found ament_cmake: 1.3.6 (/opt/ros/humble/share/ament_cmake/cmake)
[0.830s] -- Found Python3: /usr/bin/python3.10 (found version "3.10.12") found components: Interpreter 
[0.915s] -- Found ament_lint_auto: 0.12.9 (/opt/ros/humble/share/ament_lint_auto/cmake)
[0.985s] -- Added test 'flake8' to check Python code syntax and style conventions
[0.986s] -- Added test 'lint_cmake' to check CMake code style
[0.987s] -- Added test 'pep257' to check Python code against some of the docstring style conventions in PEP 257
[0.988s] -- Added test 'xmllint' to check XML markup files
[0.990s] -- Configuring done
[0.992s] -- Generating done
[0.993s] -- Build files have been written to: /home/nic/dev/ATTACKS-SW/ros_ws/build/gz_pkg
[0.996s] Invoked command in '/home/nic/dev/ATTACKS-SW/ros_ws/build/gz_pkg' returned '0': CMAKE_PREFIX_PATH=/opt/ros/humble /usr/bin/cmake /home/nic/dev/ATTACKS-SW/ros_ws/src/gz_pkg -DCMAKE_INSTALL_PREFIX=/home/nic/dev/ATTACKS-SW/ros_ws/install/gz_pkg
[0.997s] Invoking command in '/home/nic/dev/ATTACKS-SW/ros_ws/build/gz_pkg': CMAKE_PREFIX_PATH=/opt/ros/humble /usr/bin/cmake --build /home/nic/dev/ATTACKS-SW/ros_ws/build/gz_pkg -- -j32 -l32
[1.020s] Invoked command in '/home/nic/dev/ATTACKS-SW/ros_ws/build/gz_pkg' returned '0': CMAKE_PREFIX_PATH=/opt/ros/humble /usr/bin/cmake --build /home/nic/dev/ATTACKS-SW/ros_ws/build/gz_pkg -- -j32 -l32
[1.036s] Invoking command in '/home/nic/dev/ATTACKS-SW/ros_ws/build/gz_pkg': CMAKE_PREFIX_PATH=/opt/ros/humble /usr/bin/cmake --install /home/nic/dev/ATTACKS-SW/ros_ws/build/gz_pkg
[1.041s] -- Install configuration: ""
[1.041s] -- Installing: /home/nic/dev/ATTACKS-SW/ros_ws/install/gz_pkg/share/gz_pkg//models
[1.041s] -- Installing: /home/nic/dev/ATTACKS-SW/ros_ws/install/gz_pkg/share/gz_pkg//models/diff_drive
[1.042s] -- Installing: /home/nic/dev/ATTACKS-SW/ros_ws/install/gz_pkg/share/gz_pkg//models/diff_drive/config
[1.042s] -- Installing: /home/nic/dev/ATTACKS-SW/ros_ws/install/gz_pkg/share/gz_pkg//models/diff_drive/config/my_controllers.yaml
[1.042s] -- Installing: /home/nic/dev/ATTACKS-SW/ros_ws/install/gz_pkg/share/gz_pkg//models/diff_drive/robot_core.xacro
[1.042s] -- Installing: /home/nic/dev/ATTACKS-SW/ros_ws/install/gz_pkg/share/gz_pkg//models/diff_drive/robot.urdf.xacro
[1.042s] -- Installing: /home/nic/dev/ATTACKS-SW/ros_ws/install/gz_pkg/share/gz_pkg//models/diff_drive/ros2_control.xacro
[1.043s] -- Installing: /home/nic/dev/ATTACKS-SW/ros_ws/install/gz_pkg/share/gz_pkg//models/diff_drive/inertial_macros.xacro
[1.043s] -- Installing: /home/nic/dev/ATTACKS-SW/ros_ws/install/gz_pkg/share/gz_pkg//models/diff_drive/gazebo_control.xacro
[1.043s] -- Installing: /home/nic/dev/ATTACKS-SW/ros_ws/install/gz_pkg/share/gz_pkg//models/iris
[1.043s] -- Installing: /home/nic/dev/ATTACKS-SW/ros_ws/install/gz_pkg/share/gz_pkg//models/iris/meshes
[1.043s] -- Installing: /home/nic/dev/ATTACKS-SW/ros_ws/install/gz_pkg/share/gz_pkg//models/iris/meshes/iris_prop_cw.dae
[1.044s] -- Installing: /home/nic/dev/ATTACKS-SW/ros_ws/install/gz_pkg/share/gz_pkg//models/iris/meshes/iris_prop_ccw.dae
[1.045s] -- Installing: /home/nic/dev/ATTACKS-SW/ros_ws/install/gz_pkg/share/gz_pkg//models/iris/meshes/iris.stl
[1.051s] -- Installing: /home/nic/dev/ATTACKS-SW/ros_ws/install/gz_pkg/share/gz_pkg//models/iris/model.config
[1.052s] -- Installing: /home/nic/dev/ATTACKS-SW/ros_ws/install/gz_pkg/share/gz_pkg//models/iris/iris.sdf
[1.052s] -- Installing: /home/nic/dev/ATTACKS-SW/ros_ws/install/gz_pkg/share/gz_pkg//models/iris/iris.sdf.last_generated
[1.052s] -- Installing: /home/nic/dev/ATTACKS-SW/ros_ws/install/gz_pkg/share/gz_pkg//models/iris/iris.sdf.jinja
[1.053s] -- Installing: /home/nic/dev/ATTACKS-SW/ros_ws/install/gz_pkg/share/gz_pkg//worlds
[1.053s] -- Installing: /home/nic/dev/ATTACKS-SW/ros_ws/install/gz_pkg/share/gz_pkg//worlds/my_world.world
[1.053s] -- Installing: /home/nic/dev/ATTACKS-SW/ros_ws/install/gz_pkg/share/gz_pkg//launch
[1.053s] -- Installing: /home/nic/dev/ATTACKS-SW/ros_ws/install/gz_pkg/share/gz_pkg//launch/launch_sim.launch.py
[1.053s] -- Installing: /home/nic/dev/ATTACKS-SW/ros_ws/install/gz_pkg/share/gz_pkg//launch/rsp.launch.py
[1.054s] -- Installing: /home/nic/dev/ATTACKS-SW/ros_ws/install/gz_pkg/share/gz_pkg//launch/rsp_sdf.launch.py
[1.054s] -- Installing: /home/nic/dev/ATTACKS-SW/ros_ws/install/gz_pkg/share/gz_pkg//launch/px4_gazebo.launch.sh
[1.054s] -- Installing: /home/nic/dev/ATTACKS-SW/ros_ws/install/gz_pkg/share/ament_index/resource_index/package_run_dependencies/gz_pkg
[1.055s] -- Installing: /home/nic/dev/ATTACKS-SW/ros_ws/install/gz_pkg/share/ament_index/resource_index/parent_prefix_path/gz_pkg
[1.055s] -- Installing: /home/nic/dev/ATTACKS-SW/ros_ws/install/gz_pkg/share/gz_pkg/environment/ament_prefix_path.sh
[1.055s] -- Installing: /home/nic/dev/ATTACKS-SW/ros_ws/install/gz_pkg/share/gz_pkg/environment/ament_prefix_path.dsv
[1.055s] -- Installing: /home/nic/dev/ATTACKS-SW/ros_ws/install/gz_pkg/share/gz_pkg/environment/path.sh
[1.055s] -- Installing: /home/nic/dev/ATTACKS-SW/ros_ws/install/gz_pkg/share/gz_pkg/environment/path.dsv
[1.055s] -- Installing: /home/nic/dev/ATTACKS-SW/ros_ws/install/gz_pkg/share/gz_pkg/local_setup.bash
[1.055s] -- Installing: /home/nic/dev/ATTACKS-SW/ros_ws/install/gz_pkg/share/gz_pkg/local_setup.sh
[1.055s] -- Installing: /home/nic/dev/ATTACKS-SW/ros_ws/install/gz_pkg/share/gz_pkg/local_setup.zsh
[1.056s] -- Installing: /home/nic/dev/ATTACKS-SW/ros_ws/install/gz_pkg/share/gz_pkg/local_setup.dsv
[1.056s] -- Installing: /home/nic/dev/ATTACKS-SW/ros_ws/install/gz_pkg/share/gz_pkg/package.dsv
[1.056s] -- Installing: /home/nic/dev/ATTACKS-SW/ros_ws/install/gz_pkg/share/ament_index/resource_index/packages/gz_pkg
[1.056s] -- Installing: /home/nic/dev/ATTACKS-SW/ros_ws/install/gz_pkg/share/gz_pkg/cmake/gz_pkgConfig.cmake
[1.056s] -- Installing: /home/nic/dev/ATTACKS-SW/ros_ws/install/gz_pkg/share/gz_pkg/cmake/gz_pkgConfig-version.cmake
[1.056s] -- Installing: /home/nic/dev/ATTACKS-SW/ros_ws/install/gz_pkg/share/gz_pkg/package.xml
[1.058s] Invoked command in '/home/nic/dev/ATTACKS-SW/ros_ws/build/gz_pkg' returned '0': CMAKE_PREFIX_PATH=/opt/ros/humble /usr/bin/cmake --install /home/nic/dev/ATTACKS-SW/ros_ws/build/gz_pkg
