[0.027s] Invoking command in '/home/nic/dev/ATTACKS-SW/ros_ws/build/gz_pkg': CMAKE_PREFIX_PATH=/opt/ros/humble /usr/bin/cmake /home/nic/dev/ATTACKS-SW/ros_ws/src/gz_pkg -DCMAKE_INSTALL_PREFIX=/home/nic/dev/ATTACKS-SW/ros_ws/install/gz_pkg
[0.104s] -- The C compiler identification is GNU 11.4.0
[0.277s] -- The CXX compiler identification is GNU 11.4.0
[0.438s] -- Detecting C compiler ABI info
[0.502s] -- Detecting C compiler ABI info - done
[0.505s] -- Check for working C compiler: /usr/bin/cc - skipped
[0.505s] -- Detecting C compile features
[0.506s] -- Detecting C compile features - done
[0.508s] -- Detecting CXX compiler ABI info
[0.588s] -- Detecting CXX compiler ABI info - done
[0.591s] -- Check for working CXX compiler: /usr/bin/c++ - skipped
[0.592s] -- Detecting CXX compile features
[0.592s] -- Detecting CXX compile features - done
[0.593s] -- Found ament_cmake: 1.3.6 (/opt/ros/humble/share/ament_cmake/cmake)
[0.768s] -- Found Python3: /usr/bin/python3.10 (found version "3.10.12") found components: Interpreter 
[0.819s] -- Found ament_lint_auto: 0.12.9 (/opt/ros/humble/share/ament_lint_auto/cmake)
[0.873s] -- Added test 'flake8' to check Python code syntax and style conventions
[0.873s] -- Added test 'lint_cmake' to check CMake code style
[0.874s] -- Added test 'pep257' to check Python code against some of the docstring style conventions in PEP 257
[0.875s] -- Added test 'xmllint' to check XML markup files
[0.876s] -- Configuring done
[0.877s] -- Generating done
[0.878s] -- Build files have been written to: /home/nic/dev/ATTACKS-SW/ros_ws/build/gz_pkg
[0.882s] Invoked command in '/home/nic/dev/ATTACKS-SW/ros_ws/build/gz_pkg' returned '0': CMAKE_PREFIX_PATH=/opt/ros/humble /usr/bin/cmake /home/nic/dev/ATTACKS-SW/ros_ws/src/gz_pkg -DCMAKE_INSTALL_PREFIX=/home/nic/dev/ATTACKS-SW/ros_ws/install/gz_pkg
[0.882s] Invoking command in '/home/nic/dev/ATTACKS-SW/ros_ws/build/gz_pkg': CMAKE_PREFIX_PATH=/opt/ros/humble /usr/bin/cmake --build /home/nic/dev/ATTACKS-SW/ros_ws/build/gz_pkg -- -j32 -l32
[0.898s] Invoked command in '/home/nic/dev/ATTACKS-SW/ros_ws/build/gz_pkg' returned '0': CMAKE_PREFIX_PATH=/opt/ros/humble /usr/bin/cmake --build /home/nic/dev/ATTACKS-SW/ros_ws/build/gz_pkg -- -j32 -l32
[0.913s] Invoking command in '/home/nic/dev/ATTACKS-SW/ros_ws/build/gz_pkg': CMAKE_PREFIX_PATH=/opt/ros/humble /usr/bin/cmake --install /home/nic/dev/ATTACKS-SW/ros_ws/build/gz_pkg
[0.916s] -- Install configuration: ""
[0.916s] -- Up-to-date: /home/nic/dev/ATTACKS-SW/ros_ws/install/gz_pkg/share/gz_pkg//models
[0.916s] -- Up-to-date: /home/nic/dev/ATTACKS-SW/ros_ws/install/gz_pkg/share/gz_pkg//models/diff_drive
[0.916s] -- Up-to-date: /home/nic/dev/ATTACKS-SW/ros_ws/install/gz_pkg/share/gz_pkg//models/diff_drive/config
[0.916s] -- Up-to-date: /home/nic/dev/ATTACKS-SW/ros_ws/install/gz_pkg/share/gz_pkg//models/diff_drive/config/my_controllers.yaml
[0.916s] -- Up-to-date: /home/nic/dev/ATTACKS-SW/ros_ws/install/gz_pkg/share/gz_pkg//models/diff_drive/robot_core.xacro
[0.916s] -- Up-to-date: /home/nic/dev/ATTACKS-SW/ros_ws/install/gz_pkg/share/gz_pkg//models/diff_drive/robot.urdf.xacro
[0.916s] -- Up-to-date: /home/nic/dev/ATTACKS-SW/ros_ws/install/gz_pkg/share/gz_pkg//models/diff_drive/ros2_control.xacro
[0.916s] -- Up-to-date: /home/nic/dev/ATTACKS-SW/ros_ws/install/gz_pkg/share/gz_pkg//models/diff_drive/inertial_macros.xacro
[0.916s] -- Up-to-date: /home/nic/dev/ATTACKS-SW/ros_ws/install/gz_pkg/share/gz_pkg//models/diff_drive/gazebo_control.xacro
[0.917s] -- Up-to-date: /home/nic/dev/ATTACKS-SW/ros_ws/install/gz_pkg/share/gz_pkg//models/iris
[0.917s] -- Up-to-date: /home/nic/dev/ATTACKS-SW/ros_ws/install/gz_pkg/share/gz_pkg//models/iris/meshes
[0.917s] -- Up-to-date: /home/nic/dev/ATTACKS-SW/ros_ws/install/gz_pkg/share/gz_pkg//models/iris/meshes/iris_prop_cw.dae
[0.917s] -- Up-to-date: /home/nic/dev/ATTACKS-SW/ros_ws/install/gz_pkg/share/gz_pkg//models/iris/meshes/iris_prop_ccw.dae
[0.917s] -- Up-to-date: /home/nic/dev/ATTACKS-SW/ros_ws/install/gz_pkg/share/gz_pkg//models/iris/meshes/iris.stl
[0.917s] -- Up-to-date: /home/nic/dev/ATTACKS-SW/ros_ws/install/gz_pkg/share/gz_pkg//models/iris/model.config
[0.917s] -- Up-to-date: /home/nic/dev/ATTACKS-SW/ros_ws/install/gz_pkg/share/gz_pkg//models/iris/iris.sdf
[0.917s] -- Up-to-date: /home/nic/dev/ATTACKS-SW/ros_ws/install/gz_pkg/share/gz_pkg//models/iris/iris.sdf.last_generated
[0.917s] -- Up-to-date: /home/nic/dev/ATTACKS-SW/ros_ws/install/gz_pkg/share/gz_pkg//models/iris/iris.sdf.jinja
[0.917s] -- Up-to-date: /home/nic/dev/ATTACKS-SW/ros_ws/install/gz_pkg/share/gz_pkg//worlds
[0.917s] -- Up-to-date: /home/nic/dev/ATTACKS-SW/ros_ws/install/gz_pkg/share/gz_pkg//worlds/my_world.world
[0.917s] -- Up-to-date: /home/nic/dev/ATTACKS-SW/ros_ws/install/gz_pkg/share/gz_pkg//launch
[0.917s] -- Up-to-date: /home/nic/dev/ATTACKS-SW/ros_ws/install/gz_pkg/share/gz_pkg//launch/launch_sim.launch.py
[0.918s] -- Up-to-date: /home/nic/dev/ATTACKS-SW/ros_ws/install/gz_pkg/share/gz_pkg//launch/rsp.launch.py
[0.918s] -- Up-to-date: /home/nic/dev/ATTACKS-SW/ros_ws/install/gz_pkg/share/gz_pkg//launch/rsp_sdf.launch.py
[0.918s] -- Up-to-date: /home/nic/dev/ATTACKS-SW/ros_ws/install/gz_pkg/share/gz_pkg//launch/px4_gazebo.launch.sh
[0.918s] -- Installing: /home/nic/dev/ATTACKS-SW/ros_ws/install/gz_pkg/share/ament_index/resource_index/package_run_dependencies/gz_pkg
[0.918s] -- Installing: /home/nic/dev/ATTACKS-SW/ros_ws/install/gz_pkg/share/ament_index/resource_index/parent_prefix_path/gz_pkg
[0.918s] -- Installing: /home/nic/dev/ATTACKS-SW/ros_ws/install/gz_pkg/share/gz_pkg/environment/ament_prefix_path.sh
[0.919s] -- Installing: /home/nic/dev/ATTACKS-SW/ros_ws/install/gz_pkg/share/gz_pkg/environment/ament_prefix_path.dsv
[0.919s] -- Installing: /home/nic/dev/ATTACKS-SW/ros_ws/install/gz_pkg/share/gz_pkg/environment/path.sh
[0.919s] -- Installing: /home/nic/dev/ATTACKS-SW/ros_ws/install/gz_pkg/share/gz_pkg/environment/path.dsv
[0.919s] -- Installing: /home/nic/dev/ATTACKS-SW/ros_ws/install/gz_pkg/share/gz_pkg/local_setup.bash
[0.919s] -- Installing: /home/nic/dev/ATTACKS-SW/ros_ws/install/gz_pkg/share/gz_pkg/local_setup.sh
[0.919s] -- Installing: /home/nic/dev/ATTACKS-SW/ros_ws/install/gz_pkg/share/gz_pkg/local_setup.zsh
[0.919s] -- Installing: /home/nic/dev/ATTACKS-SW/ros_ws/install/gz_pkg/share/gz_pkg/local_setup.dsv
[0.919s] -- Installing: /home/nic/dev/ATTACKS-SW/ros_ws/install/gz_pkg/share/gz_pkg/package.dsv
[0.919s] -- Installing: /home/nic/dev/ATTACKS-SW/ros_ws/install/gz_pkg/share/ament_index/resource_index/packages/gz_pkg
[0.919s] -- Installing: /home/nic/dev/ATTACKS-SW/ros_ws/install/gz_pkg/share/gz_pkg/cmake/gz_pkgConfig.cmake
[0.919s] -- Installing: /home/nic/dev/ATTACKS-SW/ros_ws/install/gz_pkg/share/gz_pkg/cmake/gz_pkgConfig-version.cmake
[0.919s] -- Up-to-date: /home/nic/dev/ATTACKS-SW/ros_ws/install/gz_pkg/share/gz_pkg/package.xml
[0.920s] Invoked command in '/home/nic/dev/ATTACKS-SW/ros_ws/build/gz_pkg' returned '0': CMAKE_PREFIX_PATH=/opt/ros/humble /usr/bin/cmake --install /home/nic/dev/ATTACKS-SW/ros_ws/build/gz_pkg
