[0.044s] Invoking command in '/home/nic/dev/ATTACKS-SW/MotionPlanning/ros_ws/build/px4_ros_com': AMENT_PREFIX_PATH=/home/nic/dev/ATTACKS-SW/MotionPlanning/ros_ws/install/px4_msgs:${AMENT_PREFIX_PATH} CMAKE_PREFIX_PATH=/home/nic/dev/ATTACKS-SW/MotionPlanning/ros_ws/install/px4_msgs:/opt/ros/humble LD_LIBRARY_PATH=/home/nic/dev/ATTACKS-SW/MotionPlanning/ros_ws/install/px4_msgs/lib:${LD_LIBRARY_PATH} PYTHONPATH=/home/nic/dev/ATTACKS-SW/MotionPlanning/ros_ws/install/px4_msgs/local/lib/python3.10/dist-packages:${PYTHONPATH} /usr/bin/cmake /home/nic/dev/ATTACKS-SW/MotionPlanning/ros_ws/src/px4_ros_com -DAMENT_CMAKE_SYMLINK_INSTALL=1 -DCMAKE_INSTALL_PREFIX=/home/nic/dev/ATTACKS-SW/MotionPlanning/ros_ws/install/px4_ros_com
[0.091s] -- The C compiler identification is GNU 11.4.0
[0.213s] -- The CXX compiler identification is GNU 11.4.0
[0.293s] -- Detecting C compiler ABI info
[0.352s] -- Detecting C compiler ABI info - done
[0.356s] -- Check for working C compiler: /usr/bin/cc - skipped
[0.357s] -- Detecting C compile features
[0.357s] -- Detecting C compile features - done
[0.359s] -- Detecting CXX compiler ABI info
[0.417s] -- Detecting CXX compiler ABI info - done
[0.422s] -- Check for working CXX compiler: /usr/bin/c++ - skipped
[0.422s] -- Detecting CXX compile features
[0.422s] -- Detecting CXX compile features - done
[0.423s] -- Found ament_cmake: 1.3.5 (/opt/ros/humble/share/ament_cmake/cmake)
[0.643s] -- Found Python3: /usr/bin/python3.10 (found version "3.10.12") found components: Interpreter 
[0.680s] -- Override CMake install command with custom implementation using symlinks instead of copying resources
[0.692s] -- Found builtin_interfaces: 1.2.1 (/opt/ros/humble/share/builtin_interfaces/cmake)
[0.753s] -- Found rosidl_generator_c: 3.1.5 (/opt/ros/humble/share/rosidl_generator_c/cmake)
[0.755s] -- Found rosidl_adapter: 3.1.5 (/opt/ros/humble/share/rosidl_adapter/cmake)
[0.760s] -- Found rosidl_generator_cpp: 3.1.5 (/opt/ros/humble/share/rosidl_generator_cpp/cmake)
[0.768s] -- Using all available rosidl_typesupport_c: rosidl_typesupport_fastrtps_c;rosidl_typesupport_introspection_c
[0.779s] -- Using all available rosidl_typesupport_cpp: rosidl_typesupport_fastrtps_cpp;rosidl_typesupport_introspection_cpp
[0.790s] -- Found eigen3_cmake_module: 0.1.1 (/opt/ros/humble/share/eigen3_cmake_module/cmake)
[0.795s] -- Found Eigen3: TRUE (found version "3.4.0") 
[0.797s] -- Found geometry_msgs: 4.2.3 (/opt/ros/humble/share/geometry_msgs/cmake)
[0.871s] -- Found px4_msgs: 2.0.1 (/home/nic/dev/ATTACKS-SW/MotionPlanning/ros_ws/install/px4_msgs/share/px4_msgs/cmake)
[0.893s] -- Found rclcpp: 16.0.6 (/opt/ros/humble/share/rclcpp/cmake)
[0.951s] -- Found rmw_implementation_cmake: 6.1.1 (/opt/ros/humble/share/rmw_implementation_cmake/cmake)
[0.953s] -- Found rmw_fastrtps_cpp: 6.2.4 (/opt/ros/humble/share/rmw_fastrtps_cpp/cmake)
[1.327s] -- Found OpenSSL: /usr/lib/x86_64-linux-gnu/libcrypto.so (found version "3.0.2")  
[1.709s] -- Found FastRTPS: /opt/ros/humble/include  
[2.415s] -- Using RMW implementation 'rmw_fastrtps_cpp' as default
[2.424s] -- Looking for pthread.h
[2.479s] -- Looking for pthread.h - found
[2.479s] -- Performing Test CMAKE_HAVE_LIBC_PTHREAD
[2.534s] -- Performing Test CMAKE_HAVE_LIBC_PTHREAD - Success
[2.535s] -- Found Threads: TRUE  
[2.626s] -- Found sensor_msgs: 4.2.3 (/opt/ros/humble/share/sensor_msgs/cmake)
[2.694s] -- Found ament_lint_auto: 0.12.8 (/opt/ros/humble/share/ament_lint_auto/cmake)
[2.745s] -- Added test 'copyright' to check source files copyright and LICENSE
[2.747s] -- Added test 'cppcheck' to perform static code analysis on C / C++ code
[2.747s] -- Configured cppcheck include dirs: /home/nic/dev/ATTACKS-SW/MotionPlanning/ros_ws/src/px4_ros_com/include;$<BUILD_INTERFACE:/home/nic/dev/ATTACKS-SW/MotionPlanning/ros_ws/src/px4_ros_com/include/px4_ros_com>
[2.747s] -- Configured cppcheck exclude dirs and/or files: 
[2.748s] -- Added test 'cpplint' to check C / C++ code against the Google style
[2.748s] -- Configured cpplint exclude dirs and/or files: 
[2.749s] -- Added test 'flake8' to check Python code syntax and style conventions
[2.749s] -- Added test 'lint_cmake' to check CMake code style
[2.750s] -- Added test 'pep257' to check Python code against some of the docstring style conventions in PEP 257
[2.751s] -- Added test 'uncrustify' to check C / C++ code style
[2.751s] -- Configured uncrustify additional arguments: 
[2.751s] -- Added test 'xmllint' to check XML markup files
[2.753s] -- Configuring done
[2.766s] -- Generating done
[2.767s] -- Build files have been written to: /home/nic/dev/ATTACKS-SW/MotionPlanning/ros_ws/build/px4_ros_com
[2.773s] Invoked command in '/home/nic/dev/ATTACKS-SW/MotionPlanning/ros_ws/build/px4_ros_com' returned '0': AMENT_PREFIX_PATH=/home/nic/dev/ATTACKS-SW/MotionPlanning/ros_ws/install/px4_msgs:${AMENT_PREFIX_PATH} CMAKE_PREFIX_PATH=/home/nic/dev/ATTACKS-SW/MotionPlanning/ros_ws/install/px4_msgs:/opt/ros/humble LD_LIBRARY_PATH=/home/nic/dev/ATTACKS-SW/MotionPlanning/ros_ws/install/px4_msgs/lib:${LD_LIBRARY_PATH} PYTHONPATH=/home/nic/dev/ATTACKS-SW/MotionPlanning/ros_ws/install/px4_msgs/local/lib/python3.10/dist-packages:${PYTHONPATH} /usr/bin/cmake /home/nic/dev/ATTACKS-SW/MotionPlanning/ros_ws/src/px4_ros_com -DAMENT_CMAKE_SYMLINK_INSTALL=1 -DCMAKE_INSTALL_PREFIX=/home/nic/dev/ATTACKS-SW/MotionPlanning/ros_ws/install/px4_ros_com
[2.774s] Invoking command in '/home/nic/dev/ATTACKS-SW/MotionPlanning/ros_ws/build/px4_ros_com': AMENT_PREFIX_PATH=/home/nic/dev/ATTACKS-SW/MotionPlanning/ros_ws/install/px4_msgs:${AMENT_PREFIX_PATH} CMAKE_PREFIX_PATH=/home/nic/dev/ATTACKS-SW/MotionPlanning/ros_ws/install/px4_msgs:/opt/ros/humble LD_LIBRARY_PATH=/home/nic/dev/ATTACKS-SW/MotionPlanning/ros_ws/install/px4_msgs/lib:${LD_LIBRARY_PATH} PYTHONPATH=/home/nic/dev/ATTACKS-SW/MotionPlanning/ros_ws/install/px4_msgs/local/lib/python3.10/dist-packages:${PYTHONPATH} /usr/bin/cmake --build /home/nic/dev/ATTACKS-SW/MotionPlanning/ros_ws/build/px4_ros_com -- -j32 -l32
[2.798s] [ 10%] [32mBuilding CXX object CMakeFiles/frame_transforms.dir/src/lib/frame_transforms.cpp.o[0m
[2.799s] [ 20%] [32mBuilding CXX object CMakeFiles/vehicle_gps_position_listener.dir/src/examples/listeners/vehicle_gps_position_listener.cpp.o[0m
[2.799s] [ 40%] [32mBuilding CXX object CMakeFiles/debug_vect_advertiser.dir/src/examples/advertisers/debug_vect_advertiser.cpp.o[0m
[2.799s] [ 40%] [32mBuilding CXX object CMakeFiles/sensor_combined_listener.dir/src/examples/listeners/sensor_combined_listener.cpp.o[0m
[2.799s] [ 50%] [32mBuilding CXX object CMakeFiles/offboard_control.dir/src/examples/offboard/offboard_control.cpp.o[0m
[4.991s] [ 60%] [32m[1mLinking CXX executable debug_vect_advertiser[0m
[5.111s] [ 60%] Built target debug_vect_advertiser
[5.347s] [ 70%] [32m[1mLinking CXX executable offboard_control[0m
[5.458s] [ 70%] Built target offboard_control
[6.196s] [ 80%] [32m[1mLinking CXX shared library libframe_transforms.so[0m
[6.347s] [ 80%] Built target frame_transforms
[6.797s] [100%] [32m[1mLinking CXX executable vehicle_gps_position_listener[0m
[6.797s] [100%] [32m[1mLinking CXX executable sensor_combined_listener[0m
[6.984s] [100%] Built target sensor_combined_listener
[6.986s] [100%] Built target vehicle_gps_position_listener
[6.991s] Invoked command in '/home/nic/dev/ATTACKS-SW/MotionPlanning/ros_ws/build/px4_ros_com' returned '0': AMENT_PREFIX_PATH=/home/nic/dev/ATTACKS-SW/MotionPlanning/ros_ws/install/px4_msgs:${AMENT_PREFIX_PATH} CMAKE_PREFIX_PATH=/home/nic/dev/ATTACKS-SW/MotionPlanning/ros_ws/install/px4_msgs:/opt/ros/humble LD_LIBRARY_PATH=/home/nic/dev/ATTACKS-SW/MotionPlanning/ros_ws/install/px4_msgs/lib:${LD_LIBRARY_PATH} PYTHONPATH=/home/nic/dev/ATTACKS-SW/MotionPlanning/ros_ws/install/px4_msgs/local/lib/python3.10/dist-packages:${PYTHONPATH} /usr/bin/cmake --build /home/nic/dev/ATTACKS-SW/MotionPlanning/ros_ws/build/px4_ros_com -- -j32 -l32
[7.006s] Invoking command in '/home/nic/dev/ATTACKS-SW/MotionPlanning/ros_ws/build/px4_ros_com': AMENT_PREFIX_PATH=/home/nic/dev/ATTACKS-SW/MotionPlanning/ros_ws/install/px4_msgs:${AMENT_PREFIX_PATH} CMAKE_PREFIX_PATH=/home/nic/dev/ATTACKS-SW/MotionPlanning/ros_ws/install/px4_msgs:/opt/ros/humble LD_LIBRARY_PATH=/home/nic/dev/ATTACKS-SW/MotionPlanning/ros_ws/install/px4_msgs/lib:${LD_LIBRARY_PATH} PYTHONPATH=/home/nic/dev/ATTACKS-SW/MotionPlanning/ros_ws/install/px4_msgs/local/lib/python3.10/dist-packages:${PYTHONPATH} /usr/bin/cmake --install /home/nic/dev/ATTACKS-SW/MotionPlanning/ros_ws/build/px4_ros_com
[7.008s] -- Install configuration: ""
[7.009s] -- Execute custom install script
[7.009s] -- Symlinking: /home/nic/dev/ATTACKS-SW/MotionPlanning/ros_ws/install/px4_ros_com/lib/px4_ros_com/sensor_combined_listener
[7.012s] -- Symlinking: /home/nic/dev/ATTACKS-SW/MotionPlanning/ros_ws/install/px4_ros_com/lib/px4_ros_com/vehicle_gps_position_listener
[7.015s] -- Symlinking: /home/nic/dev/ATTACKS-SW/MotionPlanning/ros_ws/install/px4_ros_com/lib/px4_ros_com/debug_vect_advertiser
[7.018s] -- Symlinking: /home/nic/dev/ATTACKS-SW/MotionPlanning/ros_ws/install/px4_ros_com/lib/px4_ros_com/offboard_control
[7.021s] -- Symlinking: /home/nic/dev/ATTACKS-SW/MotionPlanning/ros_ws/install/px4_ros_com/share/px4_ros_com/environment/library_path.sh
[7.024s] -- Symlinking: /home/nic/dev/ATTACKS-SW/MotionPlanning/ros_ws/install/px4_ros_com/share/px4_ros_com/environment/library_path.dsv
[7.027s] -- Symlinking: /home/nic/dev/ATTACKS-SW/MotionPlanning/ros_ws/install/px4_ros_com/include/px4_ros_com/frame_transforms.h
[7.031s] -- Symlinking: /home/nic/dev/ATTACKS-SW/MotionPlanning/ros_ws/install/px4_ros_com/share/px4_ros_com//launch/offboard_control_launch.yaml
[7.033s] -- Symlinking: /home/nic/dev/ATTACKS-SW/MotionPlanning/ros_ws/install/px4_ros_com/share/px4_ros_com//launch/sensor_combined_listener.launch.py
[7.036s] -- Symlinking: /home/nic/dev/ATTACKS-SW/MotionPlanning/ros_ws/install/px4_ros_com/share/px4_ros_com//test/__init__.py
[7.039s] -- Symlinking: /home/nic/dev/ATTACKS-SW/MotionPlanning/ros_ws/install/px4_ros_com/share/px4_ros_com//test/pipeline_io_test.py
[7.042s] -- Symlinking: /home/nic/dev/ATTACKS-SW/MotionPlanning/ros_ws/install/px4_ros_com/share/px4_ros_com//test/test_input.py
[7.045s] -- Symlinking: /home/nic/dev/ATTACKS-SW/MotionPlanning/ros_ws/install/px4_ros_com/share/px4_ros_com//test/test_output.py
[7.049s] -- Symlinking: /home/nic/dev/ATTACKS-SW/MotionPlanning/ros_ws/install/px4_ros_com/share/ament_index/resource_index/package_run_dependencies/px4_ros_com
[7.051s] -- Symlinking: /home/nic/dev/ATTACKS-SW/MotionPlanning/ros_ws/install/px4_ros_com/share/ament_index/resource_index/parent_prefix_path/px4_ros_com
[7.054s] -- Symlinking: /home/nic/dev/ATTACKS-SW/MotionPlanning/ros_ws/install/px4_ros_com/share/px4_ros_com/environment/ament_prefix_path.sh
[7.057s] -- Symlinking: /home/nic/dev/ATTACKS-SW/MotionPlanning/ros_ws/install/px4_ros_com/share/px4_ros_com/environment/ament_prefix_path.dsv
[7.060s] -- Symlinking: /home/nic/dev/ATTACKS-SW/MotionPlanning/ros_ws/install/px4_ros_com/share/px4_ros_com/environment/path.sh
[7.063s] -- Symlinking: /home/nic/dev/ATTACKS-SW/MotionPlanning/ros_ws/install/px4_ros_com/share/px4_ros_com/environment/path.dsv
[7.066s] -- Symlinking: /home/nic/dev/ATTACKS-SW/MotionPlanning/ros_ws/install/px4_ros_com/share/px4_ros_com/local_setup.bash
[7.069s] -- Symlinking: /home/nic/dev/ATTACKS-SW/MotionPlanning/ros_ws/install/px4_ros_com/share/px4_ros_com/local_setup.sh
[7.072s] -- Symlinking: /home/nic/dev/ATTACKS-SW/MotionPlanning/ros_ws/install/px4_ros_com/share/px4_ros_com/local_setup.zsh
[7.075s] -- Symlinking: /home/nic/dev/ATTACKS-SW/MotionPlanning/ros_ws/install/px4_ros_com/share/px4_ros_com/local_setup.dsv
[7.078s] -- Symlinking: /home/nic/dev/ATTACKS-SW/MotionPlanning/ros_ws/install/px4_ros_com/share/px4_ros_com/package.dsv
[7.081s] -- Symlinking: /home/nic/dev/ATTACKS-SW/MotionPlanning/ros_ws/install/px4_ros_com/share/ament_index/resource_index/packages/px4_ros_com
[7.084s] -- Symlinking: /home/nic/dev/ATTACKS-SW/MotionPlanning/ros_ws/install/px4_ros_com/share/px4_ros_com/cmake/ament_cmake_export_dependencies-extras.cmake
[7.087s] -- Symlinking: /home/nic/dev/ATTACKS-SW/MotionPlanning/ros_ws/install/px4_ros_com/share/px4_ros_com/cmake/ament_cmake_export_targets-extras.cmake
[7.090s] -- Symlinking: /home/nic/dev/ATTACKS-SW/MotionPlanning/ros_ws/install/px4_ros_com/share/px4_ros_com/cmake/ament_cmake_export_include_directories-extras.cmake
[7.093s] -- Symlinking: /home/nic/dev/ATTACKS-SW/MotionPlanning/ros_ws/install/px4_ros_com/share/px4_ros_com/cmake/ament_cmake_export_libraries-extras.cmake
[7.096s] -- Symlinking: /home/nic/dev/ATTACKS-SW/MotionPlanning/ros_ws/install/px4_ros_com/share/px4_ros_com/cmake/px4_ros_comConfig.cmake
[7.098s] -- Symlinking: /home/nic/dev/ATTACKS-SW/MotionPlanning/ros_ws/install/px4_ros_com/share/px4_ros_com/cmake/px4_ros_comConfig-version.cmake
[7.102s] -- Symlinking: /home/nic/dev/ATTACKS-SW/MotionPlanning/ros_ws/install/px4_ros_com/share/px4_ros_com/package.xml
[7.105s] -- Installing: /home/nic/dev/ATTACKS-SW/MotionPlanning/ros_ws/install/px4_ros_com/lib/libframe_transforms.so
[7.106s] -- Set runtime path of "/home/nic/dev/ATTACKS-SW/MotionPlanning/ros_ws/install/px4_ros_com/lib/libframe_transforms.so" to ""
[7.106s] -- Installing: /home/nic/dev/ATTACKS-SW/MotionPlanning/ros_ws/install/px4_ros_com/share/px4_ros_com/cmake/export_frame_transformsExport.cmake
[7.106s] -- Installing: /home/nic/dev/ATTACKS-SW/MotionPlanning/ros_ws/install/px4_ros_com/share/px4_ros_com/cmake/export_frame_transformsExport-noconfig.cmake
[7.107s] Invoked command in '/home/nic/dev/ATTACKS-SW/MotionPlanning/ros_ws/build/px4_ros_com' returned '0': AMENT_PREFIX_PATH=/home/nic/dev/ATTACKS-SW/MotionPlanning/ros_ws/install/px4_msgs:${AMENT_PREFIX_PATH} CMAKE_PREFIX_PATH=/home/nic/dev/ATTACKS-SW/MotionPlanning/ros_ws/install/px4_msgs:/opt/ros/humble LD_LIBRARY_PATH=/home/nic/dev/ATTACKS-SW/MotionPlanning/ros_ws/install/px4_msgs/lib:${LD_LIBRARY_PATH} PYTHONPATH=/home/nic/dev/ATTACKS-SW/MotionPlanning/ros_ws/install/px4_msgs/local/lib/python3.10/dist-packages:${PYTHONPATH} /usr/bin/cmake --install /home/nic/dev/ATTACKS-SW/MotionPlanning/ros_ws/build/px4_ros_com
