-- The C compiler identification is GNU 11.4.0
-- The CXX compiler identification is GNU 11.4.0
-- Detecting C compiler ABI info
-- Detecting C compiler ABI info - done
-- Check for working C compiler: /usr/bin/cc - skipped
-- Detecting C compile features
-- Detecting C compile features - done
-- Detecting CXX compiler ABI info
-- Detecting CXX compiler ABI info - done
-- Check for working CXX compiler: /usr/bin/c++ - skipped
-- Detecting CXX compile features
-- Detecting CXX compile features - done
-- Found ament_cmake: 1.3.6 (/opt/ros/humble/share/ament_cmake/cmake)
-- Found Python3: /usr/bin/python3.10 (found version "3.10.12") found components: Interpreter 
-- Found builtin_interfaces: 1.2.1 (/opt/ros/humble/share/builtin_interfaces/cmake)
-- Found rosidl_generator_c: 3.1.5 (/opt/ros/humble/share/rosidl_generator_c/cmake)
-- Found rosidl_adapter: 3.1.5 (/opt/ros/humble/share/rosidl_adapter/cmake)
-- Found rosidl_generator_cpp: 3.1.5 (/opt/ros/humble/share/rosidl_generator_cpp/cmake)
-- Using all available rosidl_typesupport_c: rosidl_typesupport_fastrtps_c;rosidl_typesupport_introspection_c
-- Using all available rosidl_typesupport_cpp: rosidl_typesupport_fastrtps_cpp;rosidl_typesupport_introspection_cpp
-- Found eigen3_cmake_module: 0.1.1 (/opt/ros/humble/share/eigen3_cmake_module/cmake)
-- Found Eigen3: TRUE (found version "3.4.0") 
-- Found geometry_msgs: 4.2.3 (/opt/ros/humble/share/geometry_msgs/cmake)
-- Found px4_msgs: 2.0.1 (/home/nic/dev/ATTACKS-SW/ros_ws/install/px4_msgs/share/px4_msgs/cmake)
-- Found rclcpp: 16.0.7 (/opt/ros/humble/share/rclcpp/cmake)
-- Found rmw_implementation_cmake: 6.1.1 (/opt/ros/humble/share/rmw_implementation_cmake/cmake)
-- Found rmw_fastrtps_cpp: 6.2.5 (/opt/ros/humble/share/rmw_fastrtps_cpp/cmake)
-- Found OpenSSL: /usr/lib/x86_64-linux-gnu/libcrypto.so (found version "3.0.2")  
-- Found FastRTPS: /opt/ros/humble/include  
-- Using RMW implementation 'rmw_fastrtps_cpp' as default
-- Looking for pthread.h
-- Looking for pthread.h - found
-- Performing Test CMAKE_HAVE_LIBC_PTHREAD
-- Performing Test CMAKE_HAVE_LIBC_PTHREAD - Success
-- Found Threads: TRUE  
-- Found sensor_msgs: 4.2.3 (/opt/ros/humble/share/sensor_msgs/cmake)
-- Found cv_bridge: 3.2.1 (/opt/ros/humble/share/cv_bridge/cmake)
-- Found OpenCV: /usr (found version "4.5.4") 
-- Found image_transport: 3.1.7 (/opt/ros/humble/share/image_transport/cmake)
-- Found ament_lint_auto: 0.12.9 (/opt/ros/humble/share/ament_lint_auto/cmake)
-- Added test 'copyright' to check source files copyright and LICENSE
-- Added test 'cppcheck' to perform static code analysis on C / C++ code
-- Configured cppcheck include dirs: /home/nic/dev/ATTACKS-SW/ros_ws/src/ctrl_pkg/include;$<BUILD_INTERFACE:/home/nic/dev/ATTACKS-SW/ros_ws/src/ctrl_pkg/include/ctrl_pkg>
-- Configured cppcheck exclude dirs and/or files: 
-- Added test 'cpplint' to check C / C++ code against the Google style
-- Configured cpplint exclude dirs and/or files: 
-- Added test 'flake8' to check Python code syntax and style conventions
-- Added test 'lint_cmake' to check CMake code style
-- Added test 'pep257' to check Python code against some of the docstring style conventions in PEP 257
-- Added test 'uncrustify' to check C / C++ code style
-- Configured uncrustify additional arguments: 
-- Added test 'xmllint' to check XML markup files
-- Configuring done
-- Generating done
-- Build files have been written to: /home/nic/dev/ATTACKS-SW/ros_ws/build/ctrl_pkg
[ 16%] [32mBuilding CXX object CMakeFiles/UAS_sensor_listener.dir/src/listeners/UAS_sensor_listener.cpp.o[0m
[ 33%] [32mBuilding CXX object CMakeFiles/UAS_state_listener.dir/src/listeners/UAS_state_listener.cpp.o[0m
[ 50%] [32mBuilding CXX object CMakeFiles/frame_transforms.dir/src/lib/frame_transforms.cpp.o[0m
[ 66%] [32m[1mLinking CXX shared library libframe_transforms.so[0m
[ 66%] Built target frame_transforms
[ 83%] [32m[1mLinking CXX executable UAS_sensor_listener[0m
[100%] [32m[1mLinking CXX executable UAS_state_listener[0m
[100%] Built target UAS_sensor_listener
[100%] Built target UAS_state_listener
-- Install configuration: ""
-- Installing: /home/nic/dev/ATTACKS-SW/ros_ws/install/ctrl_pkg/lib/ctrl_pkg/UAS_state_listener
-- Set runtime path of "/home/nic/dev/ATTACKS-SW/ros_ws/install/ctrl_pkg/lib/ctrl_pkg/UAS_state_listener" to ""
-- Installing: /home/nic/dev/ATTACKS-SW/ros_ws/install/ctrl_pkg/lib/ctrl_pkg/UAS_sensor_listener
-- Set runtime path of "/home/nic/dev/ATTACKS-SW/ros_ws/install/ctrl_pkg/lib/ctrl_pkg/UAS_sensor_listener" to ""
-- Installing: /home/nic/dev/ATTACKS-SW/ros_ws/install/ctrl_pkg/share/ctrl_pkg/environment/library_path.sh
-- Installing: /home/nic/dev/ATTACKS-SW/ros_ws/install/ctrl_pkg/share/ctrl_pkg/environment/library_path.dsv
-- Installing: /home/nic/dev/ATTACKS-SW/ros_ws/install/ctrl_pkg/include/ctrl_pkg
-- Installing: /home/nic/dev/ATTACKS-SW/ros_ws/install/ctrl_pkg/include/ctrl_pkg/frame_transforms.h
-- Installing: /home/nic/dev/ATTACKS-SW/ros_ws/install/ctrl_pkg/lib/libframe_transforms.so
-- Set runtime path of "/home/nic/dev/ATTACKS-SW/ros_ws/install/ctrl_pkg/lib/libframe_transforms.so" to ""
-- Installing: /home/nic/dev/ATTACKS-SW/ros_ws/install/ctrl_pkg/share/ctrl_pkg//launch
-- Installing: /home/nic/dev/ATTACKS-SW/ros_ws/install/ctrl_pkg/share/ctrl_pkg//launch/UAS_sensor_listener.launch.py
-- Installing: /home/nic/dev/ATTACKS-SW/ros_ws/install/ctrl_pkg/share/ctrl_pkg//launch/UAS_state_listener.launch.py
-- Installing: /home/nic/dev/ATTACKS-SW/ros_ws/install/ctrl_pkg/share/ctrl_pkg//test
-- Installing: /home/nic/dev/ATTACKS-SW/ros_ws/install/ctrl_pkg/share/ctrl_pkg//test/test_output.py
-- Installing: /home/nic/dev/ATTACKS-SW/ros_ws/install/ctrl_pkg/share/ctrl_pkg//test/test_input.py
-- Installing: /home/nic/dev/ATTACKS-SW/ros_ws/install/ctrl_pkg/share/ctrl_pkg//test/pipeline_io_test.py
-- Installing: /home/nic/dev/ATTACKS-SW/ros_ws/install/ctrl_pkg/share/ctrl_pkg//test/__init__.py
-- Installing: /home/nic/dev/ATTACKS-SW/ros_ws/install/ctrl_pkg/share/ament_index/resource_index/package_run_dependencies/ctrl_pkg
-- Installing: /home/nic/dev/ATTACKS-SW/ros_ws/install/ctrl_pkg/share/ament_index/resource_index/parent_prefix_path/ctrl_pkg
-- Installing: /home/nic/dev/ATTACKS-SW/ros_ws/install/ctrl_pkg/share/ctrl_pkg/environment/ament_prefix_path.sh
-- Installing: /home/nic/dev/ATTACKS-SW/ros_ws/install/ctrl_pkg/share/ctrl_pkg/environment/ament_prefix_path.dsv
-- Installing: /home/nic/dev/ATTACKS-SW/ros_ws/install/ctrl_pkg/share/ctrl_pkg/environment/path.sh
-- Installing: /home/nic/dev/ATTACKS-SW/ros_ws/install/ctrl_pkg/share/ctrl_pkg/environment/path.dsv
-- Installing: /home/nic/dev/ATTACKS-SW/ros_ws/install/ctrl_pkg/share/ctrl_pkg/local_setup.bash
-- Installing: /home/nic/dev/ATTACKS-SW/ros_ws/install/ctrl_pkg/share/ctrl_pkg/local_setup.sh
-- Installing: /home/nic/dev/ATTACKS-SW/ros_ws/install/ctrl_pkg/share/ctrl_pkg/local_setup.zsh
-- Installing: /home/nic/dev/ATTACKS-SW/ros_ws/install/ctrl_pkg/share/ctrl_pkg/local_setup.dsv
-- Installing: /home/nic/dev/ATTACKS-SW/ros_ws/install/ctrl_pkg/share/ctrl_pkg/package.dsv
-- Installing: /home/nic/dev/ATTACKS-SW/ros_ws/install/ctrl_pkg/share/ament_index/resource_index/packages/ctrl_pkg
-- Installing: /home/nic/dev/ATTACKS-SW/ros_ws/install/ctrl_pkg/share/ctrl_pkg/cmake/export_frame_transformsExport.cmake
-- Installing: /home/nic/dev/ATTACKS-SW/ros_ws/install/ctrl_pkg/share/ctrl_pkg/cmake/export_frame_transformsExport-noconfig.cmake
-- Installing: /home/nic/dev/ATTACKS-SW/ros_ws/install/ctrl_pkg/share/ctrl_pkg/cmake/ament_cmake_export_dependencies-extras.cmake
-- Installing: /home/nic/dev/ATTACKS-SW/ros_ws/install/ctrl_pkg/share/ctrl_pkg/cmake/ament_cmake_export_targets-extras.cmake
-- Installing: /home/nic/dev/ATTACKS-SW/ros_ws/install/ctrl_pkg/share/ctrl_pkg/cmake/ament_cmake_export_include_directories-extras.cmake
-- Installing: /home/nic/dev/ATTACKS-SW/ros_ws/install/ctrl_pkg/share/ctrl_pkg/cmake/ament_cmake_export_libraries-extras.cmake
-- Installing: /home/nic/dev/ATTACKS-SW/ros_ws/install/ctrl_pkg/share/ctrl_pkg/cmake/ctrl_pkgConfig.cmake
-- Installing: /home/nic/dev/ATTACKS-SW/ros_ws/install/ctrl_pkg/share/ctrl_pkg/cmake/ctrl_pkgConfig-version.cmake
-- Installing: /home/nic/dev/ATTACKS-SW/ros_ws/install/ctrl_pkg/share/ctrl_pkg/package.xml
