[0.065s] Invoking command in '/home/nic/dev/ATTACKS-SW/ros_ws/build/ctrl_pkg': AMENT_PREFIX_PATH=/home/nic/dev/ATTACKS-SW/ros_ws/install/px4_msgs:${AMENT_PREFIX_PATH} CMAKE_PREFIX_PATH=/home/nic/dev/ATTACKS-SW/ros_ws/install/px4_msgs:/opt/ros/humble LD_LIBRARY_PATH=/home/nic/dev/ATTACKS-SW/ros_ws/install/px4_msgs/lib:/home/nic/.linuxbrew/lib:/usr/lib/x86_64-linux-gnu/gazebo-11/plugins:/opt/ros/humble/opt/rviz_ogre_vendor/lib:/opt/ros/humble/lib/x86_64-linux-gnu:/opt/ros/humble/lib:/usr/lib/x86_64-linux-gnu/gazebo-11/plugins PYTHONPATH=/home/nic/dev/ATTACKS-SW/ros_ws/install/px4_msgs/local/lib/python3.10/dist-packages:${PYTHONPATH} /usr/bin/cmake /home/nic/dev/ATTACKS-SW/ros_ws/src/ctrl_pkg -DCMAKE_INSTALL_PREFIX=/home/nic/dev/ATTACKS-SW/ros_ws/install/ctrl_pkg
[0.124s] -- The C compiler identification is GNU 11.4.0
[0.333s] -- The CXX compiler identification is GNU 11.4.0
[0.460s] -- Detecting C compiler ABI info
[0.517s] -- Detecting C compiler ABI info - done
[0.522s] -- Check for working C compiler: /usr/bin/cc - skipped
[0.522s] -- Detecting C compile features
[0.522s] -- Detecting C compile features - done
[0.524s] -- Detecting CXX compiler ABI info
[0.597s] -- Detecting CXX compiler ABI info - done
[0.601s] -- Check for working CXX compiler: /usr/bin/c++ - skipped
[0.602s] -- Detecting CXX compile features
[0.602s] -- Detecting CXX compile features - done
[0.603s] -- Found ament_cmake: 1.3.6 (/opt/ros/humble/share/ament_cmake/cmake)
[0.833s] -- Found Python3: /usr/bin/python3.10 (found version "3.10.12") found components: Interpreter 
[0.887s] -- Found builtin_interfaces: 1.2.1 (/opt/ros/humble/share/builtin_interfaces/cmake)
[0.957s] -- Found rosidl_generator_c: 3.1.5 (/opt/ros/humble/share/rosidl_generator_c/cmake)
[0.959s] -- Found rosidl_adapter: 3.1.5 (/opt/ros/humble/share/rosidl_adapter/cmake)
[0.964s] -- Found rosidl_generator_cpp: 3.1.5 (/opt/ros/humble/share/rosidl_generator_cpp/cmake)
[0.972s] -- Using all available rosidl_typesupport_c: rosidl_typesupport_fastrtps_c;rosidl_typesupport_introspection_c
[0.984s] -- Using all available rosidl_typesupport_cpp: rosidl_typesupport_fastrtps_cpp;rosidl_typesupport_introspection_cpp
[0.996s] -- Found eigen3_cmake_module: 0.1.1 (/opt/ros/humble/share/eigen3_cmake_module/cmake)
[0.999s] -- Found Eigen3: TRUE (found version "3.4.0") 
[1.002s] -- Found geometry_msgs: 4.2.3 (/opt/ros/humble/share/geometry_msgs/cmake)
[1.082s] -- Found px4_msgs: 2.0.1 (/home/nic/dev/ATTACKS-SW/ros_ws/install/px4_msgs/share/px4_msgs/cmake)
[1.106s] -- Found rclcpp: 16.0.7 (/opt/ros/humble/share/rclcpp/cmake)
[1.163s] -- Found rmw_implementation_cmake: 6.1.1 (/opt/ros/humble/share/rmw_implementation_cmake/cmake)
[1.166s] -- Found rmw_fastrtps_cpp: 6.2.5 (/opt/ros/humble/share/rmw_fastrtps_cpp/cmake)
[1.576s] -- Found OpenSSL: /usr/lib/x86_64-linux-gnu/libcrypto.so (found version "3.0.2")  
[1.915s] -- Found FastRTPS: /opt/ros/humble/include  
[2.721s] -- Using RMW implementation 'rmw_fastrtps_cpp' as default
[2.734s] -- Looking for pthread.h
[2.807s] -- Looking for pthread.h - found
[2.808s] -- Performing Test CMAKE_HAVE_LIBC_PTHREAD
[2.885s] -- Performing Test CMAKE_HAVE_LIBC_PTHREAD - Success
[2.886s] -- Found Threads: TRUE  
[2.985s] -- Found sensor_msgs: 4.2.3 (/opt/ros/humble/share/sensor_msgs/cmake)
[3.046s] -- Found cv_bridge: 3.2.1 (/opt/ros/humble/share/cv_bridge/cmake)
[3.061s] -- Found OpenCV: /usr (found version "4.5.4") 
[3.063s] -- Found image_transport: 3.1.7 (/opt/ros/humble/share/image_transport/cmake)
[3.910s] -- Found ament_lint_auto: 0.12.9 (/opt/ros/humble/share/ament_lint_auto/cmake)
[3.998s] -- Added test 'copyright' to check source files copyright and LICENSE
[3.998s] -- Added test 'cppcheck' to perform static code analysis on C / C++ code
[3.999s] -- Configured cppcheck include dirs: /home/nic/dev/ATTACKS-SW/ros_ws/src/ctrl_pkg/include;$<BUILD_INTERFACE:/home/nic/dev/ATTACKS-SW/ros_ws/src/ctrl_pkg/include/ctrl_pkg>
[3.999s] -- Configured cppcheck exclude dirs and/or files: 
[4.000s] -- Added test 'cpplint' to check C / C++ code against the Google style
[4.000s] -- Configured cpplint exclude dirs and/or files: 
[4.000s] -- Added test 'flake8' to check Python code syntax and style conventions
[4.001s] -- Added test 'lint_cmake' to check CMake code style
[4.001s] -- Added test 'pep257' to check Python code against some of the docstring style conventions in PEP 257
[4.002s] -- Added test 'uncrustify' to check C / C++ code style
[4.002s] -- Configured uncrustify additional arguments: 
[4.003s] -- Added test 'xmllint' to check XML markup files
[4.004s] -- Configuring done
[4.021s] -- Generating done
[4.023s] -- Build files have been written to: /home/nic/dev/ATTACKS-SW/ros_ws/build/ctrl_pkg
[4.036s] Invoked command in '/home/nic/dev/ATTACKS-SW/ros_ws/build/ctrl_pkg' returned '0': AMENT_PREFIX_PATH=/home/nic/dev/ATTACKS-SW/ros_ws/install/px4_msgs:${AMENT_PREFIX_PATH} CMAKE_PREFIX_PATH=/home/nic/dev/ATTACKS-SW/ros_ws/install/px4_msgs:/opt/ros/humble LD_LIBRARY_PATH=/home/nic/dev/ATTACKS-SW/ros_ws/install/px4_msgs/lib:/home/nic/.linuxbrew/lib:/usr/lib/x86_64-linux-gnu/gazebo-11/plugins:/opt/ros/humble/opt/rviz_ogre_vendor/lib:/opt/ros/humble/lib/x86_64-linux-gnu:/opt/ros/humble/lib:/usr/lib/x86_64-linux-gnu/gazebo-11/plugins PYTHONPATH=/home/nic/dev/ATTACKS-SW/ros_ws/install/px4_msgs/local/lib/python3.10/dist-packages:${PYTHONPATH} /usr/bin/cmake /home/nic/dev/ATTACKS-SW/ros_ws/src/ctrl_pkg -DCMAKE_INSTALL_PREFIX=/home/nic/dev/ATTACKS-SW/ros_ws/install/ctrl_pkg
[4.036s] Invoking command in '/home/nic/dev/ATTACKS-SW/ros_ws/build/ctrl_pkg': AMENT_PREFIX_PATH=/home/nic/dev/ATTACKS-SW/ros_ws/install/px4_msgs:${AMENT_PREFIX_PATH} CMAKE_PREFIX_PATH=/home/nic/dev/ATTACKS-SW/ros_ws/install/px4_msgs:/opt/ros/humble LD_LIBRARY_PATH=/home/nic/dev/ATTACKS-SW/ros_ws/install/px4_msgs/lib:/home/nic/.linuxbrew/lib:/usr/lib/x86_64-linux-gnu/gazebo-11/plugins:/opt/ros/humble/opt/rviz_ogre_vendor/lib:/opt/ros/humble/lib/x86_64-linux-gnu:/opt/ros/humble/lib:/usr/lib/x86_64-linux-gnu/gazebo-11/plugins PYTHONPATH=/home/nic/dev/ATTACKS-SW/ros_ws/install/px4_msgs/local/lib/python3.10/dist-packages:${PYTHONPATH} /usr/bin/cmake --build /home/nic/dev/ATTACKS-SW/ros_ws/build/ctrl_pkg -- -j32 -l32
[4.070s] [ 16%] [32mBuilding CXX object CMakeFiles/UAS_sensor_listener.dir/src/listeners/UAS_sensor_listener.cpp.o[0m
[4.071s] [ 33%] [32mBuilding CXX object CMakeFiles/UAS_state_listener.dir/src/listeners/UAS_state_listener.cpp.o[0m
[4.071s] [ 50%] [32mBuilding CXX object CMakeFiles/frame_transforms.dir/src/lib/frame_transforms.cpp.o[0m
[10.874s] [ 66%] [32m[1mLinking CXX shared library libframe_transforms.so[0m
[11.110s] [ 66%] Built target frame_transforms
[12.588s] [ 83%] [32m[1mLinking CXX executable UAS_sensor_listener[0m
[13.146s] [100%] [32m[1mLinking CXX executable UAS_state_listener[0m
[13.179s] [100%] Built target UAS_sensor_listener
[13.560s] [100%] Built target UAS_state_listener
[13.569s] Invoked command in '/home/nic/dev/ATTACKS-SW/ros_ws/build/ctrl_pkg' returned '0': AMENT_PREFIX_PATH=/home/nic/dev/ATTACKS-SW/ros_ws/install/px4_msgs:${AMENT_PREFIX_PATH} CMAKE_PREFIX_PATH=/home/nic/dev/ATTACKS-SW/ros_ws/install/px4_msgs:/opt/ros/humble LD_LIBRARY_PATH=/home/nic/dev/ATTACKS-SW/ros_ws/install/px4_msgs/lib:/home/nic/.linuxbrew/lib:/usr/lib/x86_64-linux-gnu/gazebo-11/plugins:/opt/ros/humble/opt/rviz_ogre_vendor/lib:/opt/ros/humble/lib/x86_64-linux-gnu:/opt/ros/humble/lib:/usr/lib/x86_64-linux-gnu/gazebo-11/plugins PYTHONPATH=/home/nic/dev/ATTACKS-SW/ros_ws/install/px4_msgs/local/lib/python3.10/dist-packages:${PYTHONPATH} /usr/bin/cmake --build /home/nic/dev/ATTACKS-SW/ros_ws/build/ctrl_pkg -- -j32 -l32
[13.592s] Invoking command in '/home/nic/dev/ATTACKS-SW/ros_ws/build/ctrl_pkg': AMENT_PREFIX_PATH=/home/nic/dev/ATTACKS-SW/ros_ws/install/px4_msgs:${AMENT_PREFIX_PATH} CMAKE_PREFIX_PATH=/home/nic/dev/ATTACKS-SW/ros_ws/install/px4_msgs:/opt/ros/humble LD_LIBRARY_PATH=/home/nic/dev/ATTACKS-SW/ros_ws/install/px4_msgs/lib:/home/nic/.linuxbrew/lib:/usr/lib/x86_64-linux-gnu/gazebo-11/plugins:/opt/ros/humble/opt/rviz_ogre_vendor/lib:/opt/ros/humble/lib/x86_64-linux-gnu:/opt/ros/humble/lib:/usr/lib/x86_64-linux-gnu/gazebo-11/plugins PYTHONPATH=/home/nic/dev/ATTACKS-SW/ros_ws/install/px4_msgs/local/lib/python3.10/dist-packages:${PYTHONPATH} /usr/bin/cmake --install /home/nic/dev/ATTACKS-SW/ros_ws/build/ctrl_pkg
[13.597s] -- Install configuration: ""
[13.597s] -- Installing: /home/nic/dev/ATTACKS-SW/ros_ws/install/ctrl_pkg/lib/ctrl_pkg/UAS_state_listener
[13.601s] -- Set runtime path of "/home/nic/dev/ATTACKS-SW/ros_ws/install/ctrl_pkg/lib/ctrl_pkg/UAS_state_listener" to ""
[13.601s] -- Installing: /home/nic/dev/ATTACKS-SW/ros_ws/install/ctrl_pkg/lib/ctrl_pkg/UAS_sensor_listener
[13.604s] -- Set runtime path of "/home/nic/dev/ATTACKS-SW/ros_ws/install/ctrl_pkg/lib/ctrl_pkg/UAS_sensor_listener" to ""
[13.604s] -- Installing: /home/nic/dev/ATTACKS-SW/ros_ws/install/ctrl_pkg/share/ctrl_pkg/environment/library_path.sh
[13.604s] -- Installing: /home/nic/dev/ATTACKS-SW/ros_ws/install/ctrl_pkg/share/ctrl_pkg/environment/library_path.dsv
[13.604s] -- Installing: /home/nic/dev/ATTACKS-SW/ros_ws/install/ctrl_pkg/include/ctrl_pkg
[13.604s] -- Installing: /home/nic/dev/ATTACKS-SW/ros_ws/install/ctrl_pkg/include/ctrl_pkg/frame_transforms.h
[13.604s] -- Installing: /home/nic/dev/ATTACKS-SW/ros_ws/install/ctrl_pkg/lib/libframe_transforms.so
[13.609s] -- Set runtime path of "/home/nic/dev/ATTACKS-SW/ros_ws/install/ctrl_pkg/lib/libframe_transforms.so" to ""
[13.609s] -- Installing: /home/nic/dev/ATTACKS-SW/ros_ws/install/ctrl_pkg/share/ctrl_pkg//launch
[13.609s] -- Installing: /home/nic/dev/ATTACKS-SW/ros_ws/install/ctrl_pkg/share/ctrl_pkg//launch/UAS_sensor_listener.launch.py
[13.609s] -- Installing: /home/nic/dev/ATTACKS-SW/ros_ws/install/ctrl_pkg/share/ctrl_pkg//launch/UAS_state_listener.launch.py
[13.609s] -- Installing: /home/nic/dev/ATTACKS-SW/ros_ws/install/ctrl_pkg/share/ctrl_pkg//test
[13.610s] -- Installing: /home/nic/dev/ATTACKS-SW/ros_ws/install/ctrl_pkg/share/ctrl_pkg//test/test_output.py
[13.610s] -- Installing: /home/nic/dev/ATTACKS-SW/ros_ws/install/ctrl_pkg/share/ctrl_pkg//test/test_input.py
[13.610s] -- Installing: /home/nic/dev/ATTACKS-SW/ros_ws/install/ctrl_pkg/share/ctrl_pkg//test/pipeline_io_test.py
[13.611s] -- Installing: /home/nic/dev/ATTACKS-SW/ros_ws/install/ctrl_pkg/share/ctrl_pkg//test/__init__.py
[13.611s] -- Installing: /home/nic/dev/ATTACKS-SW/ros_ws/install/ctrl_pkg/share/ament_index/resource_index/package_run_dependencies/ctrl_pkg
[13.611s] -- Installing: /home/nic/dev/ATTACKS-SW/ros_ws/install/ctrl_pkg/share/ament_index/resource_index/parent_prefix_path/ctrl_pkg
[13.611s] -- Installing: /home/nic/dev/ATTACKS-SW/ros_ws/install/ctrl_pkg/share/ctrl_pkg/environment/ament_prefix_path.sh
[13.611s] -- Installing: /home/nic/dev/ATTACKS-SW/ros_ws/install/ctrl_pkg/share/ctrl_pkg/environment/ament_prefix_path.dsv
[13.611s] -- Installing: /home/nic/dev/ATTACKS-SW/ros_ws/install/ctrl_pkg/share/ctrl_pkg/environment/path.sh
[13.611s] -- Installing: /home/nic/dev/ATTACKS-SW/ros_ws/install/ctrl_pkg/share/ctrl_pkg/environment/path.dsv
[13.612s] -- Installing: /home/nic/dev/ATTACKS-SW/ros_ws/install/ctrl_pkg/share/ctrl_pkg/local_setup.bash
[13.612s] -- Installing: /home/nic/dev/ATTACKS-SW/ros_ws/install/ctrl_pkg/share/ctrl_pkg/local_setup.sh
[13.612s] -- Installing: /home/nic/dev/ATTACKS-SW/ros_ws/install/ctrl_pkg/share/ctrl_pkg/local_setup.zsh
[13.612s] -- Installing: /home/nic/dev/ATTACKS-SW/ros_ws/install/ctrl_pkg/share/ctrl_pkg/local_setup.dsv
[13.612s] -- Installing: /home/nic/dev/ATTACKS-SW/ros_ws/install/ctrl_pkg/share/ctrl_pkg/package.dsv
[13.612s] -- Installing: /home/nic/dev/ATTACKS-SW/ros_ws/install/ctrl_pkg/share/ament_index/resource_index/packages/ctrl_pkg
[13.612s] -- Installing: /home/nic/dev/ATTACKS-SW/ros_ws/install/ctrl_pkg/share/ctrl_pkg/cmake/export_frame_transformsExport.cmake
[13.612s] -- Installing: /home/nic/dev/ATTACKS-SW/ros_ws/install/ctrl_pkg/share/ctrl_pkg/cmake/export_frame_transformsExport-noconfig.cmake
[13.612s] -- Installing: /home/nic/dev/ATTACKS-SW/ros_ws/install/ctrl_pkg/share/ctrl_pkg/cmake/ament_cmake_export_dependencies-extras.cmake
[13.613s] -- Installing: /home/nic/dev/ATTACKS-SW/ros_ws/install/ctrl_pkg/share/ctrl_pkg/cmake/ament_cmake_export_targets-extras.cmake
[13.613s] -- Installing: /home/nic/dev/ATTACKS-SW/ros_ws/install/ctrl_pkg/share/ctrl_pkg/cmake/ament_cmake_export_include_directories-extras.cmake
[13.613s] -- Installing: /home/nic/dev/ATTACKS-SW/ros_ws/install/ctrl_pkg/share/ctrl_pkg/cmake/ament_cmake_export_libraries-extras.cmake
[13.613s] -- Installing: /home/nic/dev/ATTACKS-SW/ros_ws/install/ctrl_pkg/share/ctrl_pkg/cmake/ctrl_pkgConfig.cmake
[13.613s] -- Installing: /home/nic/dev/ATTACKS-SW/ros_ws/install/ctrl_pkg/share/ctrl_pkg/cmake/ctrl_pkgConfig-version.cmake
[13.613s] -- Installing: /home/nic/dev/ATTACKS-SW/ros_ws/install/ctrl_pkg/share/ctrl_pkg/package.xml
[13.615s] Invoked command in '/home/nic/dev/ATTACKS-SW/ros_ws/build/ctrl_pkg' returned '0': AMENT_PREFIX_PATH=/home/nic/dev/ATTACKS-SW/ros_ws/install/px4_msgs:${AMENT_PREFIX_PATH} CMAKE_PREFIX_PATH=/home/nic/dev/ATTACKS-SW/ros_ws/install/px4_msgs:/opt/ros/humble LD_LIBRARY_PATH=/home/nic/dev/ATTACKS-SW/ros_ws/install/px4_msgs/lib:/home/nic/.linuxbrew/lib:/usr/lib/x86_64-linux-gnu/gazebo-11/plugins:/opt/ros/humble/opt/rviz_ogre_vendor/lib:/opt/ros/humble/lib/x86_64-linux-gnu:/opt/ros/humble/lib:/usr/lib/x86_64-linux-gnu/gazebo-11/plugins PYTHONPATH=/home/nic/dev/ATTACKS-SW/ros_ws/install/px4_msgs/local/lib/python3.10/dist-packages:${PYTHONPATH} /usr/bin/cmake --install /home/nic/dev/ATTACKS-SW/ros_ws/build/ctrl_pkg
