[0.401s] DEBUG:colcon:Command line arguments: ['/usr/bin/colcon', 'build', '--symlink-install']
[0.401s] DEBUG:colcon:Parsed command line arguments: Namespace(log_base=None, log_level=None, verb_name='build', build_base='build', install_base='install', merge_install=False, symlink_install=True, test_result_base=None, continue_on_error=False, executor='parallel', parallel_workers=32, event_handlers=None, ignore_user_meta=False, metas=['./colcon.meta'], base_paths=['.'], packages_ignore=None, packages_ignore_regex=None, paths=None, packages_up_to=None, packages_up_to_regex=None, packages_above=None, packages_above_and_dependencies=None, packages_above_depth=None, packages_select_by_dep=None, packages_skip_by_dep=None, packages_skip_up_to=None, packages_select_build_failed=False, packages_skip_build_finished=False, packages_select_test_failures=False, packages_skip_test_passed=False, packages_select=None, packages_skip=None, packages_select_regex=None, packages_skip_regex=None, packages_start=None, packages_end=None, allow_overriding=[], cmake_args=None, cmake_target=None, cmake_target_skip_unavailable=False, cmake_clean_cache=False, cmake_clean_first=False, cmake_force_configure=False, ament_cmake_args=None, catkin_cmake_args=None, catkin_skip_building_tests=False, verb_parser=<colcon_defaults.argument_parser.defaults.DefaultArgumentsDecorator object at 0x7fcf4e7af310>, verb_extension=<colcon_core.verb.build.BuildVerb object at 0x7fcf4e7aed10>, main=<bound method BuildVerb.main of <colcon_core.verb.build.BuildVerb object at 0x7fcf4e7aed10>>)
[0.426s] Level 1:colcon.colcon_core.package_discovery:discover_packages(colcon_meta) check parameters
[0.426s] Level 1:colcon.colcon_core.package_discovery:discover_packages(recursive) check parameters
[0.426s] Level 1:colcon.colcon_core.package_discovery:discover_packages(ignore) check parameters
[0.426s] Level 1:colcon.colcon_core.package_discovery:discover_packages(path) check parameters
[0.426s] Level 1:colcon.colcon_core.package_discovery:discover_packages(colcon_meta) discover
[0.426s] Level 1:colcon.colcon_core.package_discovery:discover_packages(recursive) discover
[0.426s] INFO:colcon.colcon_core.package_discovery:Crawling recursively for packages in '/home/nic/dev/ATTACKS-SW/MotionPlanning/ros_ws'
[0.426s] Level 1:colcon.colcon_core.package_identification:_identify(.) by extensions ['ignore', 'ignore_ament_install']
[0.427s] Level 1:colcon.colcon_core.package_identification:_identify(.) by extension 'ignore'
[0.427s] Level 1:colcon.colcon_core.package_identification:_identify(.) by extension 'ignore_ament_install'
[0.427s] Level 1:colcon.colcon_core.package_identification:_identify(.) by extensions ['colcon_pkg']
[0.427s] Level 1:colcon.colcon_core.package_identification:_identify(.) by extension 'colcon_pkg'
[0.427s] Level 1:colcon.colcon_core.package_identification:_identify(.) by extensions ['colcon_meta']
[0.427s] Level 1:colcon.colcon_core.package_identification:_identify(.) by extension 'colcon_meta'
[0.427s] Level 1:colcon.colcon_core.package_identification:_identify(.) by extensions ['ros']
[0.427s] Level 1:colcon.colcon_core.package_identification:_identify(.) by extension 'ros'
[0.434s] Level 1:colcon.colcon_core.package_identification:_identify(.) by extensions ['cmake', 'python']
[0.434s] Level 1:colcon.colcon_core.package_identification:_identify(.) by extension 'cmake'
[0.434s] Level 1:colcon.colcon_core.package_identification:_identify(.) by extension 'python'
[0.434s] Level 1:colcon.colcon_core.package_identification:_identify(.) by extensions ['python_setup_py']
[0.434s] Level 1:colcon.colcon_core.package_identification:_identify(.) by extension 'python_setup_py'
[0.434s] Level 1:colcon.colcon_core.package_identification:_identify(build) by extensions ['ignore', 'ignore_ament_install']
[0.434s] Level 1:colcon.colcon_core.package_identification:_identify(build) by extension 'ignore'
[0.434s] Level 1:colcon.colcon_core.package_identification:_identify(build) ignored
[0.434s] Level 1:colcon.colcon_core.package_identification:_identify(install) by extensions ['ignore', 'ignore_ament_install']
[0.434s] Level 1:colcon.colcon_core.package_identification:_identify(install) by extension 'ignore'
[0.434s] Level 1:colcon.colcon_core.package_identification:_identify(install) ignored
[0.435s] Level 1:colcon.colcon_core.package_identification:_identify(log) by extensions ['ignore', 'ignore_ament_install']
[0.435s] Level 1:colcon.colcon_core.package_identification:_identify(log) by extension 'ignore'
[0.435s] Level 1:colcon.colcon_core.package_identification:_identify(log) ignored
[0.435s] Level 1:colcon.colcon_core.package_identification:_identify(src) by extensions ['ignore', 'ignore_ament_install']
[0.435s] Level 1:colcon.colcon_core.package_identification:_identify(src) by extension 'ignore'
[0.435s] Level 1:colcon.colcon_core.package_identification:_identify(src) by extension 'ignore_ament_install'
[0.435s] Level 1:colcon.colcon_core.package_identification:_identify(src) by extensions ['colcon_pkg']
[0.435s] Level 1:colcon.colcon_core.package_identification:_identify(src) by extension 'colcon_pkg'
[0.435s] Level 1:colcon.colcon_core.package_identification:_identify(src) by extensions ['colcon_meta']
[0.435s] Level 1:colcon.colcon_core.package_identification:_identify(src) by extension 'colcon_meta'
[0.435s] Level 1:colcon.colcon_core.package_identification:_identify(src) by extensions ['ros']
[0.435s] Level 1:colcon.colcon_core.package_identification:_identify(src) by extension 'ros'
[0.435s] Level 1:colcon.colcon_core.package_identification:_identify(src) by extensions ['cmake', 'python']
[0.435s] Level 1:colcon.colcon_core.package_identification:_identify(src) by extension 'cmake'
[0.435s] Level 1:colcon.colcon_core.package_identification:_identify(src) by extension 'python'
[0.435s] Level 1:colcon.colcon_core.package_identification:_identify(src) by extensions ['python_setup_py']
[0.435s] Level 1:colcon.colcon_core.package_identification:_identify(src) by extension 'python_setup_py'
[0.435s] Level 1:colcon.colcon_core.package_identification:_identify(src/gz_pkg) by extensions ['ignore', 'ignore_ament_install']
[0.435s] Level 1:colcon.colcon_core.package_identification:_identify(src/gz_pkg) by extension 'ignore'
[0.435s] Level 1:colcon.colcon_core.package_identification:_identify(src/gz_pkg) by extension 'ignore_ament_install'
[0.435s] Level 1:colcon.colcon_core.package_identification:_identify(src/gz_pkg) by extensions ['colcon_pkg']
[0.435s] Level 1:colcon.colcon_core.package_identification:_identify(src/gz_pkg) by extension 'colcon_pkg'
[0.435s] Level 1:colcon.colcon_core.package_identification:_identify(src/gz_pkg) by extensions ['colcon_meta']
[0.435s] Level 1:colcon.colcon_core.package_identification:_identify(src/gz_pkg) by extension 'colcon_meta'
[0.435s] Level 1:colcon.colcon_core.package_identification:_identify(src/gz_pkg) by extensions ['ros']
[0.435s] Level 1:colcon.colcon_core.package_identification:_identify(src/gz_pkg) by extension 'ros'
[0.436s] DEBUG:colcon.colcon_core.package_identification:Package 'src/gz_pkg' with type 'ros.ament_cmake' and name 'gz_pkg'
[0.437s] Level 1:colcon.colcon_core.package_identification:_identify(src/px4_msgs) by extensions ['ignore', 'ignore_ament_install']
[0.437s] Level 1:colcon.colcon_core.package_identification:_identify(src/px4_msgs) by extension 'ignore'
[0.437s] Level 1:colcon.colcon_core.package_identification:_identify(src/px4_msgs) by extension 'ignore_ament_install'
[0.437s] Level 1:colcon.colcon_core.package_identification:_identify(src/px4_msgs) by extensions ['colcon_pkg']
[0.437s] Level 1:colcon.colcon_core.package_identification:_identify(src/px4_msgs) by extension 'colcon_pkg'
[0.437s] Level 1:colcon.colcon_core.package_identification:_identify(src/px4_msgs) by extensions ['colcon_meta']
[0.437s] Level 1:colcon.colcon_core.package_identification:_identify(src/px4_msgs) by extension 'colcon_meta'
[0.437s] Level 1:colcon.colcon_core.package_identification:_identify(src/px4_msgs) by extensions ['ros']
[0.437s] Level 1:colcon.colcon_core.package_identification:_identify(src/px4_msgs) by extension 'ros'
[0.437s] DEBUG:colcon.colcon_core.package_identification:Package 'src/px4_msgs' with type 'ros.ament_cmake' and name 'px4_msgs'
[0.437s] Level 1:colcon.colcon_core.package_identification:_identify(src/px4_ros_com) by extensions ['ignore', 'ignore_ament_install']
[0.437s] Level 1:colcon.colcon_core.package_identification:_identify(src/px4_ros_com) by extension 'ignore'
[0.437s] Level 1:colcon.colcon_core.package_identification:_identify(src/px4_ros_com) by extension 'ignore_ament_install'
[0.437s] Level 1:colcon.colcon_core.package_identification:_identify(src/px4_ros_com) by extensions ['colcon_pkg']
[0.437s] Level 1:colcon.colcon_core.package_identification:_identify(src/px4_ros_com) by extension 'colcon_pkg'
[0.437s] Level 1:colcon.colcon_core.package_identification:_identify(src/px4_ros_com) by extensions ['colcon_meta']
[0.437s] Level 1:colcon.colcon_core.package_identification:_identify(src/px4_ros_com) by extension 'colcon_meta'
[0.437s] Level 1:colcon.colcon_core.package_identification:_identify(src/px4_ros_com) by extensions ['ros']
[0.437s] Level 1:colcon.colcon_core.package_identification:_identify(src/px4_ros_com) by extension 'ros'
[0.438s] DEBUG:colcon.colcon_core.package_identification:Package 'src/px4_ros_com' with type 'ros.ament_cmake' and name 'px4_ros_com'
[0.438s] Level 1:colcon.colcon_core.package_discovery:discover_packages(recursive) using defaults
[0.438s] Level 1:colcon.colcon_core.package_discovery:discover_packages(ignore) discover
[0.438s] Level 1:colcon.colcon_core.package_discovery:discover_packages(ignore) using defaults
[0.438s] Level 1:colcon.colcon_core.package_discovery:discover_packages(path) discover
[0.438s] Level 1:colcon.colcon_core.package_discovery:discover_packages(path) using defaults
[0.474s] Level 1:colcon.colcon_core.package_discovery:discover_packages(prefix_path) check parameters
[0.474s] Level 1:colcon.colcon_core.package_discovery:discover_packages(prefix_path) discover
[0.487s] DEBUG:colcon.colcon_installed_package_information.package_discovery:Found 3 installed packages in /home/nic/dev/ATTACKS-SW/MotionPlanning/ros_ws/install
[0.493s] DEBUG:colcon.colcon_installed_package_information.package_discovery:Found 317 installed packages in /opt/ros/humble
[0.494s] Level 1:colcon.colcon_core.package_discovery:discover_packages(prefix_path) using defaults
[0.527s] Level 5:colcon.colcon_core.verb:set package 'gz_pkg' build argument 'cmake_args' from command line to 'None'
[0.527s] Level 5:colcon.colcon_core.verb:set package 'gz_pkg' build argument 'cmake_target' from command line to 'None'
[0.527s] Level 5:colcon.colcon_core.verb:set package 'gz_pkg' build argument 'cmake_target_skip_unavailable' from command line to 'False'
[0.527s] Level 5:colcon.colcon_core.verb:set package 'gz_pkg' build argument 'cmake_clean_cache' from command line to 'False'
[0.527s] Level 5:colcon.colcon_core.verb:set package 'gz_pkg' build argument 'cmake_clean_first' from command line to 'False'
[0.527s] Level 5:colcon.colcon_core.verb:set package 'gz_pkg' build argument 'cmake_force_configure' from command line to 'False'
[0.527s] Level 5:colcon.colcon_core.verb:set package 'gz_pkg' build argument 'ament_cmake_args' from command line to 'None'
[0.527s] Level 5:colcon.colcon_core.verb:set package 'gz_pkg' build argument 'catkin_cmake_args' from command line to 'None'
[0.527s] Level 5:colcon.colcon_core.verb:set package 'gz_pkg' build argument 'catkin_skip_building_tests' from command line to 'False'
[0.527s] DEBUG:colcon.colcon_core.verb:Building package 'gz_pkg' with the following arguments: {'ament_cmake_args': None, 'build_base': '/home/nic/dev/ATTACKS-SW/MotionPlanning/ros_ws/build/gz_pkg', 'catkin_cmake_args': None, 'catkin_skip_building_tests': False, 'cmake_args': None, 'cmake_clean_cache': False, 'cmake_clean_first': False, 'cmake_force_configure': False, 'cmake_target': None, 'cmake_target_skip_unavailable': False, 'install_base': '/home/nic/dev/ATTACKS-SW/MotionPlanning/ros_ws/install/gz_pkg', 'merge_install': False, 'path': '/home/nic/dev/ATTACKS-SW/MotionPlanning/ros_ws/src/gz_pkg', 'symlink_install': True, 'test_result_base': None}
[0.533s] Level 5:colcon.colcon_core.verb:set package 'px4_msgs' build argument 'cmake_args' from command line to 'None'
[0.533s] Level 5:colcon.colcon_core.verb:set package 'px4_msgs' build argument 'cmake_target' from command line to 'None'
[0.533s] Level 5:colcon.colcon_core.verb:set package 'px4_msgs' build argument 'cmake_target_skip_unavailable' from command line to 'False'
[0.533s] Level 5:colcon.colcon_core.verb:set package 'px4_msgs' build argument 'cmake_clean_cache' from command line to 'False'
[0.533s] Level 5:colcon.colcon_core.verb:set package 'px4_msgs' build argument 'cmake_clean_first' from command line to 'False'
[0.533s] Level 5:colcon.colcon_core.verb:set package 'px4_msgs' build argument 'cmake_force_configure' from command line to 'False'
[0.533s] Level 5:colcon.colcon_core.verb:set package 'px4_msgs' build argument 'ament_cmake_args' from command line to 'None'
[0.533s] Level 5:colcon.colcon_core.verb:set package 'px4_msgs' build argument 'catkin_cmake_args' from command line to 'None'
[0.533s] Level 5:colcon.colcon_core.verb:set package 'px4_msgs' build argument 'catkin_skip_building_tests' from command line to 'False'
[0.533s] DEBUG:colcon.colcon_core.verb:Building package 'px4_msgs' with the following arguments: {'ament_cmake_args': None, 'build_base': '/home/nic/dev/ATTACKS-SW/MotionPlanning/ros_ws/build/px4_msgs', 'catkin_cmake_args': None, 'catkin_skip_building_tests': False, 'cmake_args': None, 'cmake_clean_cache': False, 'cmake_clean_first': False, 'cmake_force_configure': False, 'cmake_target': None, 'cmake_target_skip_unavailable': False, 'install_base': '/home/nic/dev/ATTACKS-SW/MotionPlanning/ros_ws/install/px4_msgs', 'merge_install': False, 'path': '/home/nic/dev/ATTACKS-SW/MotionPlanning/ros_ws/src/px4_msgs', 'symlink_install': True, 'test_result_base': None}
[0.539s] Level 5:colcon.colcon_core.verb:set package 'px4_ros_com' build argument 'cmake_args' from command line to 'None'
[0.539s] Level 5:colcon.colcon_core.verb:set package 'px4_ros_com' build argument 'cmake_target' from command line to 'None'
[0.539s] Level 5:colcon.colcon_core.verb:set package 'px4_ros_com' build argument 'cmake_target_skip_unavailable' from command line to 'False'
[0.539s] Level 5:colcon.colcon_core.verb:set package 'px4_ros_com' build argument 'cmake_clean_cache' from command line to 'False'
[0.539s] Level 5:colcon.colcon_core.verb:set package 'px4_ros_com' build argument 'cmake_clean_first' from command line to 'False'
[0.539s] Level 5:colcon.colcon_core.verb:set package 'px4_ros_com' build argument 'cmake_force_configure' from command line to 'False'
[0.539s] Level 5:colcon.colcon_core.verb:set package 'px4_ros_com' build argument 'ament_cmake_args' from command line to 'None'
[0.539s] Level 5:colcon.colcon_core.verb:set package 'px4_ros_com' build argument 'catkin_cmake_args' from command line to 'None'
[0.539s] Level 5:colcon.colcon_core.verb:set package 'px4_ros_com' build argument 'catkin_skip_building_tests' from command line to 'False'
[0.539s] DEBUG:colcon.colcon_core.verb:Building package 'px4_ros_com' with the following arguments: {'ament_cmake_args': None, 'build_base': '/home/nic/dev/ATTACKS-SW/MotionPlanning/ros_ws/build/px4_ros_com', 'catkin_cmake_args': None, 'catkin_skip_building_tests': False, 'cmake_args': None, 'cmake_clean_cache': False, 'cmake_clean_first': False, 'cmake_force_configure': False, 'cmake_target': None, 'cmake_target_skip_unavailable': False, 'install_base': '/home/nic/dev/ATTACKS-SW/MotionPlanning/ros_ws/install/px4_ros_com', 'merge_install': False, 'path': '/home/nic/dev/ATTACKS-SW/MotionPlanning/ros_ws/src/px4_ros_com', 'symlink_install': True, 'test_result_base': None}
[0.550s] INFO:colcon.colcon_core.executor:Executing jobs using 'parallel' executor
[0.556s] DEBUG:colcon.colcon_parallel_executor.executor.parallel:run_until_complete
[0.556s] INFO:colcon.colcon_ros.task.ament_cmake.build:Building ROS package in '/home/nic/dev/ATTACKS-SW/MotionPlanning/ros_ws/src/px4_msgs' with build type 'ament_cmake'
[0.556s] INFO:colcon.colcon_cmake.task.cmake.build:Building CMake package in '/home/nic/dev/ATTACKS-SW/MotionPlanning/ros_ws/src/px4_msgs'
[0.563s] INFO:colcon.colcon_core.plugin_system:Skipping extension 'colcon_core.shell.bat': Not used on non-Windows systems
[0.563s] INFO:colcon.colcon_core.shell:Skip shell extension 'powershell' for command environment: Not usable outside of PowerShell
[0.563s] DEBUG:colcon.colcon_core.shell:Skip shell extension 'dsv' for command environment
[0.581s] INFO:colcon.colcon_ros.task.ament_cmake.build:Building ROS package in '/home/nic/dev/ATTACKS-SW/MotionPlanning/ros_ws/src/gz_pkg' with build type 'ament_cmake'
[0.581s] INFO:colcon.colcon_cmake.task.cmake.build:Building CMake package in '/home/nic/dev/ATTACKS-SW/MotionPlanning/ros_ws/src/gz_pkg'
[0.588s] INFO:colcon.colcon_core.shell:Skip shell extension 'powershell' for command environment: Not usable outside of PowerShell
[0.588s] DEBUG:colcon.colcon_core.shell:Skip shell extension 'dsv' for command environment
[0.608s] DEBUG:colcon.colcon_core.event_handler.log_command:Invoking command in '/home/nic/dev/ATTACKS-SW/MotionPlanning/ros_ws/build/px4_msgs': CMAKE_PREFIX_PATH=${CMAKE_PREFIX_PATH}:/opt/ros/humble /usr/bin/cmake --build /home/nic/dev/ATTACKS-SW/MotionPlanning/ros_ws/build/px4_msgs -- -j32 -l32
[0.612s] DEBUG:colcon.colcon_core.event_handler.log_command:Invoking command in '/home/nic/dev/ATTACKS-SW/MotionPlanning/ros_ws/build/gz_pkg': CMAKE_PREFIX_PATH=${CMAKE_PREFIX_PATH}:/opt/ros/humble /usr/bin/cmake --build /home/nic/dev/ATTACKS-SW/MotionPlanning/ros_ws/build/gz_pkg -- -j32 -l32
[0.628s] DEBUG:colcon.colcon_core.event_handler.log_command:Invoked command in '/home/nic/dev/ATTACKS-SW/MotionPlanning/ros_ws/build/gz_pkg' returned '0': CMAKE_PREFIX_PATH=${CMAKE_PREFIX_PATH}:/opt/ros/humble /usr/bin/cmake --build /home/nic/dev/ATTACKS-SW/MotionPlanning/ros_ws/build/gz_pkg -- -j32 -l32
[0.641s] DEBUG:colcon.colcon_core.event_handler.log_command:Invoking command in '/home/nic/dev/ATTACKS-SW/MotionPlanning/ros_ws/build/gz_pkg': CMAKE_PREFIX_PATH=${CMAKE_PREFIX_PATH}:/opt/ros/humble /usr/bin/cmake --install /home/nic/dev/ATTACKS-SW/MotionPlanning/ros_ws/build/gz_pkg
[0.651s] Level 1:colcon.colcon_core.environment:create_environment_scripts_only(gz_pkg)
[0.651s] DEBUG:colcon.colcon_core.event_handler.log_command:Invoked command in '/home/nic/dev/ATTACKS-SW/MotionPlanning/ros_ws/build/gz_pkg' returned '0': CMAKE_PREFIX_PATH=${CMAKE_PREFIX_PATH}:/opt/ros/humble /usr/bin/cmake --install /home/nic/dev/ATTACKS-SW/MotionPlanning/ros_ws/build/gz_pkg
[0.658s] Level 1:colcon.colcon_core.environment:checking '/home/nic/dev/ATTACKS-SW/MotionPlanning/ros_ws/install/gz_pkg' for CMake module files
[0.658s] Level 1:colcon.colcon_core.environment:checking '/home/nic/dev/ATTACKS-SW/MotionPlanning/ros_ws/install/gz_pkg' for CMake config files
[0.658s] Level 1:colcon.colcon_core.shell:create_environment_hook('gz_pkg', 'cmake_prefix_path')
[0.664s] INFO:colcon.colcon_core.shell:Creating environment hook '/home/nic/dev/ATTACKS-SW/MotionPlanning/ros_ws/install/gz_pkg/share/gz_pkg/hook/cmake_prefix_path.ps1'
[0.665s] INFO:colcon.colcon_core.shell:Creating environment descriptor '/home/nic/dev/ATTACKS-SW/MotionPlanning/ros_ws/install/gz_pkg/share/gz_pkg/hook/cmake_prefix_path.dsv'
[0.665s] INFO:colcon.colcon_core.shell:Creating environment hook '/home/nic/dev/ATTACKS-SW/MotionPlanning/ros_ws/install/gz_pkg/share/gz_pkg/hook/cmake_prefix_path.sh'
[0.665s] Level 1:colcon.colcon_core.environment:checking '/home/nic/dev/ATTACKS-SW/MotionPlanning/ros_ws/install/gz_pkg/bin'
[0.665s] Level 1:colcon.colcon_core.environment:checking '/home/nic/dev/ATTACKS-SW/MotionPlanning/ros_ws/install/gz_pkg/lib/pkgconfig/gz_pkg.pc'
[0.665s] Level 1:colcon.colcon_core.environment:checking '/home/nic/dev/ATTACKS-SW/MotionPlanning/ros_ws/install/gz_pkg/lib/python3.10/site-packages'
[0.666s] Level 1:colcon.colcon_core.environment:checking '/home/nic/dev/ATTACKS-SW/MotionPlanning/ros_ws/install/gz_pkg/bin'
[0.671s] INFO:colcon.colcon_core.shell:Creating package script '/home/nic/dev/ATTACKS-SW/MotionPlanning/ros_ws/install/gz_pkg/share/gz_pkg/package.ps1'
[0.672s] INFO:colcon.colcon_core.shell:Creating package descriptor '/home/nic/dev/ATTACKS-SW/MotionPlanning/ros_ws/install/gz_pkg/share/gz_pkg/package.dsv'
[0.672s] INFO:colcon.colcon_core.shell:Creating package script '/home/nic/dev/ATTACKS-SW/MotionPlanning/ros_ws/install/gz_pkg/share/gz_pkg/package.sh'
[0.672s] INFO:colcon.colcon_core.shell:Creating package script '/home/nic/dev/ATTACKS-SW/MotionPlanning/ros_ws/install/gz_pkg/share/gz_pkg/package.bash'
[0.672s] INFO:colcon.colcon_core.shell:Creating package script '/home/nic/dev/ATTACKS-SW/MotionPlanning/ros_ws/install/gz_pkg/share/gz_pkg/package.zsh'
[0.673s] Level 1:colcon.colcon_core.environment:create_file_with_runtime_dependencies(/home/nic/dev/ATTACKS-SW/MotionPlanning/ros_ws/install/gz_pkg/share/colcon-core/packages/gz_pkg)
[0.688s] Level 1:colcon.colcon_core.environment:create_environment_scripts_only(gz_pkg)
[0.694s] Level 1:colcon.colcon_core.environment:checking '/home/nic/dev/ATTACKS-SW/MotionPlanning/ros_ws/install/gz_pkg' for CMake module files
[0.694s] Level 1:colcon.colcon_core.environment:checking '/home/nic/dev/ATTACKS-SW/MotionPlanning/ros_ws/install/gz_pkg' for CMake config files
[0.694s] Level 1:colcon.colcon_core.shell:create_environment_hook('gz_pkg', 'cmake_prefix_path')
[0.700s] INFO:colcon.colcon_core.shell:Creating environment hook '/home/nic/dev/ATTACKS-SW/MotionPlanning/ros_ws/install/gz_pkg/share/gz_pkg/hook/cmake_prefix_path.ps1'
[0.700s] INFO:colcon.colcon_core.shell:Creating environment descriptor '/home/nic/dev/ATTACKS-SW/MotionPlanning/ros_ws/install/gz_pkg/share/gz_pkg/hook/cmake_prefix_path.dsv'
[0.700s] INFO:colcon.colcon_core.shell:Creating environment hook '/home/nic/dev/ATTACKS-SW/MotionPlanning/ros_ws/install/gz_pkg/share/gz_pkg/hook/cmake_prefix_path.sh'
[0.700s] Level 1:colcon.colcon_core.environment:checking '/home/nic/dev/ATTACKS-SW/MotionPlanning/ros_ws/install/gz_pkg/bin'
[0.700s] Level 1:colcon.colcon_core.environment:checking '/home/nic/dev/ATTACKS-SW/MotionPlanning/ros_ws/install/gz_pkg/lib/pkgconfig/gz_pkg.pc'
[0.700s] Level 1:colcon.colcon_core.environment:checking '/home/nic/dev/ATTACKS-SW/MotionPlanning/ros_ws/install/gz_pkg/lib/python3.10/site-packages'
[0.701s] Level 1:colcon.colcon_core.environment:checking '/home/nic/dev/ATTACKS-SW/MotionPlanning/ros_ws/install/gz_pkg/bin'
[0.706s] INFO:colcon.colcon_core.shell:Creating package script '/home/nic/dev/ATTACKS-SW/MotionPlanning/ros_ws/install/gz_pkg/share/gz_pkg/package.ps1'
[0.706s] INFO:colcon.colcon_core.shell:Creating package descriptor '/home/nic/dev/ATTACKS-SW/MotionPlanning/ros_ws/install/gz_pkg/share/gz_pkg/package.dsv'
[0.707s] INFO:colcon.colcon_core.shell:Creating package script '/home/nic/dev/ATTACKS-SW/MotionPlanning/ros_ws/install/gz_pkg/share/gz_pkg/package.sh'
[0.707s] INFO:colcon.colcon_core.shell:Creating package script '/home/nic/dev/ATTACKS-SW/MotionPlanning/ros_ws/install/gz_pkg/share/gz_pkg/package.bash'
[0.707s] INFO:colcon.colcon_core.shell:Creating package script '/home/nic/dev/ATTACKS-SW/MotionPlanning/ros_ws/install/gz_pkg/share/gz_pkg/package.zsh'
[0.707s] Level 1:colcon.colcon_core.environment:create_file_with_runtime_dependencies(/home/nic/dev/ATTACKS-SW/MotionPlanning/ros_ws/install/gz_pkg/share/colcon-core/packages/gz_pkg)
[0.991s] DEBUG:colcon.colcon_core.event_handler.log_command:Invoked command in '/home/nic/dev/ATTACKS-SW/MotionPlanning/ros_ws/build/px4_msgs' returned '0': CMAKE_PREFIX_PATH=${CMAKE_PREFIX_PATH}:/opt/ros/humble /usr/bin/cmake --build /home/nic/dev/ATTACKS-SW/MotionPlanning/ros_ws/build/px4_msgs -- -j32 -l32
[2.545s] DEBUG:colcon.colcon_core.event_handler.log_command:Invoking command in '/home/nic/dev/ATTACKS-SW/MotionPlanning/ros_ws/build/px4_msgs': CMAKE_PREFIX_PATH=${CMAKE_PREFIX_PATH}:/opt/ros/humble /usr/bin/cmake --install /home/nic/dev/ATTACKS-SW/MotionPlanning/ros_ws/build/px4_msgs
[2.783s] Level 1:colcon.colcon_core.environment:create_environment_scripts_only(px4_msgs)
[2.783s] DEBUG:colcon.colcon_core.event_handler.log_command:Invoked command in '/home/nic/dev/ATTACKS-SW/MotionPlanning/ros_ws/build/px4_msgs' returned '0': CMAKE_PREFIX_PATH=${CMAKE_PREFIX_PATH}:/opt/ros/humble /usr/bin/cmake --install /home/nic/dev/ATTACKS-SW/MotionPlanning/ros_ws/build/px4_msgs
[2.789s] Level 1:colcon.colcon_core.environment:checking '/home/nic/dev/ATTACKS-SW/MotionPlanning/ros_ws/install/px4_msgs' for CMake module files
[2.789s] Level 1:colcon.colcon_core.environment:checking '/home/nic/dev/ATTACKS-SW/MotionPlanning/ros_ws/install/px4_msgs' for CMake config files
[2.796s] Level 1:colcon.colcon_core.shell:create_environment_hook('px4_msgs', 'cmake_prefix_path')
[2.802s] INFO:colcon.colcon_core.shell:Creating environment hook '/home/nic/dev/ATTACKS-SW/MotionPlanning/ros_ws/install/px4_msgs/share/px4_msgs/hook/cmake_prefix_path.ps1'
[2.802s] INFO:colcon.colcon_core.shell:Creating environment descriptor '/home/nic/dev/ATTACKS-SW/MotionPlanning/ros_ws/install/px4_msgs/share/px4_msgs/hook/cmake_prefix_path.dsv'
[2.802s] INFO:colcon.colcon_core.shell:Creating environment hook '/home/nic/dev/ATTACKS-SW/MotionPlanning/ros_ws/install/px4_msgs/share/px4_msgs/hook/cmake_prefix_path.sh'
[2.802s] Level 1:colcon.colcon_core.environment:checking '/home/nic/dev/ATTACKS-SW/MotionPlanning/ros_ws/install/px4_msgs/lib'
[2.802s] Level 1:colcon.colcon_core.shell:create_environment_hook('px4_msgs', 'ld_library_path_lib')
[2.808s] INFO:colcon.colcon_core.shell:Creating environment hook '/home/nic/dev/ATTACKS-SW/MotionPlanning/ros_ws/install/px4_msgs/share/px4_msgs/hook/ld_library_path_lib.ps1'
[2.808s] INFO:colcon.colcon_core.shell:Creating environment descriptor '/home/nic/dev/ATTACKS-SW/MotionPlanning/ros_ws/install/px4_msgs/share/px4_msgs/hook/ld_library_path_lib.dsv'
[2.808s] INFO:colcon.colcon_core.shell:Creating environment hook '/home/nic/dev/ATTACKS-SW/MotionPlanning/ros_ws/install/px4_msgs/share/px4_msgs/hook/ld_library_path_lib.sh'
[2.808s] Level 1:colcon.colcon_core.environment:checking '/home/nic/dev/ATTACKS-SW/MotionPlanning/ros_ws/install/px4_msgs/bin'
[2.808s] Level 1:colcon.colcon_core.environment:checking '/home/nic/dev/ATTACKS-SW/MotionPlanning/ros_ws/install/px4_msgs/lib/pkgconfig/px4_msgs.pc'
[2.808s] Level 1:colcon.colcon_core.environment:checking '/home/nic/dev/ATTACKS-SW/MotionPlanning/ros_ws/install/px4_msgs/lib/python3.10/site-packages'
[2.808s] Level 1:colcon.colcon_core.environment:checking '/home/nic/dev/ATTACKS-SW/MotionPlanning/ros_ws/install/px4_msgs/bin'
[2.814s] INFO:colcon.colcon_core.shell:Creating package script '/home/nic/dev/ATTACKS-SW/MotionPlanning/ros_ws/install/px4_msgs/share/px4_msgs/package.ps1'
[2.814s] INFO:colcon.colcon_core.shell:Creating package descriptor '/home/nic/dev/ATTACKS-SW/MotionPlanning/ros_ws/install/px4_msgs/share/px4_msgs/package.dsv'
[2.814s] INFO:colcon.colcon_core.shell:Creating package script '/home/nic/dev/ATTACKS-SW/MotionPlanning/ros_ws/install/px4_msgs/share/px4_msgs/package.sh'
[2.814s] INFO:colcon.colcon_core.shell:Creating package script '/home/nic/dev/ATTACKS-SW/MotionPlanning/ros_ws/install/px4_msgs/share/px4_msgs/package.bash'
[2.814s] INFO:colcon.colcon_core.shell:Creating package script '/home/nic/dev/ATTACKS-SW/MotionPlanning/ros_ws/install/px4_msgs/share/px4_msgs/package.zsh'
[2.815s] Level 1:colcon.colcon_core.environment:create_file_with_runtime_dependencies(/home/nic/dev/ATTACKS-SW/MotionPlanning/ros_ws/install/px4_msgs/share/colcon-core/packages/px4_msgs)
[4.400s] Level 1:colcon.colcon_core.environment:create_environment_scripts_only(px4_msgs)
[4.406s] Level 1:colcon.colcon_core.environment:checking '/home/nic/dev/ATTACKS-SW/MotionPlanning/ros_ws/install/px4_msgs' for CMake module files
[4.406s] Level 1:colcon.colcon_core.environment:checking '/home/nic/dev/ATTACKS-SW/MotionPlanning/ros_ws/install/px4_msgs' for CMake config files
[4.414s] Level 1:colcon.colcon_core.shell:create_environment_hook('px4_msgs', 'cmake_prefix_path')
[4.419s] INFO:colcon.colcon_core.shell:Creating environment hook '/home/nic/dev/ATTACKS-SW/MotionPlanning/ros_ws/install/px4_msgs/share/px4_msgs/hook/cmake_prefix_path.ps1'
[4.420s] INFO:colcon.colcon_core.shell:Creating environment descriptor '/home/nic/dev/ATTACKS-SW/MotionPlanning/ros_ws/install/px4_msgs/share/px4_msgs/hook/cmake_prefix_path.dsv'
[4.420s] INFO:colcon.colcon_core.shell:Creating environment hook '/home/nic/dev/ATTACKS-SW/MotionPlanning/ros_ws/install/px4_msgs/share/px4_msgs/hook/cmake_prefix_path.sh'
[4.420s] Level 1:colcon.colcon_core.environment:checking '/home/nic/dev/ATTACKS-SW/MotionPlanning/ros_ws/install/px4_msgs/lib'
[4.420s] Level 1:colcon.colcon_core.shell:create_environment_hook('px4_msgs', 'ld_library_path_lib')
[4.425s] INFO:colcon.colcon_core.shell:Creating environment hook '/home/nic/dev/ATTACKS-SW/MotionPlanning/ros_ws/install/px4_msgs/share/px4_msgs/hook/ld_library_path_lib.ps1'
[4.426s] INFO:colcon.colcon_core.shell:Creating environment descriptor '/home/nic/dev/ATTACKS-SW/MotionPlanning/ros_ws/install/px4_msgs/share/px4_msgs/hook/ld_library_path_lib.dsv'
[4.426s] INFO:colcon.colcon_core.shell:Creating environment hook '/home/nic/dev/ATTACKS-SW/MotionPlanning/ros_ws/install/px4_msgs/share/px4_msgs/hook/ld_library_path_lib.sh'
[4.426s] Level 1:colcon.colcon_core.environment:checking '/home/nic/dev/ATTACKS-SW/MotionPlanning/ros_ws/install/px4_msgs/bin'
[4.426s] Level 1:colcon.colcon_core.environment:checking '/home/nic/dev/ATTACKS-SW/MotionPlanning/ros_ws/install/px4_msgs/lib/pkgconfig/px4_msgs.pc'
[4.426s] Level 1:colcon.colcon_core.environment:checking '/home/nic/dev/ATTACKS-SW/MotionPlanning/ros_ws/install/px4_msgs/lib/python3.10/site-packages'
[4.426s] Level 1:colcon.colcon_core.environment:checking '/home/nic/dev/ATTACKS-SW/MotionPlanning/ros_ws/install/px4_msgs/bin'
[4.432s] INFO:colcon.colcon_core.shell:Creating package script '/home/nic/dev/ATTACKS-SW/MotionPlanning/ros_ws/install/px4_msgs/share/px4_msgs/package.ps1'
[4.432s] INFO:colcon.colcon_core.shell:Creating package descriptor '/home/nic/dev/ATTACKS-SW/MotionPlanning/ros_ws/install/px4_msgs/share/px4_msgs/package.dsv'
[4.432s] INFO:colcon.colcon_core.shell:Creating package script '/home/nic/dev/ATTACKS-SW/MotionPlanning/ros_ws/install/px4_msgs/share/px4_msgs/package.sh'
[4.432s] INFO:colcon.colcon_core.shell:Creating package script '/home/nic/dev/ATTACKS-SW/MotionPlanning/ros_ws/install/px4_msgs/share/px4_msgs/package.bash'
[4.433s] INFO:colcon.colcon_core.shell:Creating package script '/home/nic/dev/ATTACKS-SW/MotionPlanning/ros_ws/install/px4_msgs/share/px4_msgs/package.zsh'
[4.433s] Level 1:colcon.colcon_core.environment:create_file_with_runtime_dependencies(/home/nic/dev/ATTACKS-SW/MotionPlanning/ros_ws/install/px4_msgs/share/colcon-core/packages/px4_msgs)
[4.433s] INFO:colcon.colcon_ros.task.ament_cmake.build:Building ROS package in '/home/nic/dev/ATTACKS-SW/MotionPlanning/ros_ws/src/px4_ros_com' with build type 'ament_cmake'
[4.433s] INFO:colcon.colcon_cmake.task.cmake.build:Building CMake package in '/home/nic/dev/ATTACKS-SW/MotionPlanning/ros_ws/src/px4_ros_com'
[4.440s] INFO:colcon.colcon_core.shell:Skip shell extension 'powershell' for command environment: Not usable outside of PowerShell
[4.440s] DEBUG:colcon.colcon_core.shell:Skip shell extension 'dsv' for command environment
[4.479s] DEBUG:colcon.colcon_core.event_handler.log_command:Invoking command in '/home/nic/dev/ATTACKS-SW/MotionPlanning/ros_ws/build/px4_ros_com': CMAKE_PREFIX_PATH=/home/nic/dev/ATTACKS-SW/MotionPlanning/ros_ws/install/px4_msgs:/home/nic/dev/ATTACKS-SW/MotionPlanning/ros_ws/install/px4_ros_com:/home/nic/dev/ATTACKS-SW/MotionPlanning/ros_ws/install/gz_pkg:/opt/ros/humble LD_LIBRARY_PATH=/home/nic/dev/ATTACKS-SW/MotionPlanning/ros_ws/install/px4_msgs/lib:/home/nic/dev/ATTACKS-SW/MotionPlanning/ros_ws/install/px4_ros_com/lib:/opt/ros/humble/opt/rviz_ogre_vendor/lib:/opt/ros/humble/lib/x86_64-linux-gnu:/opt/ros/humble/lib /usr/bin/cmake --build /home/nic/dev/ATTACKS-SW/MotionPlanning/ros_ws/build/px4_ros_com -- -j32 -l32
[4.508s] DEBUG:colcon.colcon_core.event_handler.log_command:Invoked command in '/home/nic/dev/ATTACKS-SW/MotionPlanning/ros_ws/build/px4_ros_com' returned '0': CMAKE_PREFIX_PATH=/home/nic/dev/ATTACKS-SW/MotionPlanning/ros_ws/install/px4_msgs:/home/nic/dev/ATTACKS-SW/MotionPlanning/ros_ws/install/px4_ros_com:/home/nic/dev/ATTACKS-SW/MotionPlanning/ros_ws/install/gz_pkg:/opt/ros/humble LD_LIBRARY_PATH=/home/nic/dev/ATTACKS-SW/MotionPlanning/ros_ws/install/px4_msgs/lib:/home/nic/dev/ATTACKS-SW/MotionPlanning/ros_ws/install/px4_ros_com/lib:/opt/ros/humble/opt/rviz_ogre_vendor/lib:/opt/ros/humble/lib/x86_64-linux-gnu:/opt/ros/humble/lib /usr/bin/cmake --build /home/nic/dev/ATTACKS-SW/MotionPlanning/ros_ws/build/px4_ros_com -- -j32 -l32
[4.525s] DEBUG:colcon.colcon_core.event_handler.log_command:Invoking command in '/home/nic/dev/ATTACKS-SW/MotionPlanning/ros_ws/build/px4_ros_com': CMAKE_PREFIX_PATH=/home/nic/dev/ATTACKS-SW/MotionPlanning/ros_ws/install/px4_msgs:/home/nic/dev/ATTACKS-SW/MotionPlanning/ros_ws/install/px4_ros_com:/home/nic/dev/ATTACKS-SW/MotionPlanning/ros_ws/install/gz_pkg:/opt/ros/humble LD_LIBRARY_PATH=/home/nic/dev/ATTACKS-SW/MotionPlanning/ros_ws/install/px4_msgs/lib:/home/nic/dev/ATTACKS-SW/MotionPlanning/ros_ws/install/px4_ros_com/lib:/opt/ros/humble/opt/rviz_ogre_vendor/lib:/opt/ros/humble/lib/x86_64-linux-gnu:/opt/ros/humble/lib /usr/bin/cmake --install /home/nic/dev/ATTACKS-SW/MotionPlanning/ros_ws/build/px4_ros_com
[4.535s] Level 1:colcon.colcon_core.environment:create_environment_scripts_only(px4_ros_com)
[4.535s] DEBUG:colcon.colcon_core.event_handler.log_command:Invoked command in '/home/nic/dev/ATTACKS-SW/MotionPlanning/ros_ws/build/px4_ros_com' returned '0': CMAKE_PREFIX_PATH=/home/nic/dev/ATTACKS-SW/MotionPlanning/ros_ws/install/px4_msgs:/home/nic/dev/ATTACKS-SW/MotionPlanning/ros_ws/install/px4_ros_com:/home/nic/dev/ATTACKS-SW/MotionPlanning/ros_ws/install/gz_pkg:/opt/ros/humble LD_LIBRARY_PATH=/home/nic/dev/ATTACKS-SW/MotionPlanning/ros_ws/install/px4_msgs/lib:/home/nic/dev/ATTACKS-SW/MotionPlanning/ros_ws/install/px4_ros_com/lib:/opt/ros/humble/opt/rviz_ogre_vendor/lib:/opt/ros/humble/lib/x86_64-linux-gnu:/opt/ros/humble/lib /usr/bin/cmake --install /home/nic/dev/ATTACKS-SW/MotionPlanning/ros_ws/build/px4_ros_com
[4.541s] Level 1:colcon.colcon_core.environment:checking '/home/nic/dev/ATTACKS-SW/MotionPlanning/ros_ws/install/px4_ros_com' for CMake module files
[4.541s] Level 1:colcon.colcon_core.environment:checking '/home/nic/dev/ATTACKS-SW/MotionPlanning/ros_ws/install/px4_ros_com' for CMake config files
[4.541s] Level 1:colcon.colcon_core.shell:create_environment_hook('px4_ros_com', 'cmake_prefix_path')
[4.547s] INFO:colcon.colcon_core.shell:Creating environment hook '/home/nic/dev/ATTACKS-SW/MotionPlanning/ros_ws/install/px4_ros_com/share/px4_ros_com/hook/cmake_prefix_path.ps1'
[4.547s] INFO:colcon.colcon_core.shell:Creating environment descriptor '/home/nic/dev/ATTACKS-SW/MotionPlanning/ros_ws/install/px4_ros_com/share/px4_ros_com/hook/cmake_prefix_path.dsv'
[4.547s] INFO:colcon.colcon_core.shell:Creating environment hook '/home/nic/dev/ATTACKS-SW/MotionPlanning/ros_ws/install/px4_ros_com/share/px4_ros_com/hook/cmake_prefix_path.sh'
[4.548s] Level 1:colcon.colcon_core.environment:checking '/home/nic/dev/ATTACKS-SW/MotionPlanning/ros_ws/install/px4_ros_com/lib'
[4.548s] Level 1:colcon.colcon_core.shell:create_environment_hook('px4_ros_com', 'ld_library_path_lib')
[4.554s] INFO:colcon.colcon_core.shell:Creating environment hook '/home/nic/dev/ATTACKS-SW/MotionPlanning/ros_ws/install/px4_ros_com/share/px4_ros_com/hook/ld_library_path_lib.ps1'
[4.554s] INFO:colcon.colcon_core.shell:Creating environment descriptor '/home/nic/dev/ATTACKS-SW/MotionPlanning/ros_ws/install/px4_ros_com/share/px4_ros_com/hook/ld_library_path_lib.dsv'
[4.554s] INFO:colcon.colcon_core.shell:Creating environment hook '/home/nic/dev/ATTACKS-SW/MotionPlanning/ros_ws/install/px4_ros_com/share/px4_ros_com/hook/ld_library_path_lib.sh'
[4.554s] Level 1:colcon.colcon_core.environment:checking '/home/nic/dev/ATTACKS-SW/MotionPlanning/ros_ws/install/px4_ros_com/bin'
[4.554s] Level 1:colcon.colcon_core.environment:checking '/home/nic/dev/ATTACKS-SW/MotionPlanning/ros_ws/install/px4_ros_com/lib/pkgconfig/px4_ros_com.pc'
[4.554s] Level 1:colcon.colcon_core.environment:checking '/home/nic/dev/ATTACKS-SW/MotionPlanning/ros_ws/install/px4_ros_com/lib/python3.10/site-packages'
[4.554s] Level 1:colcon.colcon_core.environment:checking '/home/nic/dev/ATTACKS-SW/MotionPlanning/ros_ws/install/px4_ros_com/bin'
[4.560s] INFO:colcon.colcon_core.shell:Creating package script '/home/nic/dev/ATTACKS-SW/MotionPlanning/ros_ws/install/px4_ros_com/share/px4_ros_com/package.ps1'
[4.560s] INFO:colcon.colcon_core.shell:Creating package descriptor '/home/nic/dev/ATTACKS-SW/MotionPlanning/ros_ws/install/px4_ros_com/share/px4_ros_com/package.dsv'
[4.560s] INFO:colcon.colcon_core.shell:Creating package script '/home/nic/dev/ATTACKS-SW/MotionPlanning/ros_ws/install/px4_ros_com/share/px4_ros_com/package.sh'
[4.561s] INFO:colcon.colcon_core.shell:Creating package script '/home/nic/dev/ATTACKS-SW/MotionPlanning/ros_ws/install/px4_ros_com/share/px4_ros_com/package.bash'
[4.561s] INFO:colcon.colcon_core.shell:Creating package script '/home/nic/dev/ATTACKS-SW/MotionPlanning/ros_ws/install/px4_ros_com/share/px4_ros_com/package.zsh'
[4.561s] Level 1:colcon.colcon_core.environment:create_file_with_runtime_dependencies(/home/nic/dev/ATTACKS-SW/MotionPlanning/ros_ws/install/px4_ros_com/share/colcon-core/packages/px4_ros_com)
[4.582s] Level 1:colcon.colcon_core.environment:create_environment_scripts_only(px4_ros_com)
[4.588s] Level 1:colcon.colcon_core.environment:checking '/home/nic/dev/ATTACKS-SW/MotionPlanning/ros_ws/install/px4_ros_com' for CMake module files
[4.588s] Level 1:colcon.colcon_core.environment:checking '/home/nic/dev/ATTACKS-SW/MotionPlanning/ros_ws/install/px4_ros_com' for CMake config files
[4.588s] Level 1:colcon.colcon_core.shell:create_environment_hook('px4_ros_com', 'cmake_prefix_path')
[4.594s] INFO:colcon.colcon_core.shell:Creating environment hook '/home/nic/dev/ATTACKS-SW/MotionPlanning/ros_ws/install/px4_ros_com/share/px4_ros_com/hook/cmake_prefix_path.ps1'
[4.594s] INFO:colcon.colcon_core.shell:Creating environment descriptor '/home/nic/dev/ATTACKS-SW/MotionPlanning/ros_ws/install/px4_ros_com/share/px4_ros_com/hook/cmake_prefix_path.dsv'
[4.594s] INFO:colcon.colcon_core.shell:Creating environment hook '/home/nic/dev/ATTACKS-SW/MotionPlanning/ros_ws/install/px4_ros_com/share/px4_ros_com/hook/cmake_prefix_path.sh'
[4.594s] Level 1:colcon.colcon_core.environment:checking '/home/nic/dev/ATTACKS-SW/MotionPlanning/ros_ws/install/px4_ros_com/lib'
[4.595s] Level 1:colcon.colcon_core.shell:create_environment_hook('px4_ros_com', 'ld_library_path_lib')
[4.600s] INFO:colcon.colcon_core.shell:Creating environment hook '/home/nic/dev/ATTACKS-SW/MotionPlanning/ros_ws/install/px4_ros_com/share/px4_ros_com/hook/ld_library_path_lib.ps1'
[4.600s] INFO:colcon.colcon_core.shell:Creating environment descriptor '/home/nic/dev/ATTACKS-SW/MotionPlanning/ros_ws/install/px4_ros_com/share/px4_ros_com/hook/ld_library_path_lib.dsv'
[4.600s] INFO:colcon.colcon_core.shell:Creating environment hook '/home/nic/dev/ATTACKS-SW/MotionPlanning/ros_ws/install/px4_ros_com/share/px4_ros_com/hook/ld_library_path_lib.sh'
[4.601s] Level 1:colcon.colcon_core.environment:checking '/home/nic/dev/ATTACKS-SW/MotionPlanning/ros_ws/install/px4_ros_com/bin'
[4.601s] Level 1:colcon.colcon_core.environment:checking '/home/nic/dev/ATTACKS-SW/MotionPlanning/ros_ws/install/px4_ros_com/lib/pkgconfig/px4_ros_com.pc'
[4.601s] Level 1:colcon.colcon_core.environment:checking '/home/nic/dev/ATTACKS-SW/MotionPlanning/ros_ws/install/px4_ros_com/lib/python3.10/site-packages'
[4.601s] Level 1:colcon.colcon_core.environment:checking '/home/nic/dev/ATTACKS-SW/MotionPlanning/ros_ws/install/px4_ros_com/bin'
[4.607s] INFO:colcon.colcon_core.shell:Creating package script '/home/nic/dev/ATTACKS-SW/MotionPlanning/ros_ws/install/px4_ros_com/share/px4_ros_com/package.ps1'
[4.607s] INFO:colcon.colcon_core.shell:Creating package descriptor '/home/nic/dev/ATTACKS-SW/MotionPlanning/ros_ws/install/px4_ros_com/share/px4_ros_com/package.dsv'
[4.607s] INFO:colcon.colcon_core.shell:Creating package script '/home/nic/dev/ATTACKS-SW/MotionPlanning/ros_ws/install/px4_ros_com/share/px4_ros_com/package.sh'
[4.607s] INFO:colcon.colcon_core.shell:Creating package script '/home/nic/dev/ATTACKS-SW/MotionPlanning/ros_ws/install/px4_ros_com/share/px4_ros_com/package.bash'
[4.607s] INFO:colcon.colcon_core.shell:Creating package script '/home/nic/dev/ATTACKS-SW/MotionPlanning/ros_ws/install/px4_ros_com/share/px4_ros_com/package.zsh'
[4.608s] Level 1:colcon.colcon_core.environment:create_file_with_runtime_dependencies(/home/nic/dev/ATTACKS-SW/MotionPlanning/ros_ws/install/px4_ros_com/share/colcon-core/packages/px4_ros_com)
[4.608s] DEBUG:colcon.colcon_parallel_executor.executor.parallel:closing loop
[4.608s] DEBUG:colcon.colcon_parallel_executor.executor.parallel:loop closed
[4.608s] DEBUG:colcon.colcon_parallel_executor.executor.parallel:run_until_complete finished with '0'
[4.608s] DEBUG:colcon.colcon_core.event_reactor:joining thread
[4.625s] INFO:colcon.colcon_core.plugin_system:Skipping extension 'colcon_notification.desktop_notification.notify_send': Could not find 'notify-send'
[4.625s] INFO:colcon.colcon_core.plugin_system:Skipping extension 'colcon_notification.desktop_notification.terminal_notifier': Not used on non-Darwin systems
[4.625s] INFO:colcon.colcon_core.plugin_system:Skipping extension 'colcon_notification.desktop_notification.win32': Not used on non-Windows systems
[4.625s] INFO:colcon.colcon_notification.desktop_notification:Sending desktop notification using 'notify2'
[4.626s] DEBUG:colcon.colcon_notification.desktop_notification.notify2:Failed to initialize notify2: org.freedesktop.DBus.Error.FileNotFound: Failed to connect to socket /run/user/1000/bus: No such file or directory
[4.626s] DEBUG:colcon.colcon_core.event_reactor:joined thread
[4.631s] INFO:colcon.colcon_core.shell:Creating prefix script '/home/nic/dev/ATTACKS-SW/MotionPlanning/ros_ws/install/local_setup.ps1'
[4.632s] INFO:colcon.colcon_core.shell:Creating prefix util module '/home/nic/dev/ATTACKS-SW/MotionPlanning/ros_ws/install/_local_setup_util_ps1.py'
[4.632s] INFO:colcon.colcon_core.shell:Creating prefix chain script '/home/nic/dev/ATTACKS-SW/MotionPlanning/ros_ws/install/setup.ps1'
[4.638s] INFO:colcon.colcon_core.shell:Creating prefix script '/home/nic/dev/ATTACKS-SW/MotionPlanning/ros_ws/install/local_setup.sh'
[4.638s] INFO:colcon.colcon_core.shell:Creating prefix util module '/home/nic/dev/ATTACKS-SW/MotionPlanning/ros_ws/install/_local_setup_util_sh.py'
[4.639s] INFO:colcon.colcon_core.shell:Creating prefix chain script '/home/nic/dev/ATTACKS-SW/MotionPlanning/ros_ws/install/setup.sh'
[4.645s] INFO:colcon.colcon_core.shell:Creating prefix script '/home/nic/dev/ATTACKS-SW/MotionPlanning/ros_ws/install/local_setup.bash'
[4.645s] INFO:colcon.colcon_core.shell:Creating prefix chain script '/home/nic/dev/ATTACKS-SW/MotionPlanning/ros_ws/install/setup.bash'
[4.651s] INFO:colcon.colcon_core.shell:Creating prefix script '/home/nic/dev/ATTACKS-SW/MotionPlanning/ros_ws/install/local_setup.zsh'
[4.651s] INFO:colcon.colcon_core.shell:Creating prefix chain script '/home/nic/dev/ATTACKS-SW/MotionPlanning/ros_ws/install/setup.zsh'
