[0.045s] Invoking command in '/home/nic/dev/ATTACKS-SW/MotionPlanning/ros_ws/build/px4_ros_com': CMAKE_PREFIX_PATH=/home/nic/dev/ATTACKS-SW/MotionPlanning/ros_ws/install/px4_msgs:/home/nic/dev/ATTACKS-SW/MotionPlanning/ros_ws/install/px4_ros_com:/home/nic/dev/ATTACKS-SW/MotionPlanning/ros_ws/install/gz_pkg:/opt/ros/humble LD_LIBRARY_PATH=/home/nic/dev/ATTACKS-SW/MotionPlanning/ros_ws/install/px4_msgs/lib:/home/nic/dev/ATTACKS-SW/MotionPlanning/ros_ws/install/px4_ros_com/lib:/opt/ros/humble/opt/rviz_ogre_vendor/lib:/opt/ros/humble/lib/x86_64-linux-gnu:/opt/ros/humble/lib /usr/bin/cmake --build /home/nic/dev/ATTACKS-SW/MotionPlanning/ros_ws/build/px4_ros_com -- -j32 -l32
[0.067s] [ 20%] Built target frame_transforms
[0.067s] [ 50%] Built target sensor_combined_listener
[0.067s] [ 60%] Built target vehicle_gps_position_listener
[0.067s] [ 80%] Built target debug_vect_advertiser
[0.068s] [100%] Built target offboard_control
[0.074s] Invoked command in '/home/nic/dev/ATTACKS-SW/MotionPlanning/ros_ws/build/px4_ros_com' returned '0': CMAKE_PREFIX_PATH=/home/nic/dev/ATTACKS-SW/MotionPlanning/ros_ws/install/px4_msgs:/home/nic/dev/ATTACKS-SW/MotionPlanning/ros_ws/install/px4_ros_com:/home/nic/dev/ATTACKS-SW/MotionPlanning/ros_ws/install/gz_pkg:/opt/ros/humble LD_LIBRARY_PATH=/home/nic/dev/ATTACKS-SW/MotionPlanning/ros_ws/install/px4_msgs/lib:/home/nic/dev/ATTACKS-SW/MotionPlanning/ros_ws/install/px4_ros_com/lib:/opt/ros/humble/opt/rviz_ogre_vendor/lib:/opt/ros/humble/lib/x86_64-linux-gnu:/opt/ros/humble/lib /usr/bin/cmake --build /home/nic/dev/ATTACKS-SW/MotionPlanning/ros_ws/build/px4_ros_com -- -j32 -l32
[0.090s] Invoking command in '/home/nic/dev/ATTACKS-SW/MotionPlanning/ros_ws/build/px4_ros_com': CMAKE_PREFIX_PATH=/home/nic/dev/ATTACKS-SW/MotionPlanning/ros_ws/install/px4_msgs:/home/nic/dev/ATTACKS-SW/MotionPlanning/ros_ws/install/px4_ros_com:/home/nic/dev/ATTACKS-SW/MotionPlanning/ros_ws/install/gz_pkg:/opt/ros/humble LD_LIBRARY_PATH=/home/nic/dev/ATTACKS-SW/MotionPlanning/ros_ws/install/px4_msgs/lib:/home/nic/dev/ATTACKS-SW/MotionPlanning/ros_ws/install/px4_ros_com/lib:/opt/ros/humble/opt/rviz_ogre_vendor/lib:/opt/ros/humble/lib/x86_64-linux-gnu:/opt/ros/humble/lib /usr/bin/cmake --install /home/nic/dev/ATTACKS-SW/MotionPlanning/ros_ws/build/px4_ros_com
[0.093s] -- Install configuration: ""
[0.093s] -- Execute custom install script
[0.094s] -- Up-to-date symlink: /home/nic/dev/ATTACKS-SW/MotionPlanning/ros_ws/install/px4_ros_com/lib/px4_ros_com/sensor_combined_listener
[0.094s] -- Up-to-date symlink: /home/nic/dev/ATTACKS-SW/MotionPlanning/ros_ws/install/px4_ros_com/lib/px4_ros_com/vehicle_gps_position_listener
[0.094s] -- Up-to-date symlink: /home/nic/dev/ATTACKS-SW/MotionPlanning/ros_ws/install/px4_ros_com/lib/px4_ros_com/debug_vect_advertiser
[0.094s] -- Up-to-date symlink: /home/nic/dev/ATTACKS-SW/MotionPlanning/ros_ws/install/px4_ros_com/lib/px4_ros_com/offboard_control
[0.094s] -- Up-to-date symlink: /home/nic/dev/ATTACKS-SW/MotionPlanning/ros_ws/install/px4_ros_com/share/px4_ros_com/environment/library_path.sh
[0.094s] -- Up-to-date symlink: /home/nic/dev/ATTACKS-SW/MotionPlanning/ros_ws/install/px4_ros_com/share/px4_ros_com/environment/library_path.dsv
[0.094s] -- Up-to-date symlink: /home/nic/dev/ATTACKS-SW/MotionPlanning/ros_ws/install/px4_ros_com/include/px4_ros_com/frame_transforms.h
[0.094s] -- Up-to-date symlink: /home/nic/dev/ATTACKS-SW/MotionPlanning/ros_ws/install/px4_ros_com/share/px4_ros_com//launch/offboard_control_launch.yaml
[0.094s] -- Up-to-date symlink: /home/nic/dev/ATTACKS-SW/MotionPlanning/ros_ws/install/px4_ros_com/share/px4_ros_com//launch/sensor_combined_listener.launch.py
[0.094s] -- Up-to-date symlink: /home/nic/dev/ATTACKS-SW/MotionPlanning/ros_ws/install/px4_ros_com/share/px4_ros_com//test/__init__.py
[0.095s] -- Up-to-date symlink: /home/nic/dev/ATTACKS-SW/MotionPlanning/ros_ws/install/px4_ros_com/share/px4_ros_com//test/pipeline_io_test.py
[0.095s] -- Up-to-date symlink: /home/nic/dev/ATTACKS-SW/MotionPlanning/ros_ws/install/px4_ros_com/share/px4_ros_com//test/test_input.py
[0.095s] -- Up-to-date symlink: /home/nic/dev/ATTACKS-SW/MotionPlanning/ros_ws/install/px4_ros_com/share/px4_ros_com//test/test_output.py
[0.095s] -- Up-to-date symlink: /home/nic/dev/ATTACKS-SW/MotionPlanning/ros_ws/install/px4_ros_com/share/ament_index/resource_index/package_run_dependencies/px4_ros_com
[0.095s] -- Up-to-date symlink: /home/nic/dev/ATTACKS-SW/MotionPlanning/ros_ws/install/px4_ros_com/share/ament_index/resource_index/parent_prefix_path/px4_ros_com
[0.095s] -- Up-to-date symlink: /home/nic/dev/ATTACKS-SW/MotionPlanning/ros_ws/install/px4_ros_com/share/px4_ros_com/environment/ament_prefix_path.sh
[0.095s] -- Up-to-date symlink: /home/nic/dev/ATTACKS-SW/MotionPlanning/ros_ws/install/px4_ros_com/share/px4_ros_com/environment/ament_prefix_path.dsv
[0.095s] -- Up-to-date symlink: /home/nic/dev/ATTACKS-SW/MotionPlanning/ros_ws/install/px4_ros_com/share/px4_ros_com/environment/path.sh
[0.095s] -- Up-to-date symlink: /home/nic/dev/ATTACKS-SW/MotionPlanning/ros_ws/install/px4_ros_com/share/px4_ros_com/environment/path.dsv
[0.095s] -- Up-to-date symlink: /home/nic/dev/ATTACKS-SW/MotionPlanning/ros_ws/install/px4_ros_com/share/px4_ros_com/local_setup.bash
[0.095s] -- Up-to-date symlink: /home/nic/dev/ATTACKS-SW/MotionPlanning/ros_ws/install/px4_ros_com/share/px4_ros_com/local_setup.sh
[0.095s] -- Up-to-date symlink: /home/nic/dev/ATTACKS-SW/MotionPlanning/ros_ws/install/px4_ros_com/share/px4_ros_com/local_setup.zsh
[0.095s] -- Up-to-date symlink: /home/nic/dev/ATTACKS-SW/MotionPlanning/ros_ws/install/px4_ros_com/share/px4_ros_com/local_setup.dsv
[0.095s] -- Symlinking: /home/nic/dev/ATTACKS-SW/MotionPlanning/ros_ws/install/px4_ros_com/share/px4_ros_com/package.dsv
[0.099s] -- Up-to-date symlink: /home/nic/dev/ATTACKS-SW/MotionPlanning/ros_ws/install/px4_ros_com/share/ament_index/resource_index/packages/px4_ros_com
[0.099s] -- Up-to-date symlink: /home/nic/dev/ATTACKS-SW/MotionPlanning/ros_ws/install/px4_ros_com/share/px4_ros_com/cmake/ament_cmake_export_dependencies-extras.cmake
[0.099s] -- Up-to-date symlink: /home/nic/dev/ATTACKS-SW/MotionPlanning/ros_ws/install/px4_ros_com/share/px4_ros_com/cmake/ament_cmake_export_targets-extras.cmake
[0.099s] -- Up-to-date symlink: /home/nic/dev/ATTACKS-SW/MotionPlanning/ros_ws/install/px4_ros_com/share/px4_ros_com/cmake/ament_cmake_export_include_directories-extras.cmake
[0.100s] -- Up-to-date symlink: /home/nic/dev/ATTACKS-SW/MotionPlanning/ros_ws/install/px4_ros_com/share/px4_ros_com/cmake/ament_cmake_export_libraries-extras.cmake
[0.100s] -- Up-to-date symlink: /home/nic/dev/ATTACKS-SW/MotionPlanning/ros_ws/install/px4_ros_com/share/px4_ros_com/cmake/px4_ros_comConfig.cmake
[0.100s] -- Up-to-date symlink: /home/nic/dev/ATTACKS-SW/MotionPlanning/ros_ws/install/px4_ros_com/share/px4_ros_com/cmake/px4_ros_comConfig-version.cmake
[0.100s] -- Up-to-date symlink: /home/nic/dev/ATTACKS-SW/MotionPlanning/ros_ws/install/px4_ros_com/share/px4_ros_com/package.xml
[0.100s] -- Up-to-date: /home/nic/dev/ATTACKS-SW/MotionPlanning/ros_ws/install/px4_ros_com/lib/libframe_transforms.so
[0.100s] -- Up-to-date: /home/nic/dev/ATTACKS-SW/MotionPlanning/ros_ws/install/px4_ros_com/share/px4_ros_com/cmake/export_frame_transformsExport.cmake
[0.100s] -- Up-to-date: /home/nic/dev/ATTACKS-SW/MotionPlanning/ros_ws/install/px4_ros_com/share/px4_ros_com/cmake/export_frame_transformsExport-noconfig.cmake
[0.101s] Invoked command in '/home/nic/dev/ATTACKS-SW/MotionPlanning/ros_ws/build/px4_ros_com' returned '0': CMAKE_PREFIX_PATH=/home/nic/dev/ATTACKS-SW/MotionPlanning/ros_ws/install/px4_msgs:/home/nic/dev/ATTACKS-SW/MotionPlanning/ros_ws/install/px4_ros_com:/home/nic/dev/ATTACKS-SW/MotionPlanning/ros_ws/install/gz_pkg:/opt/ros/humble LD_LIBRARY_PATH=/home/nic/dev/ATTACKS-SW/MotionPlanning/ros_ws/install/px4_msgs/lib:/home/nic/dev/ATTACKS-SW/MotionPlanning/ros_ws/install/px4_ros_com/lib:/opt/ros/humble/opt/rviz_ogre_vendor/lib:/opt/ros/humble/lib/x86_64-linux-gnu:/opt/ros/humble/lib /usr/bin/cmake --install /home/nic/dev/ATTACKS-SW/MotionPlanning/ros_ws/build/px4_ros_com
