[0.110s] Invoking command in '/home/nic/dev/ATTACKS-SW/ros_ws/build/uas_exploration_mission': AMENT_PREFIX_PATH=/home/nic/dev/ATTACKS-SW/ros_ws/install/uas_lib:/home/nic/dev/ATTACKS-SW/ros_ws/install/computer_vision:/home/nic/dev/ATTACKS-SW/ros_ws/install/px4_msgs:${AMENT_PREFIX_PATH} CMAKE_PREFIX_PATH=/home/nic/dev/ATTACKS-SW/ros_ws/install/uas_lib:/home/nic/dev/ATTACKS-SW/ros_ws/install/computer_vision:/home/nic/dev/ATTACKS-SW/ros_ws/install/px4_msgs:/opt/ros/humble LD_LIBRARY_PATH=/home/nic/dev/ATTACKS-SW/ros_ws/install/uas_lib/lib:/home/nic/dev/ATTACKS-SW/ros_ws/install/computer_vision/lib:/home/nic/dev/ATTACKS-SW/ros_ws/install/px4_msgs/lib:/home/nic/.linuxbrew/lib:/usr/lib/x86_64-linux-gnu/gazebo-11/plugins:/opt/ros/humble/opt/rviz_ogre_vendor/lib:/opt/ros/humble/lib/x86_64-linux-gnu:/opt/ros/humble/lib:/usr/lib/x86_64-linux-gnu/gazebo-11/plugins PYTHONPATH=/home/nic/dev/ATTACKS-SW/ros_ws/install/px4_msgs/local/lib/python3.10/dist-packages:${PYTHONPATH} /usr/bin/cmake /home/nic/dev/ATTACKS-SW/ros_ws/src/uas_exploration_mission -DCMAKE_INSTALL_PREFIX=/home/nic/dev/ATTACKS-SW/ros_ws/install/uas_exploration_mission
[0.177s] -- The C compiler identification is GNU 11.4.0
[0.415s] -- The CXX compiler identification is GNU 11.4.0
[0.537s] -- Detecting C compiler ABI info
[0.618s] -- Detecting C compiler ABI info - done
[0.622s] -- Check for working C compiler: /usr/bin/cc - skipped
[0.622s] -- Detecting C compile features
[0.623s] -- Detecting C compile features - done
[0.625s] -- Detecting CXX compiler ABI info
[0.720s] -- Detecting CXX compiler ABI info - done
[0.726s] -- Check for working CXX compiler: /usr/bin/c++ - skipped
[0.726s] -- Detecting CXX compile features
[0.727s] -- Detecting CXX compile features - done
[0.728s] -- Found ament_cmake: 1.3.6 (/opt/ros/humble/share/ament_cmake/cmake)
[0.990s] -- Found Python3: /usr/bin/python3.10 (found version "3.10.12") found components: Interpreter 
[1.046s] -- Found builtin_interfaces: 1.2.1 (/opt/ros/humble/share/builtin_interfaces/cmake)
[1.132s] -- Found rosidl_generator_c: 3.1.5 (/opt/ros/humble/share/rosidl_generator_c/cmake)
[1.134s] -- Found rosidl_adapter: 3.1.5 (/opt/ros/humble/share/rosidl_adapter/cmake)
[1.140s] -- Found rosidl_generator_cpp: 3.1.5 (/opt/ros/humble/share/rosidl_generator_cpp/cmake)
[1.148s] -- Using all available rosidl_typesupport_c: rosidl_typesupport_fastrtps_c;rosidl_typesupport_introspection_c
[1.161s] -- Using all available rosidl_typesupport_cpp: rosidl_typesupport_fastrtps_cpp;rosidl_typesupport_introspection_cpp
[1.176s] -- Found eigen3_cmake_module: 0.1.1 (/opt/ros/humble/share/eigen3_cmake_module/cmake)
[1.178s] -- Found Eigen3: TRUE (found version "3.4.0") 
[1.179s] -- Found geometry_msgs: 4.2.3 (/opt/ros/humble/share/geometry_msgs/cmake)
[1.253s] -- Found px4_msgs: 2.0.1 (/home/nic/dev/ATTACKS-SW/ros_ws/install/px4_msgs/share/px4_msgs/cmake)
[1.279s] -- Found rclcpp: 16.0.7 (/opt/ros/humble/share/rclcpp/cmake)
[1.318s] -- Found rmw_implementation_cmake: 6.1.1 (/opt/ros/humble/share/rmw_implementation_cmake/cmake)
[1.319s] -- Found rmw_fastrtps_cpp: 6.2.5 (/opt/ros/humble/share/rmw_fastrtps_cpp/cmake)
[1.906s] -- Found OpenSSL: /usr/lib/x86_64-linux-gnu/libcrypto.so (found version "3.0.2")  
[2.514s] -- Found FastRTPS: /opt/ros/humble/include  
[3.217s] -- Using RMW implementation 'rmw_fastrtps_cpp' as default
[3.222s] -- Looking for pthread.h
[3.288s] -- Looking for pthread.h - found
[3.288s] -- Performing Test CMAKE_HAVE_LIBC_PTHREAD
[3.355s] -- Performing Test CMAKE_HAVE_LIBC_PTHREAD - Success
[3.356s] -- Found Threads: TRUE  
[3.437s] -- Found sensor_msgs: 4.2.3 (/opt/ros/humble/share/sensor_msgs/cmake)
[3.491s] -- Found cv_bridge: 3.2.1 (/opt/ros/humble/share/cv_bridge/cmake)
[3.504s] -- Found OpenCV: /usr (found version "4.5.4") 
[3.504s] -- Found image_transport: 3.1.7 (/opt/ros/humble/share/image_transport/cmake)
[3.950s] -- Found uas_lib: 0.1.0 (/home/nic/dev/ATTACKS-SW/ros_ws/install/uas_lib/share/uas_lib/cmake)
[3.987s] -- Found computer_vision: 0.1.0 (/home/nic/dev/ATTACKS-SW/ros_ws/install/computer_vision/share/computer_vision/cmake)
[4.344s] -- Found ament_lint_auto: 0.12.9 (/opt/ros/humble/share/ament_lint_auto/cmake)
[4.409s] -- Added test 'copyright' to check source files copyright and LICENSE
[4.410s] -- Added test 'cppcheck' to perform static code analysis on C / C++ code
[4.410s] -- Configured cppcheck include dirs: /home/nic/dev/ATTACKS-SW/ros_ws/src/uas_exploration_mission/include;$<BUILD_INTERFACE:/home/nic/dev/ATTACKS-SW/ros_ws/src/uas_exploration_mission/include/uas_exploration_mission>
[4.410s] -- Configured cppcheck exclude dirs and/or files: 
[4.411s] -- Added test 'cpplint' to check C / C++ code against the Google style
[4.411s] -- Configured cpplint exclude dirs and/or files: 
[4.411s] -- Added test 'flake8' to check Python code syntax and style conventions
[4.411s] -- Added test 'lint_cmake' to check CMake code style
[4.412s] -- Added test 'pep257' to check Python code against some of the docstring style conventions in PEP 257
[4.412s] -- Added test 'uncrustify' to check C / C++ code style
[4.412s] -- Configured uncrustify additional arguments: 
[4.413s] -- Added test 'xmllint' to check XML markup files
[4.414s] -- Configuring done
[4.428s] -- Generating done
[4.429s] -- Build files have been written to: /home/nic/dev/ATTACKS-SW/ros_ws/build/uas_exploration_mission
[4.438s] Invoked command in '/home/nic/dev/ATTACKS-SW/ros_ws/build/uas_exploration_mission' returned '0': AMENT_PREFIX_PATH=/home/nic/dev/ATTACKS-SW/ros_ws/install/uas_lib:/home/nic/dev/ATTACKS-SW/ros_ws/install/computer_vision:/home/nic/dev/ATTACKS-SW/ros_ws/install/px4_msgs:${AMENT_PREFIX_PATH} CMAKE_PREFIX_PATH=/home/nic/dev/ATTACKS-SW/ros_ws/install/uas_lib:/home/nic/dev/ATTACKS-SW/ros_ws/install/computer_vision:/home/nic/dev/ATTACKS-SW/ros_ws/install/px4_msgs:/opt/ros/humble LD_LIBRARY_PATH=/home/nic/dev/ATTACKS-SW/ros_ws/install/uas_lib/lib:/home/nic/dev/ATTACKS-SW/ros_ws/install/computer_vision/lib:/home/nic/dev/ATTACKS-SW/ros_ws/install/px4_msgs/lib:/home/nic/.linuxbrew/lib:/usr/lib/x86_64-linux-gnu/gazebo-11/plugins:/opt/ros/humble/opt/rviz_ogre_vendor/lib:/opt/ros/humble/lib/x86_64-linux-gnu:/opt/ros/humble/lib:/usr/lib/x86_64-linux-gnu/gazebo-11/plugins PYTHONPATH=/home/nic/dev/ATTACKS-SW/ros_ws/install/px4_msgs/local/lib/python3.10/dist-packages:${PYTHONPATH} /usr/bin/cmake /home/nic/dev/ATTACKS-SW/ros_ws/src/uas_exploration_mission -DCMAKE_INSTALL_PREFIX=/home/nic/dev/ATTACKS-SW/ros_ws/install/uas_exploration_mission
[4.438s] Invoking command in '/home/nic/dev/ATTACKS-SW/ros_ws/build/uas_exploration_mission': AMENT_PREFIX_PATH=/home/nic/dev/ATTACKS-SW/ros_ws/install/uas_lib:/home/nic/dev/ATTACKS-SW/ros_ws/install/computer_vision:/home/nic/dev/ATTACKS-SW/ros_ws/install/px4_msgs:${AMENT_PREFIX_PATH} CMAKE_PREFIX_PATH=/home/nic/dev/ATTACKS-SW/ros_ws/install/uas_lib:/home/nic/dev/ATTACKS-SW/ros_ws/install/computer_vision:/home/nic/dev/ATTACKS-SW/ros_ws/install/px4_msgs:/opt/ros/humble LD_LIBRARY_PATH=/home/nic/dev/ATTACKS-SW/ros_ws/install/uas_lib/lib:/home/nic/dev/ATTACKS-SW/ros_ws/install/computer_vision/lib:/home/nic/dev/ATTACKS-SW/ros_ws/install/px4_msgs/lib:/home/nic/.linuxbrew/lib:/usr/lib/x86_64-linux-gnu/gazebo-11/plugins:/opt/ros/humble/opt/rviz_ogre_vendor/lib:/opt/ros/humble/lib/x86_64-linux-gnu:/opt/ros/humble/lib:/usr/lib/x86_64-linux-gnu/gazebo-11/plugins PYTHONPATH=/home/nic/dev/ATTACKS-SW/ros_ws/install/px4_msgs/local/lib/python3.10/dist-packages:${PYTHONPATH} /usr/bin/cmake --build /home/nic/dev/ATTACKS-SW/ros_ws/build/uas_exploration_mission -- -j32 -l32
[4.466s] [ 50%] [32mBuilding CXX object CMakeFiles/uas_exploration_mission.dir/src/uas_exploration_mission.cpp.o[0m
[4.467s] [ 50%] [32mBuilding CXX object CMakeFiles/frame_transforms.dir/src/lib/frame_transforms.cpp.o[0m
[9.627s] [ 75%] [32m[1mLinking CXX shared library libframe_transforms.so[0m
[9.831s] [ 75%] Built target frame_transforms
[13.756s] [100%] [32m[1mLinking CXX executable uas_exploration_mission[0m
[14.563s] [100%] Built target uas_exploration_mission
[14.571s] Invoked command in '/home/nic/dev/ATTACKS-SW/ros_ws/build/uas_exploration_mission' returned '0': AMENT_PREFIX_PATH=/home/nic/dev/ATTACKS-SW/ros_ws/install/uas_lib:/home/nic/dev/ATTACKS-SW/ros_ws/install/computer_vision:/home/nic/dev/ATTACKS-SW/ros_ws/install/px4_msgs:${AMENT_PREFIX_PATH} CMAKE_PREFIX_PATH=/home/nic/dev/ATTACKS-SW/ros_ws/install/uas_lib:/home/nic/dev/ATTACKS-SW/ros_ws/install/computer_vision:/home/nic/dev/ATTACKS-SW/ros_ws/install/px4_msgs:/opt/ros/humble LD_LIBRARY_PATH=/home/nic/dev/ATTACKS-SW/ros_ws/install/uas_lib/lib:/home/nic/dev/ATTACKS-SW/ros_ws/install/computer_vision/lib:/home/nic/dev/ATTACKS-SW/ros_ws/install/px4_msgs/lib:/home/nic/.linuxbrew/lib:/usr/lib/x86_64-linux-gnu/gazebo-11/plugins:/opt/ros/humble/opt/rviz_ogre_vendor/lib:/opt/ros/humble/lib/x86_64-linux-gnu:/opt/ros/humble/lib:/usr/lib/x86_64-linux-gnu/gazebo-11/plugins PYTHONPATH=/home/nic/dev/ATTACKS-SW/ros_ws/install/px4_msgs/local/lib/python3.10/dist-packages:${PYTHONPATH} /usr/bin/cmake --build /home/nic/dev/ATTACKS-SW/ros_ws/build/uas_exploration_mission -- -j32 -l32
[14.586s] Invoking command in '/home/nic/dev/ATTACKS-SW/ros_ws/build/uas_exploration_mission': AMENT_PREFIX_PATH=/home/nic/dev/ATTACKS-SW/ros_ws/install/uas_lib:/home/nic/dev/ATTACKS-SW/ros_ws/install/computer_vision:/home/nic/dev/ATTACKS-SW/ros_ws/install/px4_msgs:${AMENT_PREFIX_PATH} CMAKE_PREFIX_PATH=/home/nic/dev/ATTACKS-SW/ros_ws/install/uas_lib:/home/nic/dev/ATTACKS-SW/ros_ws/install/computer_vision:/home/nic/dev/ATTACKS-SW/ros_ws/install/px4_msgs:/opt/ros/humble LD_LIBRARY_PATH=/home/nic/dev/ATTACKS-SW/ros_ws/install/uas_lib/lib:/home/nic/dev/ATTACKS-SW/ros_ws/install/computer_vision/lib:/home/nic/dev/ATTACKS-SW/ros_ws/install/px4_msgs/lib:/home/nic/.linuxbrew/lib:/usr/lib/x86_64-linux-gnu/gazebo-11/plugins:/opt/ros/humble/opt/rviz_ogre_vendor/lib:/opt/ros/humble/lib/x86_64-linux-gnu:/opt/ros/humble/lib:/usr/lib/x86_64-linux-gnu/gazebo-11/plugins PYTHONPATH=/home/nic/dev/ATTACKS-SW/ros_ws/install/px4_msgs/local/lib/python3.10/dist-packages:${PYTHONPATH} /usr/bin/cmake --install /home/nic/dev/ATTACKS-SW/ros_ws/build/uas_exploration_mission
[14.591s] -- Install configuration: ""
[14.591s] -- Installing: /home/nic/dev/ATTACKS-SW/ros_ws/install/uas_exploration_mission/lib/uas_exploration_mission/uas_exploration_mission
[14.595s] -- Set runtime path of "/home/nic/dev/ATTACKS-SW/ros_ws/install/uas_exploration_mission/lib/uas_exploration_mission/uas_exploration_mission" to ""
[14.595s] -- Installing: /home/nic/dev/ATTACKS-SW/ros_ws/install/uas_exploration_mission/share/uas_exploration_mission/environment/library_path.sh
[14.595s] -- Installing: /home/nic/dev/ATTACKS-SW/ros_ws/install/uas_exploration_mission/share/uas_exploration_mission/environment/library_path.dsv
[14.595s] -- Installing: /home/nic/dev/ATTACKS-SW/ros_ws/install/uas_exploration_mission/include/uas_exploration_mission
[14.595s] -- Installing: /home/nic/dev/ATTACKS-SW/ros_ws/install/uas_exploration_mission/include/uas_exploration_mission/frame_transforms.h
[14.595s] -- Installing: /home/nic/dev/ATTACKS-SW/ros_ws/install/uas_exploration_mission/lib/libframe_transforms.so
[14.598s] -- Set runtime path of "/home/nic/dev/ATTACKS-SW/ros_ws/install/uas_exploration_mission/lib/libframe_transforms.so" to ""
[14.598s] -- Installing: /home/nic/dev/ATTACKS-SW/ros_ws/install/uas_exploration_mission/share/uas_exploration_mission//launch
[14.598s] -- Installing: /home/nic/dev/ATTACKS-SW/ros_ws/install/uas_exploration_mission/share/uas_exploration_mission//launch/uas_exploration_mission.launch.py
[14.598s] -- Installing: /home/nic/dev/ATTACKS-SW/ros_ws/install/uas_exploration_mission/share/uas_exploration_mission//test
[14.598s] -- Installing: /home/nic/dev/ATTACKS-SW/ros_ws/install/uas_exploration_mission/share/uas_exploration_mission//test/test_output.py
[14.598s] -- Installing: /home/nic/dev/ATTACKS-SW/ros_ws/install/uas_exploration_mission/share/uas_exploration_mission//test/test_input.py
[14.598s] -- Installing: /home/nic/dev/ATTACKS-SW/ros_ws/install/uas_exploration_mission/share/uas_exploration_mission//test/pipeline_io_test.py
[14.598s] -- Installing: /home/nic/dev/ATTACKS-SW/ros_ws/install/uas_exploration_mission/share/uas_exploration_mission//test/__init__.py
[14.599s] -- Installing: /home/nic/dev/ATTACKS-SW/ros_ws/install/uas_exploration_mission/share/ament_index/resource_index/package_run_dependencies/uas_exploration_mission
[14.599s] -- Installing: /home/nic/dev/ATTACKS-SW/ros_ws/install/uas_exploration_mission/share/ament_index/resource_index/parent_prefix_path/uas_exploration_mission
[14.599s] -- Installing: /home/nic/dev/ATTACKS-SW/ros_ws/install/uas_exploration_mission/share/uas_exploration_mission/environment/ament_prefix_path.sh
[14.599s] -- Installing: /home/nic/dev/ATTACKS-SW/ros_ws/install/uas_exploration_mission/share/uas_exploration_mission/environment/ament_prefix_path.dsv
[14.599s] -- Installing: /home/nic/dev/ATTACKS-SW/ros_ws/install/uas_exploration_mission/share/uas_exploration_mission/environment/path.sh
[14.599s] -- Installing: /home/nic/dev/ATTACKS-SW/ros_ws/install/uas_exploration_mission/share/uas_exploration_mission/environment/path.dsv
[14.599s] -- Installing: /home/nic/dev/ATTACKS-SW/ros_ws/install/uas_exploration_mission/share/uas_exploration_mission/local_setup.bash
[14.599s] -- Installing: /home/nic/dev/ATTACKS-SW/ros_ws/install/uas_exploration_mission/share/uas_exploration_mission/local_setup.sh
[14.599s] -- Installing: /home/nic/dev/ATTACKS-SW/ros_ws/install/uas_exploration_mission/share/uas_exploration_mission/local_setup.zsh
[14.599s] -- Installing: /home/nic/dev/ATTACKS-SW/ros_ws/install/uas_exploration_mission/share/uas_exploration_mission/local_setup.dsv
[14.600s] -- Installing: /home/nic/dev/ATTACKS-SW/ros_ws/install/uas_exploration_mission/share/uas_exploration_mission/package.dsv
[14.600s] -- Installing: /home/nic/dev/ATTACKS-SW/ros_ws/install/uas_exploration_mission/share/ament_index/resource_index/packages/uas_exploration_mission
[14.600s] -- Installing: /home/nic/dev/ATTACKS-SW/ros_ws/install/uas_exploration_mission/share/uas_exploration_mission/cmake/export_frame_transformsExport.cmake
[14.600s] -- Installing: /home/nic/dev/ATTACKS-SW/ros_ws/install/uas_exploration_mission/share/uas_exploration_mission/cmake/export_frame_transformsExport-noconfig.cmake
[14.600s] -- Installing: /home/nic/dev/ATTACKS-SW/ros_ws/install/uas_exploration_mission/share/uas_exploration_mission/cmake/ament_cmake_export_dependencies-extras.cmake
[14.600s] -- Installing: /home/nic/dev/ATTACKS-SW/ros_ws/install/uas_exploration_mission/share/uas_exploration_mission/cmake/ament_cmake_export_targets-extras.cmake
[14.600s] -- Installing: /home/nic/dev/ATTACKS-SW/ros_ws/install/uas_exploration_mission/share/uas_exploration_mission/cmake/ament_cmake_export_include_directories-extras.cmake
[14.600s] -- Installing: /home/nic/dev/ATTACKS-SW/ros_ws/install/uas_exploration_mission/share/uas_exploration_mission/cmake/ament_cmake_export_libraries-extras.cmake
[14.600s] -- Installing: /home/nic/dev/ATTACKS-SW/ros_ws/install/uas_exploration_mission/share/uas_exploration_mission/cmake/uas_exploration_missionConfig.cmake
[14.601s] -- Installing: /home/nic/dev/ATTACKS-SW/ros_ws/install/uas_exploration_mission/share/uas_exploration_mission/cmake/uas_exploration_missionConfig-version.cmake
[14.601s] -- Installing: /home/nic/dev/ATTACKS-SW/ros_ws/install/uas_exploration_mission/share/uas_exploration_mission/package.xml
[14.602s] Invoked command in '/home/nic/dev/ATTACKS-SW/ros_ws/build/uas_exploration_mission' returned '0': AMENT_PREFIX_PATH=/home/nic/dev/ATTACKS-SW/ros_ws/install/uas_lib:/home/nic/dev/ATTACKS-SW/ros_ws/install/computer_vision:/home/nic/dev/ATTACKS-SW/ros_ws/install/px4_msgs:${AMENT_PREFIX_PATH} CMAKE_PREFIX_PATH=/home/nic/dev/ATTACKS-SW/ros_ws/install/uas_lib:/home/nic/dev/ATTACKS-SW/ros_ws/install/computer_vision:/home/nic/dev/ATTACKS-SW/ros_ws/install/px4_msgs:/opt/ros/humble LD_LIBRARY_PATH=/home/nic/dev/ATTACKS-SW/ros_ws/install/uas_lib/lib:/home/nic/dev/ATTACKS-SW/ros_ws/install/computer_vision/lib:/home/nic/dev/ATTACKS-SW/ros_ws/install/px4_msgs/lib:/home/nic/.linuxbrew/lib:/usr/lib/x86_64-linux-gnu/gazebo-11/plugins:/opt/ros/humble/opt/rviz_ogre_vendor/lib:/opt/ros/humble/lib/x86_64-linux-gnu:/opt/ros/humble/lib:/usr/lib/x86_64-linux-gnu/gazebo-11/plugins PYTHONPATH=/home/nic/dev/ATTACKS-SW/ros_ws/install/px4_msgs/local/lib/python3.10/dist-packages:${PYTHONPATH} /usr/bin/cmake --install /home/nic/dev/ATTACKS-SW/ros_ws/build/uas_exploration_mission
