[0.054s] Invoking command in '/home/nic/dev/ATTACKS-SW/ros_ws/build/px4_ros_com': AMENT_PREFIX_PATH=/home/nic/dev/ATTACKS-SW/ros_ws/install/px4_msgs:${AMENT_PREFIX_PATH} CMAKE_PREFIX_PATH=/home/nic/dev/ATTACKS-SW/ros_ws/install/px4_msgs:/opt/ros/humble LD_LIBRARY_PATH=/home/nic/dev/ATTACKS-SW/ros_ws/install/px4_msgs/lib:/home/nic/.linuxbrew/lib:/usr/lib/x86_64-linux-gnu/gazebo-11/plugins:/opt/ros/humble/opt/rviz_ogre_vendor/lib:/opt/ros/humble/lib/x86_64-linux-gnu:/opt/ros/humble/lib:/usr/lib/x86_64-linux-gnu/gazebo-11/plugins PYTHONPATH=/home/nic/dev/ATTACKS-SW/ros_ws/install/px4_msgs/local/lib/python3.10/dist-packages:${PYTHONPATH} /usr/bin/cmake /home/nic/dev/ATTACKS-SW/ros_ws/src/px4_ros_com -DCMAKE_INSTALL_PREFIX=/home/nic/dev/ATTACKS-SW/ros_ws/install/px4_ros_com
[0.115s] -- The C compiler identification is GNU 11.4.0
[0.342s] -- The CXX compiler identification is GNU 11.4.0
[0.436s] -- Detecting C compiler ABI info
[0.491s] -- Detecting C compiler ABI info - done
[0.496s] -- Check for working C compiler: /usr/bin/cc - skipped
[0.496s] -- Detecting C compile features
[0.496s] -- Detecting C compile features - done
[0.498s] -- Detecting CXX compiler ABI info
[0.570s] -- Detecting CXX compiler ABI info - done
[0.575s] -- Check for working CXX compiler: /usr/bin/c++ - skipped
[0.575s] -- Detecting CXX compile features
[0.575s] -- Detecting CXX compile features - done
[0.577s] -- Found ament_cmake: 1.3.6 (/opt/ros/humble/share/ament_cmake/cmake)
[0.808s] -- Found Python3: /usr/bin/python3.10 (found version "3.10.12") found components: Interpreter 
[0.860s] -- Found builtin_interfaces: 1.2.1 (/opt/ros/humble/share/builtin_interfaces/cmake)
[0.930s] -- Found rosidl_generator_c: 3.1.5 (/opt/ros/humble/share/rosidl_generator_c/cmake)
[0.933s] -- Found rosidl_adapter: 3.1.5 (/opt/ros/humble/share/rosidl_adapter/cmake)
[0.937s] -- Found rosidl_generator_cpp: 3.1.5 (/opt/ros/humble/share/rosidl_generator_cpp/cmake)
[0.945s] -- Using all available rosidl_typesupport_c: rosidl_typesupport_fastrtps_c;rosidl_typesupport_introspection_c
[0.957s] -- Using all available rosidl_typesupport_cpp: rosidl_typesupport_fastrtps_cpp;rosidl_typesupport_introspection_cpp
[0.969s] -- Found eigen3_cmake_module: 0.1.1 (/opt/ros/humble/share/eigen3_cmake_module/cmake)
[0.973s] -- Found Eigen3: TRUE (found version "3.4.0") 
[0.975s] -- Found geometry_msgs: 4.2.3 (/opt/ros/humble/share/geometry_msgs/cmake)
[1.055s] -- Found px4_msgs: 2.0.1 (/home/nic/dev/ATTACKS-SW/ros_ws/install/px4_msgs/share/px4_msgs/cmake)
[1.080s] -- Found rclcpp: 16.0.7 (/opt/ros/humble/share/rclcpp/cmake)
[1.137s] -- Found rmw_implementation_cmake: 6.1.1 (/opt/ros/humble/share/rmw_implementation_cmake/cmake)
[1.140s] -- Found rmw_fastrtps_cpp: 6.2.5 (/opt/ros/humble/share/rmw_fastrtps_cpp/cmake)
[1.549s] -- Found OpenSSL: /usr/lib/x86_64-linux-gnu/libcrypto.so (found version "3.0.2")  
[1.881s] -- Found FastRTPS: /opt/ros/humble/include  
[2.990s] -- Using RMW implementation 'rmw_fastrtps_cpp' as default
[2.995s] -- Looking for pthread.h
[3.055s] -- Looking for pthread.h - found
[3.055s] -- Performing Test CMAKE_HAVE_LIBC_PTHREAD
[3.126s] -- Performing Test CMAKE_HAVE_LIBC_PTHREAD - Success
[3.126s] -- Found Threads: TRUE  
[3.214s] -- Found sensor_msgs: 4.2.3 (/opt/ros/humble/share/sensor_msgs/cmake)
[3.271s] -- Found ament_lint_auto: 0.12.9 (/opt/ros/humble/share/ament_lint_auto/cmake)
[3.342s] -- Added test 'copyright' to check source files copyright and LICENSE
[3.343s] -- Added test 'cppcheck' to perform static code analysis on C / C++ code
[3.343s] -- Configured cppcheck include dirs: /home/nic/dev/ATTACKS-SW/ros_ws/src/px4_ros_com/include;$<BUILD_INTERFACE:/home/nic/dev/ATTACKS-SW/ros_ws/src/px4_ros_com/include/px4_ros_com>
[3.343s] -- Configured cppcheck exclude dirs and/or files: 
[3.344s] -- Added test 'cpplint' to check C / C++ code against the Google style
[3.344s] -- Configured cpplint exclude dirs and/or files: 
[3.345s] -- Added test 'flake8' to check Python code syntax and style conventions
[3.345s] -- Added test 'lint_cmake' to check CMake code style
[3.345s] -- Added test 'pep257' to check Python code against some of the docstring style conventions in PEP 257
[3.346s] -- Added test 'uncrustify' to check C / C++ code style
[3.346s] -- Configured uncrustify additional arguments: 
[3.347s] -- Added test 'xmllint' to check XML markup files
[3.348s] -- Configuring done
[3.362s] -- Generating done
[3.363s] -- Build files have been written to: /home/nic/dev/ATTACKS-SW/ros_ws/build/px4_ros_com
[3.371s] Invoked command in '/home/nic/dev/ATTACKS-SW/ros_ws/build/px4_ros_com' returned '0': AMENT_PREFIX_PATH=/home/nic/dev/ATTACKS-SW/ros_ws/install/px4_msgs:${AMENT_PREFIX_PATH} CMAKE_PREFIX_PATH=/home/nic/dev/ATTACKS-SW/ros_ws/install/px4_msgs:/opt/ros/humble LD_LIBRARY_PATH=/home/nic/dev/ATTACKS-SW/ros_ws/install/px4_msgs/lib:/home/nic/.linuxbrew/lib:/usr/lib/x86_64-linux-gnu/gazebo-11/plugins:/opt/ros/humble/opt/rviz_ogre_vendor/lib:/opt/ros/humble/lib/x86_64-linux-gnu:/opt/ros/humble/lib:/usr/lib/x86_64-linux-gnu/gazebo-11/plugins PYTHONPATH=/home/nic/dev/ATTACKS-SW/ros_ws/install/px4_msgs/local/lib/python3.10/dist-packages:${PYTHONPATH} /usr/bin/cmake /home/nic/dev/ATTACKS-SW/ros_ws/src/px4_ros_com -DCMAKE_INSTALL_PREFIX=/home/nic/dev/ATTACKS-SW/ros_ws/install/px4_ros_com
[3.373s] Invoking command in '/home/nic/dev/ATTACKS-SW/ros_ws/build/px4_ros_com': AMENT_PREFIX_PATH=/home/nic/dev/ATTACKS-SW/ros_ws/install/px4_msgs:${AMENT_PREFIX_PATH} CMAKE_PREFIX_PATH=/home/nic/dev/ATTACKS-SW/ros_ws/install/px4_msgs:/opt/ros/humble LD_LIBRARY_PATH=/home/nic/dev/ATTACKS-SW/ros_ws/install/px4_msgs/lib:/home/nic/.linuxbrew/lib:/usr/lib/x86_64-linux-gnu/gazebo-11/plugins:/opt/ros/humble/opt/rviz_ogre_vendor/lib:/opt/ros/humble/lib/x86_64-linux-gnu:/opt/ros/humble/lib:/usr/lib/x86_64-linux-gnu/gazebo-11/plugins PYTHONPATH=/home/nic/dev/ATTACKS-SW/ros_ws/install/px4_msgs/local/lib/python3.10/dist-packages:${PYTHONPATH} /usr/bin/cmake --build /home/nic/dev/ATTACKS-SW/ros_ws/build/px4_ros_com -- -j32 -l32
[3.398s] [ 10%] [32mBuilding CXX object CMakeFiles/frame_transforms.dir/src/lib/frame_transforms.cpp.o[0m
[3.398s] [ 20%] [32mBuilding CXX object CMakeFiles/vehicle_gps_position_listener.dir/src/examples/listeners/vehicle_gps_position_listener.cpp.o[0m
[3.398s] [ 40%] [32mBuilding CXX object CMakeFiles/sensor_combined_listener.dir/src/examples/listeners/sensor_combined_listener.cpp.o[0m
[3.399s] [ 40%] [32mBuilding CXX object CMakeFiles/debug_vect_advertiser.dir/src/examples/advertisers/debug_vect_advertiser.cpp.o[0m
[3.399s] [ 50%] [32mBuilding CXX object CMakeFiles/offboard_control.dir/src/examples/offboard/offboard_control.cpp.o[0m
[7.645s] [ 60%] [32m[1mLinking CXX executable debug_vect_advertiser[0m
[7.855s] [ 60%] Built target debug_vect_advertiser
[8.464s] [ 70%] [32m[1mLinking CXX executable offboard_control[0m
[8.696s] [ 70%] Built target offboard_control
[10.028s] [ 80%] [32m[1mLinking CXX shared library libframe_transforms.so[0m
[10.278s] [ 80%] Built target frame_transforms
[10.894s] [ 90%] [32m[1mLinking CXX executable sensor_combined_listener[0m
[11.083s] [100%] [32m[1mLinking CXX executable vehicle_gps_position_listener[0m
[11.216s] [100%] Built target sensor_combined_listener
[11.384s] [100%] Built target vehicle_gps_position_listener
[11.392s] Invoked command in '/home/nic/dev/ATTACKS-SW/ros_ws/build/px4_ros_com' returned '0': AMENT_PREFIX_PATH=/home/nic/dev/ATTACKS-SW/ros_ws/install/px4_msgs:${AMENT_PREFIX_PATH} CMAKE_PREFIX_PATH=/home/nic/dev/ATTACKS-SW/ros_ws/install/px4_msgs:/opt/ros/humble LD_LIBRARY_PATH=/home/nic/dev/ATTACKS-SW/ros_ws/install/px4_msgs/lib:/home/nic/.linuxbrew/lib:/usr/lib/x86_64-linux-gnu/gazebo-11/plugins:/opt/ros/humble/opt/rviz_ogre_vendor/lib:/opt/ros/humble/lib/x86_64-linux-gnu:/opt/ros/humble/lib:/usr/lib/x86_64-linux-gnu/gazebo-11/plugins PYTHONPATH=/home/nic/dev/ATTACKS-SW/ros_ws/install/px4_msgs/local/lib/python3.10/dist-packages:${PYTHONPATH} /usr/bin/cmake --build /home/nic/dev/ATTACKS-SW/ros_ws/build/px4_ros_com -- -j32 -l32
[11.416s] Invoking command in '/home/nic/dev/ATTACKS-SW/ros_ws/build/px4_ros_com': AMENT_PREFIX_PATH=/home/nic/dev/ATTACKS-SW/ros_ws/install/px4_msgs:${AMENT_PREFIX_PATH} CMAKE_PREFIX_PATH=/home/nic/dev/ATTACKS-SW/ros_ws/install/px4_msgs:/opt/ros/humble LD_LIBRARY_PATH=/home/nic/dev/ATTACKS-SW/ros_ws/install/px4_msgs/lib:/home/nic/.linuxbrew/lib:/usr/lib/x86_64-linux-gnu/gazebo-11/plugins:/opt/ros/humble/opt/rviz_ogre_vendor/lib:/opt/ros/humble/lib/x86_64-linux-gnu:/opt/ros/humble/lib:/usr/lib/x86_64-linux-gnu/gazebo-11/plugins PYTHONPATH=/home/nic/dev/ATTACKS-SW/ros_ws/install/px4_msgs/local/lib/python3.10/dist-packages:${PYTHONPATH} /usr/bin/cmake --install /home/nic/dev/ATTACKS-SW/ros_ws/build/px4_ros_com
[11.421s] -- Install configuration: ""
[11.421s] -- Installing: /home/nic/dev/ATTACKS-SW/ros_ws/install/px4_ros_com/lib/px4_ros_com/sensor_combined_listener
[11.424s] -- Set runtime path of "/home/nic/dev/ATTACKS-SW/ros_ws/install/px4_ros_com/lib/px4_ros_com/sensor_combined_listener" to ""
[11.424s] -- Installing: /home/nic/dev/ATTACKS-SW/ros_ws/install/px4_ros_com/lib/px4_ros_com/vehicle_gps_position_listener
[11.427s] -- Set runtime path of "/home/nic/dev/ATTACKS-SW/ros_ws/install/px4_ros_com/lib/px4_ros_com/vehicle_gps_position_listener" to ""
[11.427s] -- Installing: /home/nic/dev/ATTACKS-SW/ros_ws/install/px4_ros_com/lib/px4_ros_com/debug_vect_advertiser
[11.428s] -- Set runtime path of "/home/nic/dev/ATTACKS-SW/ros_ws/install/px4_ros_com/lib/px4_ros_com/debug_vect_advertiser" to ""
[11.428s] -- Installing: /home/nic/dev/ATTACKS-SW/ros_ws/install/px4_ros_com/lib/px4_ros_com/offboard_control
[11.429s] -- Set runtime path of "/home/nic/dev/ATTACKS-SW/ros_ws/install/px4_ros_com/lib/px4_ros_com/offboard_control" to ""
[11.429s] -- Installing: /home/nic/dev/ATTACKS-SW/ros_ws/install/px4_ros_com/share/px4_ros_com/environment/library_path.sh
[11.430s] -- Installing: /home/nic/dev/ATTACKS-SW/ros_ws/install/px4_ros_com/share/px4_ros_com/environment/library_path.dsv
[11.430s] -- Installing: /home/nic/dev/ATTACKS-SW/ros_ws/install/px4_ros_com/include/px4_ros_com
[11.430s] -- Installing: /home/nic/dev/ATTACKS-SW/ros_ws/install/px4_ros_com/include/px4_ros_com/frame_transforms.h
[11.430s] -- Installing: /home/nic/dev/ATTACKS-SW/ros_ws/install/px4_ros_com/lib/libframe_transforms.so
[11.432s] -- Set runtime path of "/home/nic/dev/ATTACKS-SW/ros_ws/install/px4_ros_com/lib/libframe_transforms.so" to ""
[11.432s] -- Installing: /home/nic/dev/ATTACKS-SW/ros_ws/install/px4_ros_com/share/px4_ros_com//launch
[11.432s] -- Installing: /home/nic/dev/ATTACKS-SW/ros_ws/install/px4_ros_com/share/px4_ros_com//launch/offboard_control_launch.yaml
[11.433s] -- Installing: /home/nic/dev/ATTACKS-SW/ros_ws/install/px4_ros_com/share/px4_ros_com//launch/sensor_combined_listener.launch.py
[11.433s] -- Installing: /home/nic/dev/ATTACKS-SW/ros_ws/install/px4_ros_com/share/px4_ros_com//test
[11.433s] -- Installing: /home/nic/dev/ATTACKS-SW/ros_ws/install/px4_ros_com/share/px4_ros_com//test/test_output.py
[11.433s] -- Installing: /home/nic/dev/ATTACKS-SW/ros_ws/install/px4_ros_com/share/px4_ros_com//test/test_input.py
[11.433s] -- Installing: /home/nic/dev/ATTACKS-SW/ros_ws/install/px4_ros_com/share/px4_ros_com//test/pipeline_io_test.py
[11.433s] -- Installing: /home/nic/dev/ATTACKS-SW/ros_ws/install/px4_ros_com/share/px4_ros_com//test/__init__.py
[11.433s] -- Installing: /home/nic/dev/ATTACKS-SW/ros_ws/install/px4_ros_com/share/ament_index/resource_index/package_run_dependencies/px4_ros_com
[11.433s] -- Installing: /home/nic/dev/ATTACKS-SW/ros_ws/install/px4_ros_com/share/ament_index/resource_index/parent_prefix_path/px4_ros_com
[11.433s] -- Installing: /home/nic/dev/ATTACKS-SW/ros_ws/install/px4_ros_com/share/px4_ros_com/environment/ament_prefix_path.sh
[11.433s] -- Installing: /home/nic/dev/ATTACKS-SW/ros_ws/install/px4_ros_com/share/px4_ros_com/environment/ament_prefix_path.dsv
[11.434s] -- Installing: /home/nic/dev/ATTACKS-SW/ros_ws/install/px4_ros_com/share/px4_ros_com/environment/path.sh
[11.434s] -- Installing: /home/nic/dev/ATTACKS-SW/ros_ws/install/px4_ros_com/share/px4_ros_com/environment/path.dsv
[11.434s] -- Installing: /home/nic/dev/ATTACKS-SW/ros_ws/install/px4_ros_com/share/px4_ros_com/local_setup.bash
[11.434s] -- Installing: /home/nic/dev/ATTACKS-SW/ros_ws/install/px4_ros_com/share/px4_ros_com/local_setup.sh
[11.434s] -- Installing: /home/nic/dev/ATTACKS-SW/ros_ws/install/px4_ros_com/share/px4_ros_com/local_setup.zsh
[11.434s] -- Installing: /home/nic/dev/ATTACKS-SW/ros_ws/install/px4_ros_com/share/px4_ros_com/local_setup.dsv
[11.434s] -- Installing: /home/nic/dev/ATTACKS-SW/ros_ws/install/px4_ros_com/share/px4_ros_com/package.dsv
[11.435s] -- Installing: /home/nic/dev/ATTACKS-SW/ros_ws/install/px4_ros_com/share/ament_index/resource_index/packages/px4_ros_com
[11.435s] -- Installing: /home/nic/dev/ATTACKS-SW/ros_ws/install/px4_ros_com/share/px4_ros_com/cmake/export_frame_transformsExport.cmake
[11.435s] -- Installing: /home/nic/dev/ATTACKS-SW/ros_ws/install/px4_ros_com/share/px4_ros_com/cmake/export_frame_transformsExport-noconfig.cmake
[11.435s] -- Installing: /home/nic/dev/ATTACKS-SW/ros_ws/install/px4_ros_com/share/px4_ros_com/cmake/ament_cmake_export_dependencies-extras.cmake
[11.435s] -- Installing: /home/nic/dev/ATTACKS-SW/ros_ws/install/px4_ros_com/share/px4_ros_com/cmake/ament_cmake_export_targets-extras.cmake
[11.435s] -- Installing: /home/nic/dev/ATTACKS-SW/ros_ws/install/px4_ros_com/share/px4_ros_com/cmake/ament_cmake_export_include_directories-extras.cmake
[11.435s] -- Installing: /home/nic/dev/ATTACKS-SW/ros_ws/install/px4_ros_com/share/px4_ros_com/cmake/ament_cmake_export_libraries-extras.cmake
[11.435s] -- Installing: /home/nic/dev/ATTACKS-SW/ros_ws/install/px4_ros_com/share/px4_ros_com/cmake/px4_ros_comConfig.cmake
[11.435s] -- Installing: /home/nic/dev/ATTACKS-SW/ros_ws/install/px4_ros_com/share/px4_ros_com/cmake/px4_ros_comConfig-version.cmake
[11.435s] -- Installing: /home/nic/dev/ATTACKS-SW/ros_ws/install/px4_ros_com/share/px4_ros_com/package.xml
[11.437s] Invoked command in '/home/nic/dev/ATTACKS-SW/ros_ws/build/px4_ros_com' returned '0': AMENT_PREFIX_PATH=/home/nic/dev/ATTACKS-SW/ros_ws/install/px4_msgs:${AMENT_PREFIX_PATH} CMAKE_PREFIX_PATH=/home/nic/dev/ATTACKS-SW/ros_ws/install/px4_msgs:/opt/ros/humble LD_LIBRARY_PATH=/home/nic/dev/ATTACKS-SW/ros_ws/install/px4_msgs/lib:/home/nic/.linuxbrew/lib:/usr/lib/x86_64-linux-gnu/gazebo-11/plugins:/opt/ros/humble/opt/rviz_ogre_vendor/lib:/opt/ros/humble/lib/x86_64-linux-gnu:/opt/ros/humble/lib:/usr/lib/x86_64-linux-gnu/gazebo-11/plugins PYTHONPATH=/home/nic/dev/ATTACKS-SW/ros_ws/install/px4_msgs/local/lib/python3.10/dist-packages:${PYTHONPATH} /usr/bin/cmake --install /home/nic/dev/ATTACKS-SW/ros_ws/build/px4_ros_com
